2023-11-17 12:21:49,131 [INFO] Activator:176 - 


2023-11-17 12:21:49,138 [INFO] Activator:177 - !SESSION log4j initialized
2023-11-17 12:21:56,979 [INFO] LogOutputStream:77 - [STDOUT_REDIRECT] 
2023-11-17 12:21:59,215 [INFO] ApplicationProperties:184 - Using Application install path: C:\ST\STM32CubeIDE_1.13.0\STM32CubeIDE\plugins\com.st.stm32cube.common.mx_6.9.2.202309101412
2023-11-17 12:21:59,246 [INFO] DbMcusXml:78 - Set database path to: C:\ST\STM32CubeIDE_1.13.0\STM32CubeIDE\plugins\com.st.stm32cube.common.mx_6.9.2.202309101412\\db\/mcu/
2023-11-17 12:21:59,246 [INFO] ApiDb:274 - Set plugin database path to: C:\ST\STM32CubeIDE_1.13.0\STM32CubeIDE\plugins\com.st.stm32cube.common.mx_6.9.2.202309101412\\db\/plugins/boardmanager/
2023-11-17 12:21:59,247 [WARN] ApiDb:259 - Overriding images path with different value:  => C:\ST\STM32CubeIDE_1.13.0\STM32CubeIDE\plugins\com.st.stm32cube.common.mx_6.9.2.202309101412\\db\/plugins/mcufinder/images/
2023-11-17 12:21:59,270 [INFO] ApiDb:250 - Set database path to: C:\Users\98919\.stmcufinder\plugins\mcufinder//mcu/
2023-11-17 12:21:59,272 [INFO] DbMcusAds:125 - Set database path to: C:\Users\98919\.stmcufinder\plugins\mcufinder//mcu/
2023-11-17 12:21:59,276 [INFO] CrossReferenceDbSqlite:203 - Set database path to: C:\Users\98919\.stmcufinder\plugins\mcufinder//mcu/cs/
2023-11-17 12:21:59,442 [INFO] RulesReader:64 - Compatibility file has been processed (293 Rules)
2023-11-17 12:21:59,573 [INFO] DbMcusXml:78 - Set database path to: C:\ST\STM32CubeIDE_1.13.0\STM32CubeIDE\plugins\com.st.stm32cube.common.mx_6.9.2.202309101412\\db\/mcu/
2023-11-17 12:21:59,573 [INFO] ApiDb:274 - Set plugin database path to: C:\ST\STM32CubeIDE_1.13.0\STM32CubeIDE\plugins\com.st.stm32cube.common.mx_6.9.2.202309101412\\db\/plugins/boardmanager/
2023-11-17 12:21:59,574 [INFO] ApiDb:261 - Set plugin images path to: C:\ST\STM32CubeIDE_1.13.0\STM32CubeIDE\plugins\com.st.stm32cube.common.mx_6.9.2.202309101412\\db\/plugins/mcufinder/images/
2023-11-17 12:21:59,574 [WARN] DbFile:41 - Overriding database path with different value: C:\Users\98919\.stmcufinder\plugins\mcufinder/ => C:\Users\98919\.stmcufinder\plugins\mcufinder
2023-11-17 12:21:59,574 [INFO] ApiDb:250 - Set database path to: C:\Users\98919\.stmcufinder\plugins\mcufinder//mcu/
2023-11-17 12:21:59,574 [WARN] DbFile:41 - Overriding database path with different value: C:\Users\98919\.stmcufinder\plugins\mcufinder/ => C:\Users\98919\.stmcufinder\plugins\mcufinder
2023-11-17 12:21:59,574 [INFO] DbMcusAds:125 - Set database path to: C:\Users\98919\.stmcufinder\plugins\mcufinder//mcu/
2023-11-17 12:21:59,575 [WARN] DbFile:41 - Overriding database path with different value: C:\Users\98919\.stmcufinder\plugins\mcufinder/ => C:\Users\98919\.stmcufinder\plugins\mcufinder
2023-11-17 12:21:59,575 [WARN] DbFile:41 - Overriding database path with different value: C:\Users\98919\.stmcufinder\plugins\mcufinder/ => C:\Users\98919\.stmcufinder\plugins\mcufinder
2023-11-17 12:21:59,575 [INFO] CrossReferenceDbSqlite:203 - Set database path to: C:\Users\98919\.stmcufinder\plugins\mcufinder//mcu/cs/
2023-11-17 12:21:59,680 [INFO] MainPanel:262 - HeapMemory: 268435456
2023-11-17 12:21:59,810 [INFO] DbMcusXml:78 - Set database path to: C:\ST\STM32CubeIDE_1.13.0\STM32CubeIDE\plugins\com.st.stm32cube.common.mx_6.9.2.202309101412\\db\/mcu/
2023-11-17 12:21:59,810 [INFO] ApiDb:274 - Set plugin database path to: C:\ST\STM32CubeIDE_1.13.0\STM32CubeIDE\plugins\com.st.stm32cube.common.mx_6.9.2.202309101412\\db\/plugins/boardmanager/
2023-11-17 12:21:59,811 [INFO] ApiDb:261 - Set plugin images path to: C:\ST\STM32CubeIDE_1.13.0\STM32CubeIDE\plugins\com.st.stm32cube.common.mx_6.9.2.202309101412\\db\/plugins/mcufinder/images/
2023-11-17 12:21:59,811 [WARN] DbFile:41 - Overriding database path with different value: C:\Users\98919\.stmcufinder\plugins\mcufinder/ => C:\Users\98919\.stmcufinder\plugins\mcufinder
2023-11-17 12:21:59,811 [INFO] ApiDb:250 - Set database path to: C:\Users\98919\.stmcufinder\plugins\mcufinder//mcu/
2023-11-17 12:21:59,811 [WARN] DbFile:41 - Overriding database path with different value: C:\Users\98919\.stmcufinder\plugins\mcufinder/ => C:\Users\98919\.stmcufinder\plugins\mcufinder
2023-11-17 12:21:59,812 [INFO] DbMcusAds:125 - Set database path to: C:\Users\98919\.stmcufinder\plugins\mcufinder//mcu/
2023-11-17 12:21:59,812 [WARN] DbFile:41 - Overriding database path with different value: C:\Users\98919\.stmcufinder\plugins\mcufinder/ => C:\Users\98919\.stmcufinder\plugins\mcufinder
2023-11-17 12:21:59,812 [WARN] DbFile:41 - Overriding database path with different value: C:\Users\98919\.stmcufinder\plugins\mcufinder/ => C:\Users\98919\.stmcufinder\plugins\mcufinder
2023-11-17 12:21:59,812 [INFO] CrossReferenceDbSqlite:203 - Set database path to: C:\Users\98919\.stmcufinder\plugins\mcufinder//mcu/cs/
2023-11-17 12:21:59,838 [INFO] ApplicationProperties:184 - Using Application install path: C:\ST\STM32CubeIDE_1.13.0\STM32CubeIDE\plugins\com.st.stm32cube.common.mx_6.9.2.202309101412
2023-11-17 12:21:59,840 [INFO] PluginManage:196 - Search for loadable plugins [exclusion list=, ]
2023-11-17 12:21:59,842 [INFO] PluginManage:310 - Check plugin analytics
2023-11-17 12:22:00,080 [INFO] AnalyticsPlugin:253 - Accepted Software Licenses: 
2023-11-17 12:22:00,081 [INFO] AnalyticsPlugin:255 - Accepted CMSIS Pack Licenses: 
2023-11-17 12:22:00,081 [INFO] AnalyticsPlugin:257 - Accepted Firmware Licenses: FW.F4.1.27.0
2023-11-17 12:22:00,085 [INFO] PluginManage:359 - Loaded plugin analytics (category:tool,tabindex:-1)
2023-11-17 12:22:00,086 [INFO] PluginManage:310 - Check plugin cadmodel
2023-11-17 12:22:00,107 [INFO] CADModel:105 - Init CAD model plugin
2023-11-17 12:22:00,107 [INFO] PluginManage:359 - Loaded plugin cadmodel (category:power,tabindex:5)
2023-11-17 12:22:00,108 [INFO] PluginManage:310 - Check plugin clock
2023-11-17 12:22:00,133 [INFO] PluginManage:359 - Loaded plugin clock (category:base,tabindex:2)
2023-11-17 12:22:00,134 [INFO] PluginManage:310 - Check plugin ddr
2023-11-17 12:22:00,137 [INFO] PluginManage:359 - Loaded plugin ddr (category:tool,tabindex:6)
2023-11-17 12:22:00,137 [INFO] PluginManage:310 - Check plugin filemanager
2023-11-17 12:22:00,320 [INFO] PluginManage:359 - Loaded plugin filemanager (category:base,tabindex:10)
2023-11-17 12:22:00,320 [INFO] PluginManage:310 - Check plugin ipmanager
2023-11-17 12:22:00,331 [INFO] PluginManage:359 - Loaded plugin ipmanager (category:base,tabindex:5)
2023-11-17 12:22:00,332 [INFO] PluginManage:310 - Check plugin lpbam
2023-11-17 12:22:00,353 [INFO] PluginManage:359 - Loaded plugin lpbam (category:base,tabindex:0)
2023-11-17 12:22:00,353 [INFO] PluginManage:310 - Check plugin memorymap
2023-11-17 12:22:00,390 [INFO] PluginManage:359 - Loaded plugin memorymap (category:base,tabindex:4)
2023-11-17 12:22:00,391 [INFO] PluginManage:310 - Check plugin pinoutandconfiguration
2023-11-17 12:22:00,418 [INFO] PluginManage:359 - Loaded plugin pinoutandconfiguration (category:base,tabindex:1)
2023-11-17 12:22:00,418 [INFO] PluginManage:310 - Check plugin pinoutconfig
2023-11-17 12:22:00,595 [WARN] SupportedApi:132 - Cannot load RTOS API schema: s4s-elt-must-match.1: The content of 'definitions' must match (annotation?, (simpleType | complexType)?, (unique | key | keyref)*)). A problem was found starting at: attribute.
2023-11-17 12:22:00,798 [INFO] PluginManage:359 - Loaded plugin pinoutconfig (category:base,tabindex:0)
2023-11-17 12:22:00,798 [INFO] PluginManage:310 - Check plugin power
2023-11-17 12:22:00,836 [INFO] PluginManage:359 - Loaded plugin power (category:power,tabindex:4)
2023-11-17 12:22:00,836 [INFO] PluginManage:310 - Check plugin projectmanager
2023-11-17 12:22:00,862 [INFO] PluginManage:359 - Loaded plugin projectmanager (category:projectmanager,tabindex:3)
2023-11-17 12:22:00,862 [INFO] PluginManage:310 - Check plugin thirdparty
2023-11-17 12:22:01,238 [WARN] IntegrityCheckThread:84 - waiting for thirdparty lock release [integrity check]
2023-11-17 12:22:01,238 [INFO] PluginManage:359 - Loaded plugin thirdparty (category:base,tabindex:-1)
2023-11-17 12:22:01,238 [INFO] IntegrityCheckThread:86 - entering critical section [integrity check]
2023-11-17 12:22:01,238 [INFO] PluginManage:310 - Check plugin tools
2023-11-17 12:22:01,239 [INFO] ThirdPartyUpdaterWithRetryManager:70 - Updater plugin not ready yet. [1/15]
2023-11-17 12:22:01,284 [INFO] PluginManage:359 - Loaded plugin tools (category:base,tabindex:7)
2023-11-17 12:22:01,285 [INFO] PluginManage:310 - Check plugin tutovideos
2023-11-17 12:22:01,545 [INFO] PluginManage:359 - Loaded plugin tutovideos (category:base,tabindex:-1)
2023-11-17 12:22:01,546 [INFO] PluginManage:310 - Check plugin updater
2023-11-17 12:22:01,561 [INFO] PluginManage:359 - Loaded plugin updater (category:base,tabindex:12)
2023-11-17 12:22:01,561 [INFO] PluginManage:310 - Check plugin userauth
2023-11-17 12:22:01,568 [INFO] UserAuth:113 - Init User Auth plugin
2023-11-17 12:22:01,568 [INFO] PluginManage:359 - Loaded plugin userauth (category:base,tabindex:14)
2023-11-17 12:22:01,569 [INFO] PluginManage:283 - PluginManage : Loaded plugins [17]
2023-11-17 12:22:01,904 [INFO] PinOutPanel:1499 - setPackage(No Configuration,No Configuration)
2023-11-17 12:22:02,182 [INFO] CADModel:165 - CPN selected for project level
2023-11-17 12:22:02,182 [INFO] CADModel:114 - Register for checkConnection events
2023-11-17 12:22:02,245 [INFO] IPUIPlugin:80 - create IPUIPlugin
2023-11-17 12:22:02,245 [INFO] PluginManager:220 - loadIPPluginJar : add adc
2023-11-17 12:22:02,308 [INFO] IPUIPlugin:80 - create IPUIPlugin
2023-11-17 12:22:02,308 [INFO] PluginManager:220 - loadIPPluginJar : add aes
2023-11-17 12:22:02,390 [INFO] IPUIPlugin:80 - create IPUIPlugin
2023-11-17 12:22:02,390 [INFO] PluginManager:220 - loadIPPluginJar : add can
2023-11-17 12:22:02,440 [INFO] IPUIPlugin:80 - create IPUIPlugin
2023-11-17 12:22:02,441 [INFO] PluginManager:220 - loadIPPluginJar : add comp
2023-11-17 12:22:02,509 [INFO] IPUIPlugin:80 - create IPUIPlugin
2023-11-17 12:22:02,509 [INFO] PluginManager:220 - loadIPPluginJar : add cryp
2023-11-17 12:22:02,555 [INFO] IPUIPlugin:80 - create IPUIPlugin
2023-11-17 12:22:02,555 [INFO] PluginManager:220 - loadIPPluginJar : add dfsdm
2023-11-17 12:22:02,574 [INFO] IPUIPlugin:80 - create IPUIPlugin
2023-11-17 12:22:02,574 [INFO] PluginManager:220 - loadIPPluginJar : add dma
2023-11-17 12:22:02,635 [INFO] IPUIPlugin:80 - create IPUIPlugin
2023-11-17 12:22:02,636 [INFO] PluginManager:220 - loadIPPluginJar : add dma3
2023-11-17 12:22:02,661 [INFO] IPUIPlugin:80 - create IPUIPlugin
2023-11-17 12:22:02,662 [INFO] PluginManager:220 - loadIPPluginJar : add fatfs
2023-11-17 12:22:02,724 [INFO] IPUIPlugin:80 - create IPUIPlugin
2023-11-17 12:22:02,724 [INFO] PluginManager:220 - loadIPPluginJar : add fmc
2023-11-17 12:22:02,746 [INFO] IPUIPlugin:80 - create IPUIPlugin
2023-11-17 12:22:02,747 [INFO] PluginManager:220 - loadIPPluginJar : add freertos
2023-11-17 12:22:02,772 [INFO] IPUIPlugin:80 - create IPUIPlugin
2023-11-17 12:22:02,773 [INFO] PluginManager:220 - loadIPPluginJar : add genericplugin
2023-11-17 12:22:02,919 [INFO] IPUIPlugin:80 - create IPUIPlugin
2023-11-17 12:22:02,919 [INFO] PluginManager:220 - loadIPPluginJar : add gfxmmu
2023-11-17 12:22:03,165 [INFO] IPUIPlugin:80 - create IPUIPlugin
2023-11-17 12:22:03,165 [INFO] PluginManager:220 - loadIPPluginJar : add gic
2023-11-17 12:22:03,191 [INFO] IPUIPlugin:80 - create IPUIPlugin
2023-11-17 12:22:03,192 [INFO] PluginManager:220 - loadIPPluginJar : add gpio
2023-11-17 12:22:03,360 [INFO] IPUIPlugin:80 - create IPUIPlugin
2023-11-17 12:22:03,360 [INFO] PluginManager:220 - loadIPPluginJar : add gtzc
2023-11-17 12:22:03,407 [INFO] IPUIPlugin:80 - create IPUIPlugin
2023-11-17 12:22:03,407 [INFO] PluginManager:220 - loadIPPluginJar : add hash
2023-11-17 12:22:03,533 [INFO] IPUIPlugin:80 - create IPUIPlugin
2023-11-17 12:22:03,534 [INFO] PluginManager:220 - loadIPPluginJar : add i2c
2023-11-17 12:22:03,685 [INFO] IPUIPlugin:80 - create IPUIPlugin
2023-11-17 12:22:03,685 [INFO] PluginManager:220 - loadIPPluginJar : add i2s
2023-11-17 12:22:03,806 [INFO] IPUIPlugin:80 - create IPUIPlugin
2023-11-17 12:22:03,806 [INFO] PluginManager:220 - loadIPPluginJar : add i3c
2023-11-17 12:22:03,998 [INFO] IPUIPlugin:80 - create IPUIPlugin
2023-11-17 12:22:03,999 [INFO] PluginManager:220 - loadIPPluginJar : add ipddr
2023-11-17 12:22:04,159 [INFO] IPUIPlugin:80 - create IPUIPlugin
2023-11-17 12:22:04,159 [INFO] PluginManager:220 - loadIPPluginJar : add linkedlist
2023-11-17 12:22:04,217 [INFO] IPUIPlugin:80 - create IPUIPlugin
2023-11-17 12:22:04,217 [INFO] PluginManager:220 - loadIPPluginJar : add lorawan
2023-11-17 12:22:04,242 [INFO] ThirdPartyUpdaterWithRetryManager:70 - Updater plugin not ready yet. [2/15]
2023-11-17 12:22:04,269 [INFO] IPUIPlugin:80 - create IPUIPlugin
2023-11-17 12:22:04,270 [INFO] PluginManager:220 - loadIPPluginJar : add ltdc
2023-11-17 12:22:04,291 [INFO] IPUIPlugin:80 - create IPUIPlugin
2023-11-17 12:22:04,291 [INFO] PluginManager:220 - loadIPPluginJar : add mdma
2023-11-17 12:22:04,309 [INFO] IPUIPlugin:80 - create IPUIPlugin
2023-11-17 12:22:04,310 [INFO] PluginManager:220 - loadIPPluginJar : add nvic
2023-11-17 12:22:04,361 [INFO] IPUIPlugin:80 - create IPUIPlugin
2023-11-17 12:22:04,361 [INFO] PluginManager:220 - loadIPPluginJar : add opamp
2023-11-17 12:22:04,495 [INFO] IPUIPlugin:80 - create IPUIPlugin
2023-11-17 12:22:04,496 [INFO] PluginManager:220 - loadIPPluginJar : add openamp
2023-11-17 12:22:04,563 [INFO] IPUIPlugin:80 - create IPUIPlugin
2023-11-17 12:22:04,563 [INFO] PluginManager:220 - loadIPPluginJar : add pdm2pcm
2023-11-17 12:22:04,586 [INFO] IPUIPlugin:80 - create IPUIPlugin
2023-11-17 12:22:04,589 [INFO] PluginManager:220 - loadIPPluginJar : add plateformsettings
2023-11-17 12:22:04,618 [INFO] IPUIPlugin:80 - create IPUIPlugin
2023-11-17 12:22:04,618 [INFO] PluginManager:220 - loadIPPluginJar : add quadspi
2023-11-17 12:22:04,635 [INFO] IPUIPlugin:80 - create IPUIPlugin
2023-11-17 12:22:04,635 [INFO] PluginManager:220 - loadIPPluginJar : add resmgrutility
2023-11-17 12:22:04,714 [INFO] IPUIPlugin:80 - create IPUIPlugin
2023-11-17 12:22:04,715 [INFO] PluginManager:220 - loadIPPluginJar : add sai
2023-11-17 12:22:04,762 [INFO] IPUIPlugin:80 - create IPUIPlugin
2023-11-17 12:22:04,762 [INFO] PluginManager:220 - loadIPPluginJar : add spi
2023-11-17 12:22:04,830 [INFO] IPUIPlugin:80 - create IPUIPlugin
2023-11-17 12:22:04,830 [INFO] PluginManager:220 - loadIPPluginJar : add stm32_wpan
2023-11-17 12:22:04,860 [INFO] IPUIPlugin:80 - create IPUIPlugin
2023-11-17 12:22:04,860 [INFO] PluginManager:220 - loadIPPluginJar : add tim
2023-11-17 12:22:04,933 [INFO] IPUIPlugin:80 - create IPUIPlugin
2023-11-17 12:22:04,933 [INFO] PluginManager:220 - loadIPPluginJar : add touchsensing
2023-11-17 12:22:04,961 [INFO] IPUIPlugin:80 - create IPUIPlugin
2023-11-17 12:22:04,962 [INFO] PluginManager:220 - loadIPPluginJar : add tracer_emb
2023-11-17 12:22:04,990 [INFO] IPUIPlugin:80 - create IPUIPlugin
2023-11-17 12:22:04,990 [INFO] PluginManager:220 - loadIPPluginJar : add ts
2023-11-17 12:22:05,018 [INFO] IPUIPlugin:80 - create IPUIPlugin
2023-11-17 12:22:05,018 [INFO] PluginManager:220 - loadIPPluginJar : add tsc
2023-11-17 12:22:05,046 [INFO] IPUIPlugin:80 - create IPUIPlugin
2023-11-17 12:22:05,046 [INFO] PluginManager:220 - loadIPPluginJar : add ucpd
2023-11-17 12:22:05,102 [INFO] IPUIPlugin:80 - create IPUIPlugin
2023-11-17 12:22:05,102 [INFO] PluginManager:220 - loadIPPluginJar : add usart
2023-11-17 12:22:05,160 [INFO] IPUIPlugin:80 - create IPUIPlugin
2023-11-17 12:22:05,160 [INFO] PluginManager:220 - loadIPPluginJar : add usbx
2023-11-17 12:22:05,330 [INFO] CADModel:165 - CPN selected for project level
2023-11-17 12:22:05,330 [INFO] CADModel:114 - Register for checkConnection events
2023-11-17 12:22:05,330 [FATAL] Updater:308 - Updater called before beeing initialized
2023-11-17 12:22:05,330 [ERROR] CADModel:125 - Updater not yet initialized, retry later 
2023-11-17 12:22:05,566 [INFO] CADModel:165 - CPN selected for project level
2023-11-17 12:22:05,567 [INFO] CADModel:114 - Register for checkConnection events
2023-11-17 12:22:05,567 [FATAL] Updater:308 - Updater called before beeing initialized
2023-11-17 12:22:05,568 [ERROR] CADModel:125 - Updater not yet initialized, retry later 
2023-11-17 12:22:05,582 [FATAL] Updater:308 - Updater called before beeing initialized
2023-11-17 12:22:05,819 [FATAL] Updater:308 - Updater called before beeing initialized
2023-11-17 12:22:05,835 [INFO] DbMcusAds:53 - JSON generation date=Tue Mar 07 12:20:55 IRST 2023 (1678179055335)
2023-11-17 12:22:05,836 [FATAL] Updater:308 - Updater called before beeing initialized
2023-11-17 12:22:05,968 [WARN] DetailPanel:346 - Failed to get advertising image, set to default
2023-11-17 12:22:06,131 [FATAL] Updater:308 - Updater called before beeing initialized
2023-11-17 12:22:06,135 [FATAL] Updater:308 - Updater called before beeing initialized
2023-11-17 12:22:06,135 [FATAL] Updater:308 - Updater called before beeing initialized
2023-11-17 12:22:06,135 [WARN] DetailPanel:346 - Failed to get advertising image, set to default
2023-11-17 12:22:06,138 [FATAL] Updater:308 - Updater called before beeing initialized
2023-11-17 12:22:06,245 [ERROR] Updater:1120 - MainUpdater not yet initialized. External WinMGr cannot be set.
2023-11-17 12:22:06,258 [INFO] Updater:1056 - Updater Version found : 6.9.2
2023-11-17 12:22:06,285 [INFO] ApplicationProperties:184 - Using Application install path: C:\ST\STM32CubeIDE_1.13.0\STM32CubeIDE\plugins\com.st.stm32cube.common.mx_6.9.2.202309101412
2023-11-17 12:22:07,243 [INFO] ThirdPartyUpdaterWithRetryManager:70 - Updater plugin not ready yet. [3/15]
2023-11-17 12:22:07,473 [INFO] MainUpdater:2868 - connection check result : 10
2023-11-17 12:22:07,474 [INFO] MainUpdater:285 - Updater Check For Update Now.
2023-11-17 12:22:07,475 [INFO] MicroXplorer:498 - Change Database Version : DB.6.0.92
2023-11-17 12:22:07,497 [INFO] McuFinderGlobals:63 - Set McuFinder mode to 2 (CubeIDE integrated)
2023-11-17 12:22:07,498 [INFO] UserAuth:179 - activating auth plugin
2023-11-17 12:22:07,502 [INFO] UserAuth:393 - Internet connection configuration mode: 1
2023-11-17 12:22:07,549 [INFO] JxBrowserEngine:151 - Initiate JxBrowser Engine with user profile folder
2023-11-17 12:22:07,719 [INFO] CheckServerUpdateThread:120 - End of CheckServer Thread
2023-11-17 12:22:11,136 [WARN] PackLoader:240 - Cannot read IP mode file for STMicroelectronics.X-CUBE-SMBUS.2.1.0
2023-11-17 12:22:11,233 [WARN] PackLoader:240 - Cannot read IP mode file for STMicroelectronics.X-CUBE-AZRTOS-F7.1.1.0
2023-11-17 12:22:11,306 [WARN] PackLoader:240 - Cannot read IP mode file for STMicroelectronics.FP-SNS-MOTENV1.4.3.2
2023-11-17 12:22:11,345 [WARN] PackLoader:240 - Cannot read IP mode file for STMicroelectronics.FP-SNS-FLIGHT1.5.0.2
2023-11-17 12:22:11,381 [WARN] PackLoader:240 - Cannot read IP mode file for STMicroelectronics.X-CUBE-DISPLAY.3.0.0
2023-11-17 12:22:11,467 [WARN] PackLoader:240 - Cannot read IP mode file for STMicroelectronics.X-CUBE-BLE1.7.0.0
2023-11-17 12:22:11,494 [WARN] PackLoader:240 - Cannot read IP mode file for emotas.I-CUBE-CANOPEN.1.3.0
2023-11-17 12:22:11,522 [INFO] WebApp:157 - Instantiating new browser for Auth
2023-11-17 12:22:11,522 [WARN] PackLoader:240 - Cannot read IP mode file for STMicroelectronics.X-CUBE-TOUCHGFX.4.22.1
2023-11-17 12:22:11,545 [WARN] PackLoader:240 - Cannot read IP mode file for STMicroelectronics.FP-SNS-SMARTAG2.1.2.0
2023-11-17 12:22:11,602 [INFO] LogOutputStream:77 - [STDOUT_REDIRECT] 1 : Invalid condition id : UX_CORESTACK_Condition cause : null
2023-11-17 12:22:11,603 [INFO] LogOutputStream:77 - [STDOUT_REDIRECT] 1 : Invalid condition id : UX_CORESTACK_Condition cause : null
2023-11-17 12:22:11,605 [INFO] LogOutputStream:77 - [STDOUT_REDIRECT] 1 : Invalid condition id : UX_CORESTACK_Condition cause : null
2023-11-17 12:22:11,608 [INFO] LogOutputStream:77 - [STDOUT_REDIRECT] 1 : Invalid condition id : UX_CORESTACK_Condition cause : null
2023-11-17 12:22:11,611 [INFO] LogOutputStream:77 - [STDOUT_REDIRECT] 1 : Invalid condition id : UX_CORESTACK_Condition cause : null
2023-11-17 12:22:11,619 [WARN] PackLoader:240 - Cannot read IP mode file for STMicroelectronics.X-CUBE-AZRTOS-WL.2.0.0
2023-11-17 12:22:11,652 [WARN] PackLoader:240 - Cannot read IP mode file for WES.I-CUBE-Cesium.1.3.0
2023-11-17 12:22:11,679 [WARN] PackLoader:240 - Cannot read IP mode file for STMicroelectronics.X-CUBE-BLE2.3.3.0
2023-11-17 12:22:11,710 [WARN] PackLoader:240 - Cannot read IP mode file for STMicroelectronics.X-CUBE-ALGOBUILD.1.3.0
2023-11-17 12:22:11,834 [WARN] PackLoader:240 - Cannot read IP mode file for STMicroelectronics.X-CUBE-AZRTOS-G0.1.1.0
2023-11-17 12:22:11,902 [WARN] PackLoader:240 - Cannot read IP mode file for STMicroelectronics.X-CUBE-NFC4.3.0.0
2023-11-17 12:22:11,952 [WARN] PackLoader:240 - Cannot read IP mode file for STMicroelectronics.FP-ATR-SIGFOX1.3.2.0
2023-11-17 12:22:12,052 [WARN] PackLoader:240 - Cannot read IP mode file for SEGGER.I-CUBE-embOS.1.3.1
2023-11-17 12:22:12,230 [WARN] PackLoader:240 - Cannot read IP mode file for STMicroelectronics.X-CUBE-GNSS1.6.0.0
2023-11-17 12:22:12,371 [WARN] PackLoader:240 - Cannot read IP mode file for STMicroelectronics.X-CUBE-AZRTOS-F4.1.1.0
2023-11-17 12:22:12,542 [WARN] PackLoader:240 - Cannot read IP mode file for wolfSSL.I-CUBE-wolfSSL.5.6.3
2023-11-17 12:22:12,608 [WARN] PackLoader:240 - Cannot read IP mode file for STMicroelectronics.X-CUBE-AZRTOS-L5.2.0.0
2023-11-17 12:22:12,730 [WARN] PackLoader:240 - Cannot read IP mode file for STMicroelectronics.X-CUBE-MEMS1.9.6.0
2023-11-17 12:22:13,232 [WARN] PackLoader:240 - Cannot read IP mode file for ITTIA_DB.I-CUBE-ITTIADB.8.8.0
2023-11-17 12:22:13,333 [WARN] PackLoader:240 - Cannot read IP mode file for STMicroelectronics.X-CUBE-BLEMGR.2.0.0
2023-11-17 12:22:13,334 [INFO] WebApp:753 - Register for checkConnection events
2023-11-17 12:22:13,334 [INFO] WebApp:390 - Apply proxy settings
2023-11-17 12:22:13,335 [INFO] WebApp:475 - Chromium requires no authentication
2023-11-17 12:22:13,353 [INFO] WebApp:418 - Direct internet connection detected
2023-11-17 12:22:13,407 [WARN] ConditionMgr:438 - getConditionDescription Invalid condition id : UX DEVICE CLASS RTOS Condition cause : null
2023-11-17 12:22:13,408 [WARN] ConditionMgr:438 - getConditionDescription Invalid condition id : UX DEVICE CLASS RTOS Condition cause : null
2023-11-17 12:22:13,415 [WARN] PackLoader:240 - Cannot read IP mode file for STMicroelectronics.X-CUBE-AZRTOS-H7.3.1.0
2023-11-17 12:22:13,418 [WARN] ConditionMgr:1039 - genDependencies : Invalid condition id : UX DEVICE CLASS RTOS Condition cause : null
2023-11-17 12:22:13,418 [WARN] ConditionMgr:1039 - genDependencies : Invalid condition id : UX DEVICE CLASS RTOS Condition cause : null
2023-11-17 12:22:13,419 [WARN] ConditionMgr:1039 - genDependencies : Invalid condition id : UX DEVICE CLASS RTOS Condition cause : null
2023-11-17 12:22:13,420 [WARN] ConditionMgr:1039 - genDependencies : Invalid condition id : UX DEVICE CLASS RTOS Condition cause : null
2023-11-17 12:22:13,420 [WARN] ConditionMgr:1039 - genDependencies : Invalid condition id : UX DEVICE CLASS RTOS Condition cause : null
2023-11-17 12:22:13,444 [WARN] PackLoader:240 - Cannot read IP mode file for STMicroelectronics.X-CUBE-NFC7.1.0.1
2023-11-17 12:22:13,542 [WARN] PackLoader:240 - Cannot read IP mode file for STMicroelectronics.X-CUBE-NFC6.3.0.0
2023-11-17 12:22:13,571 [WARN] PackLoader:240 - Cannot read IP mode file for STMicroelectronics.X-CUBE-EEPRMA1.4.1.0
2023-11-17 12:22:13,597 [WARN] PackLoader:240 - Cannot read IP mode file for STMicroelectronics.X-CUBE-AI.8.1.0
2023-11-17 12:22:13,670 [WARN] ConditionMgr:438 - getConditionDescription Invalid condition id : LAN8742 Phy interface Condition cause : null
2023-11-17 12:22:13,671 [WARN] PackLoader:240 - Cannot read IP mode file for STMicroelectronics.X-CUBE-AZRTOS-L4.2.0.0
2023-11-17 12:22:13,674 [WARN] ConditionMgr:1039 - genDependencies : Invalid condition id : LAN8742 Phy interface Condition cause : null
2023-11-17 12:22:13,674 [WARN] ConditionMgr:1039 - genDependencies : Invalid condition id : LAN8742 Phy interface Condition cause : null
2023-11-17 12:22:13,675 [WARN] ConditionMgr:1039 - genDependencies : Invalid condition id : LAN8742 Phy interface Condition cause : null
2023-11-17 12:22:13,711 [WARN] PackLoader:240 - Cannot read IP mode file for STMicroelectronics.X-CUBE-SFXS2LP1.4.0.0
2023-11-17 12:22:13,739 [WARN] PackLoader:240 - Cannot read IP mode file for STMicroelectronics.X-CUBE-ISPU.1.1.0
2023-11-17 12:22:13,785 [WARN] ConditionMgr:438 - getConditionDescription Invalid condition id : UX DEVICE CLASS RTOS Condition cause : null
2023-11-17 12:22:13,785 [WARN] ConditionMgr:438 - getConditionDescription Invalid condition id : UX DEVICE CLASS RTOS Condition cause : null
2023-11-17 12:22:13,788 [WARN] PackLoader:240 - Cannot read IP mode file for STMicroelectronics.X-CUBE-AZRTOS-WB.2.0.0
2023-11-17 12:22:13,790 [WARN] ConditionMgr:1039 - genDependencies : Invalid condition id : UX DEVICE CLASS RTOS Condition cause : null
2023-11-17 12:22:13,790 [WARN] ConditionMgr:1039 - genDependencies : Invalid condition id : UX DEVICE CLASS RTOS Condition cause : null
2023-11-17 12:22:13,791 [WARN] ConditionMgr:1039 - genDependencies : Invalid condition id : UX DEVICE CLASS RTOS Condition cause : null
2023-11-17 12:22:13,791 [WARN] ConditionMgr:1039 - genDependencies : Invalid condition id : UX DEVICE CLASS RTOS Condition cause : null
2023-11-17 12:22:13,791 [WARN] ConditionMgr:1039 - genDependencies : Invalid condition id : UX DEVICE CLASS RTOS Condition cause : null
2023-11-17 12:22:13,838 [WARN] PackLoader:240 - Cannot read IP mode file for STMicroelectronics.X-CUBE-SUBG2.5.0.0
2023-11-17 12:22:13,844 [INFO] WebApp:188 - Starting web application
2023-11-17 12:22:13,844 [INFO] WebApp:520 - Web application path used C:\ST\STM32CubeIDE_1.13.0\STM32CubeIDE\plugins\com.st.stm32cube.common.mx_6.9.2.202309101412\db\plugins\mcufinder\reactClient1\index.html
2023-11-17 12:22:13,900 [WARN] PackLoader:240 - Cannot read IP mode file for STMicroelectronics.X-CUBE-TOF1.3.3.1
2023-11-17 12:22:13,977 [WARN] PackLoader:240 - Cannot read IP mode file for STMicroelectronics.X-CUBE-AZRTOS-G4.2.0.0
2023-11-17 12:22:14,025 [WARN] PackLoader:240 - Cannot read IP mode file for Infineon.AIROC-Wi-Fi-Bluetooth-STM32.1.5.1
2023-11-17 12:22:14,062 [WARN] PackLoader:240 - Cannot read IP mode file for STMicroelectronics.FP-SNS-MOTENVWB1.1.3.0
2023-11-17 12:22:14,129 [WARN] PackLoader:240 - Cannot read IP mode file for STMicroelectronics.X-CUBE-MEMS1.10.0.0
2023-11-17 12:22:14,367 [WARN] PackLoader:240 - Cannot read IP mode file for STMicroelectronics.X-CUBE-FREERTOS.1.1.0
2023-11-17 12:22:14,389 [WARN] PackLoader:240 - Cannot read IP mode file for portGmbH.I-Cube-SoM-uGOAL.1.1.0
2023-11-17 12:22:14,405 [WARN] PackLoader:240 - Cannot read IP mode file for STMicroelectronics.X-CUBE-ALS.1.0.1
2023-11-17 12:22:14,420 [WARN] PackLoader:240 - Cannot read IP mode file for STMicroelectronics.FP-ATR-ASTRA1.2.0.0
2023-11-17 12:22:14,421 [INFO] ThirdParty:978 - Integrity check success = true
2023-11-17 12:22:14,421 [INFO] IntegrityCheckThread:100 - exiting critical section [integrity check]
2023-11-17 12:22:14,421 [INFO] IntegrityCheckThread:103 - End integrity checks thread
2023-11-17 12:22:18,635 [ERROR] LogOutputStream:75 - [STDERR_REDIRECT] SLF4J: Failed to load class "org.slf4j.impl.StaticLoggerBinder".
2023-11-17 12:22:18,635 [ERROR] LogOutputStream:75 - [STDERR_REDIRECT] SLF4J: Defaulting to no-operation (NOP) logger implementation
2023-11-17 12:22:18,637 [ERROR] LogOutputStream:75 - [STDERR_REDIRECT] SLF4J: See http://www.slf4j.org/codes.html#StaticLoggerBinder for further details.
2023-11-17 17:50:34,042 [ERROR] LogOutputStream:75 - [STDERR_REDIRECT] 
