2023-11-25 20:10:16,792 [INFO] Activator:176 - 


2023-11-25 20:10:16,800 [INFO] Activator:177 - !SESSION log4j initialized
2023-11-25 20:10:23,506 [INFO] LogOutputStream:77 - [STDOUT_REDIRECT] 
2023-11-25 20:10:25,648 [INFO] ApplicationProperties:184 - Using Application install path: C:\ST\STM32CubeIDE_1.13.0\STM32CubeIDE\plugins\com.st.stm32cube.common.mx_6.9.2.202309101412
2023-11-25 20:10:25,673 [INFO] DbMcusXml:78 - Set database path to: C:\ST\STM32CubeIDE_1.13.0\STM32CubeIDE\plugins\com.st.stm32cube.common.mx_6.9.2.202309101412\\db\/mcu/
2023-11-25 20:10:25,674 [INFO] ApiDb:274 - Set plugin database path to: C:\ST\STM32CubeIDE_1.13.0\STM32CubeIDE\plugins\com.st.stm32cube.common.mx_6.9.2.202309101412\\db\/plugins/boardmanager/
2023-11-25 20:10:25,675 [WARN] ApiDb:259 - Overriding images path with different value:  => C:\ST\STM32CubeIDE_1.13.0\STM32CubeIDE\plugins\com.st.stm32cube.common.mx_6.9.2.202309101412\\db\/plugins/mcufinder/images/
2023-11-25 20:10:25,692 [INFO] ApiDb:250 - Set database path to: C:\Users\98919\.stmcufinder\plugins\mcufinder//mcu/
2023-11-25 20:10:25,693 [INFO] DbMcusAds:125 - Set database path to: C:\Users\98919\.stmcufinder\plugins\mcufinder//mcu/
2023-11-25 20:10:25,696 [INFO] CrossReferenceDbSqlite:203 - Set database path to: C:\Users\98919\.stmcufinder\plugins\mcufinder//mcu/cs/
2023-11-25 20:10:25,848 [INFO] RulesReader:64 - Compatibility file has been processed (293 Rules)
2023-11-25 20:10:25,996 [INFO] DbMcusXml:78 - Set database path to: C:\ST\STM32CubeIDE_1.13.0\STM32CubeIDE\plugins\com.st.stm32cube.common.mx_6.9.2.202309101412\\db\/mcu/
2023-11-25 20:10:25,997 [INFO] ApiDb:274 - Set plugin database path to: C:\ST\STM32CubeIDE_1.13.0\STM32CubeIDE\plugins\com.st.stm32cube.common.mx_6.9.2.202309101412\\db\/plugins/boardmanager/
2023-11-25 20:10:25,997 [INFO] ApiDb:261 - Set plugin images path to: C:\ST\STM32CubeIDE_1.13.0\STM32CubeIDE\plugins\com.st.stm32cube.common.mx_6.9.2.202309101412\\db\/plugins/mcufinder/images/
2023-11-25 20:10:25,998 [WARN] DbFile:41 - Overriding database path with different value: C:\Users\98919\.stmcufinder\plugins\mcufinder/ => C:\Users\98919\.stmcufinder\plugins\mcufinder
2023-11-25 20:10:25,998 [INFO] ApiDb:250 - Set database path to: C:\Users\98919\.stmcufinder\plugins\mcufinder//mcu/
2023-11-25 20:10:25,998 [WARN] DbFile:41 - Overriding database path with different value: C:\Users\98919\.stmcufinder\plugins\mcufinder/ => C:\Users\98919\.stmcufinder\plugins\mcufinder
2023-11-25 20:10:25,998 [INFO] DbMcusAds:125 - Set database path to: C:\Users\98919\.stmcufinder\plugins\mcufinder//mcu/
2023-11-25 20:10:25,998 [WARN] DbFile:41 - Overriding database path with different value: C:\Users\98919\.stmcufinder\plugins\mcufinder/ => C:\Users\98919\.stmcufinder\plugins\mcufinder
2023-11-25 20:10:25,998 [WARN] DbFile:41 - Overriding database path with different value: C:\Users\98919\.stmcufinder\plugins\mcufinder/ => C:\Users\98919\.stmcufinder\plugins\mcufinder
2023-11-25 20:10:25,999 [INFO] CrossReferenceDbSqlite:203 - Set database path to: C:\Users\98919\.stmcufinder\plugins\mcufinder//mcu/cs/
2023-11-25 20:10:26,123 [INFO] MainPanel:262 - HeapMemory: 268435456
2023-11-25 20:10:26,247 [INFO] DbMcusXml:78 - Set database path to: C:\ST\STM32CubeIDE_1.13.0\STM32CubeIDE\plugins\com.st.stm32cube.common.mx_6.9.2.202309101412\\db\/mcu/
2023-11-25 20:10:26,248 [INFO] ApiDb:274 - Set plugin database path to: C:\ST\STM32CubeIDE_1.13.0\STM32CubeIDE\plugins\com.st.stm32cube.common.mx_6.9.2.202309101412\\db\/plugins/boardmanager/
2023-11-25 20:10:26,248 [INFO] ApiDb:261 - Set plugin images path to: C:\ST\STM32CubeIDE_1.13.0\STM32CubeIDE\plugins\com.st.stm32cube.common.mx_6.9.2.202309101412\\db\/plugins/mcufinder/images/
2023-11-25 20:10:26,249 [WARN] DbFile:41 - Overriding database path with different value: C:\Users\98919\.stmcufinder\plugins\mcufinder/ => C:\Users\98919\.stmcufinder\plugins\mcufinder
2023-11-25 20:10:26,249 [INFO] ApiDb:250 - Set database path to: C:\Users\98919\.stmcufinder\plugins\mcufinder//mcu/
2023-11-25 20:10:26,249 [WARN] DbFile:41 - Overriding database path with different value: C:\Users\98919\.stmcufinder\plugins\mcufinder/ => C:\Users\98919\.stmcufinder\plugins\mcufinder
2023-11-25 20:10:26,249 [INFO] DbMcusAds:125 - Set database path to: C:\Users\98919\.stmcufinder\plugins\mcufinder//mcu/
2023-11-25 20:10:26,249 [WARN] DbFile:41 - Overriding database path with different value: C:\Users\98919\.stmcufinder\plugins\mcufinder/ => C:\Users\98919\.stmcufinder\plugins\mcufinder
2023-11-25 20:10:26,249 [WARN] DbFile:41 - Overriding database path with different value: C:\Users\98919\.stmcufinder\plugins\mcufinder/ => C:\Users\98919\.stmcufinder\plugins\mcufinder
2023-11-25 20:10:26,249 [INFO] CrossReferenceDbSqlite:203 - Set database path to: C:\Users\98919\.stmcufinder\plugins\mcufinder//mcu/cs/
2023-11-25 20:10:26,276 [INFO] ApplicationProperties:184 - Using Application install path: C:\ST\STM32CubeIDE_1.13.0\STM32CubeIDE\plugins\com.st.stm32cube.common.mx_6.9.2.202309101412
2023-11-25 20:10:26,278 [INFO] PluginManage:196 - Search for loadable plugins [exclusion list=, ]
2023-11-25 20:10:26,280 [INFO] PluginManage:310 - Check plugin analytics
2023-11-25 20:10:26,504 [INFO] AnalyticsPlugin:253 - Accepted Software Licenses: 
2023-11-25 20:10:26,505 [INFO] AnalyticsPlugin:255 - Accepted CMSIS Pack Licenses: 
2023-11-25 20:10:26,505 [INFO] AnalyticsPlugin:257 - Accepted Firmware Licenses: FW.F4.1.27.0
2023-11-25 20:10:26,509 [INFO] PluginManage:359 - Loaded plugin analytics (category:tool,tabindex:-1)
2023-11-25 20:10:26,509 [INFO] PluginManage:310 - Check plugin cadmodel
2023-11-25 20:10:26,531 [INFO] CADModel:105 - Init CAD model plugin
2023-11-25 20:10:26,531 [INFO] PluginManage:359 - Loaded plugin cadmodel (category:power,tabindex:5)
2023-11-25 20:10:26,531 [INFO] PluginManage:310 - Check plugin clock
2023-11-25 20:10:26,555 [INFO] PluginManage:359 - Loaded plugin clock (category:base,tabindex:2)
2023-11-25 20:10:26,555 [INFO] PluginManage:310 - Check plugin ddr
2023-11-25 20:10:26,558 [INFO] PluginManage:359 - Loaded plugin ddr (category:tool,tabindex:6)
2023-11-25 20:10:26,558 [INFO] PluginManage:310 - Check plugin filemanager
2023-11-25 20:10:26,724 [INFO] PluginManage:359 - Loaded plugin filemanager (category:base,tabindex:10)
2023-11-25 20:10:26,724 [INFO] PluginManage:310 - Check plugin ipmanager
2023-11-25 20:10:26,737 [INFO] PluginManage:359 - Loaded plugin ipmanager (category:base,tabindex:5)
2023-11-25 20:10:26,737 [INFO] PluginManage:310 - Check plugin lpbam
2023-11-25 20:10:26,758 [INFO] PluginManage:359 - Loaded plugin lpbam (category:base,tabindex:0)
2023-11-25 20:10:26,759 [INFO] PluginManage:310 - Check plugin memorymap
2023-11-25 20:10:26,789 [INFO] PluginManage:359 - Loaded plugin memorymap (category:base,tabindex:4)
2023-11-25 20:10:26,789 [INFO] PluginManage:310 - Check plugin pinoutandconfiguration
2023-11-25 20:10:26,811 [INFO] PluginManage:359 - Loaded plugin pinoutandconfiguration (category:base,tabindex:1)
2023-11-25 20:10:26,812 [INFO] PluginManage:310 - Check plugin pinoutconfig
2023-11-25 20:10:26,930 [WARN] SupportedApi:132 - Cannot load RTOS API schema: s4s-elt-must-match.1: The content of 'definitions' must match (annotation?, (simpleType | complexType)?, (unique | key | keyref)*)). A problem was found starting at: attribute.
2023-11-25 20:10:27,100 [INFO] PluginManage:359 - Loaded plugin pinoutconfig (category:base,tabindex:0)
2023-11-25 20:10:27,100 [INFO] PluginManage:310 - Check plugin power
2023-11-25 20:10:27,128 [INFO] PluginManage:359 - Loaded plugin power (category:power,tabindex:4)
2023-11-25 20:10:27,128 [INFO] PluginManage:310 - Check plugin projectmanager
2023-11-25 20:10:27,147 [INFO] PluginManage:359 - Loaded plugin projectmanager (category:projectmanager,tabindex:3)
2023-11-25 20:10:27,148 [INFO] PluginManage:310 - Check plugin thirdparty
2023-11-25 20:10:27,498 [INFO] PluginManage:359 - Loaded plugin thirdparty (category:base,tabindex:-1)
2023-11-25 20:10:27,497 [WARN] IntegrityCheckThread:84 - waiting for thirdparty lock release [integrity check]
2023-11-25 20:10:27,498 [INFO] PluginManage:310 - Check plugin tools
2023-11-25 20:10:27,498 [INFO] IntegrityCheckThread:86 - entering critical section [integrity check]
2023-11-25 20:10:27,498 [INFO] ThirdPartyUpdaterWithRetryManager:70 - Updater plugin not ready yet. [1/15]
2023-11-25 20:10:27,538 [INFO] PluginManage:359 - Loaded plugin tools (category:base,tabindex:7)
2023-11-25 20:10:27,538 [INFO] PluginManage:310 - Check plugin tutovideos
2023-11-25 20:10:27,776 [INFO] PluginManage:359 - Loaded plugin tutovideos (category:base,tabindex:-1)
2023-11-25 20:10:27,777 [INFO] PluginManage:310 - Check plugin updater
2023-11-25 20:10:27,791 [INFO] PluginManage:359 - Loaded plugin updater (category:base,tabindex:12)
2023-11-25 20:10:27,791 [INFO] PluginManage:310 - Check plugin userauth
2023-11-25 20:10:27,798 [INFO] UserAuth:113 - Init User Auth plugin
2023-11-25 20:10:27,799 [INFO] PluginManage:359 - Loaded plugin userauth (category:base,tabindex:14)
2023-11-25 20:10:27,799 [INFO] PluginManage:283 - PluginManage : Loaded plugins [17]
2023-11-25 20:10:28,084 [INFO] PinOutPanel:1499 - setPackage(No Configuration,No Configuration)
2023-11-25 20:10:28,235 [INFO] CADModel:165 - CPN selected for project level
2023-11-25 20:10:28,235 [INFO] CADModel:114 - Register for checkConnection events
2023-11-25 20:10:28,276 [INFO] IPUIPlugin:80 - create IPUIPlugin
2023-11-25 20:10:28,276 [INFO] PluginManager:220 - loadIPPluginJar : add adc
2023-11-25 20:10:28,329 [INFO] IPUIPlugin:80 - create IPUIPlugin
2023-11-25 20:10:28,329 [INFO] PluginManager:220 - loadIPPluginJar : add aes
2023-11-25 20:10:28,390 [INFO] IPUIPlugin:80 - create IPUIPlugin
2023-11-25 20:10:28,390 [INFO] PluginManager:220 - loadIPPluginJar : add can
2023-11-25 20:10:28,423 [INFO] IPUIPlugin:80 - create IPUIPlugin
2023-11-25 20:10:28,423 [INFO] PluginManager:220 - loadIPPluginJar : add comp
2023-11-25 20:10:28,468 [INFO] IPUIPlugin:80 - create IPUIPlugin
2023-11-25 20:10:28,468 [INFO] PluginManager:220 - loadIPPluginJar : add cryp
2023-11-25 20:10:28,513 [INFO] IPUIPlugin:80 - create IPUIPlugin
2023-11-25 20:10:28,513 [INFO] PluginManager:220 - loadIPPluginJar : add dfsdm
2023-11-25 20:10:28,531 [INFO] IPUIPlugin:80 - create IPUIPlugin
2023-11-25 20:10:28,532 [INFO] PluginManager:220 - loadIPPluginJar : add dma
2023-11-25 20:10:28,587 [INFO] IPUIPlugin:80 - create IPUIPlugin
2023-11-25 20:10:28,587 [INFO] PluginManager:220 - loadIPPluginJar : add dma3
2023-11-25 20:10:28,613 [INFO] IPUIPlugin:80 - create IPUIPlugin
2023-11-25 20:10:28,614 [INFO] PluginManager:220 - loadIPPluginJar : add fatfs
2023-11-25 20:10:28,664 [INFO] IPUIPlugin:80 - create IPUIPlugin
2023-11-25 20:10:28,664 [INFO] PluginManager:220 - loadIPPluginJar : add fmc
2023-11-25 20:10:28,682 [INFO] IPUIPlugin:80 - create IPUIPlugin
2023-11-25 20:10:28,683 [INFO] PluginManager:220 - loadIPPluginJar : add freertos
2023-11-25 20:10:28,705 [INFO] IPUIPlugin:80 - create IPUIPlugin
2023-11-25 20:10:28,705 [INFO] PluginManager:220 - loadIPPluginJar : add genericplugin
2023-11-25 20:10:28,803 [INFO] IPUIPlugin:80 - create IPUIPlugin
2023-11-25 20:10:28,803 [INFO] PluginManager:220 - loadIPPluginJar : add gfxmmu
2023-11-25 20:10:28,949 [INFO] IPUIPlugin:80 - create IPUIPlugin
2023-11-25 20:10:28,950 [INFO] PluginManager:220 - loadIPPluginJar : add gic
2023-11-25 20:10:28,965 [INFO] IPUIPlugin:80 - create IPUIPlugin
2023-11-25 20:10:28,965 [INFO] PluginManager:220 - loadIPPluginJar : add gpio
2023-11-25 20:10:29,066 [INFO] IPUIPlugin:80 - create IPUIPlugin
2023-11-25 20:10:29,066 [INFO] PluginManager:220 - loadIPPluginJar : add gtzc
2023-11-25 20:10:29,100 [INFO] IPUIPlugin:80 - create IPUIPlugin
2023-11-25 20:10:29,101 [INFO] PluginManager:220 - loadIPPluginJar : add hash
2023-11-25 20:10:29,163 [INFO] IPUIPlugin:80 - create IPUIPlugin
2023-11-25 20:10:29,163 [INFO] PluginManager:220 - loadIPPluginJar : add i2c
2023-11-25 20:10:29,209 [INFO] IPUIPlugin:80 - create IPUIPlugin
2023-11-25 20:10:29,210 [INFO] PluginManager:220 - loadIPPluginJar : add i2s
2023-11-25 20:10:29,258 [INFO] IPUIPlugin:80 - create IPUIPlugin
2023-11-25 20:10:29,258 [INFO] PluginManager:220 - loadIPPluginJar : add i3c
2023-11-25 20:10:29,378 [INFO] IPUIPlugin:80 - create IPUIPlugin
2023-11-25 20:10:29,378 [INFO] PluginManager:220 - loadIPPluginJar : add ipddr
2023-11-25 20:10:29,481 [INFO] IPUIPlugin:80 - create IPUIPlugin
2023-11-25 20:10:29,482 [INFO] PluginManager:220 - loadIPPluginJar : add linkedlist
2023-11-25 20:10:29,520 [INFO] IPUIPlugin:80 - create IPUIPlugin
2023-11-25 20:10:29,520 [INFO] PluginManager:220 - loadIPPluginJar : add lorawan
2023-11-25 20:10:29,561 [INFO] IPUIPlugin:80 - create IPUIPlugin
2023-11-25 20:10:29,561 [INFO] PluginManager:220 - loadIPPluginJar : add ltdc
2023-11-25 20:10:29,578 [INFO] IPUIPlugin:80 - create IPUIPlugin
2023-11-25 20:10:29,578 [INFO] PluginManager:220 - loadIPPluginJar : add mdma
2023-11-25 20:10:29,593 [INFO] IPUIPlugin:80 - create IPUIPlugin
2023-11-25 20:10:29,593 [INFO] PluginManager:220 - loadIPPluginJar : add nvic
2023-11-25 20:10:29,632 [INFO] IPUIPlugin:80 - create IPUIPlugin
2023-11-25 20:10:29,633 [INFO] PluginManager:220 - loadIPPluginJar : add opamp
2023-11-25 20:10:29,702 [INFO] IPUIPlugin:80 - create IPUIPlugin
2023-11-25 20:10:29,702 [INFO] PluginManager:220 - loadIPPluginJar : add openamp
2023-11-25 20:10:29,747 [INFO] IPUIPlugin:80 - create IPUIPlugin
2023-11-25 20:10:29,747 [INFO] PluginManager:220 - loadIPPluginJar : add pdm2pcm
2023-11-25 20:10:29,765 [INFO] IPUIPlugin:80 - create IPUIPlugin
2023-11-25 20:10:29,767 [INFO] PluginManager:220 - loadIPPluginJar : add plateformsettings
2023-11-25 20:10:29,792 [INFO] IPUIPlugin:80 - create IPUIPlugin
2023-11-25 20:10:29,792 [INFO] PluginManager:220 - loadIPPluginJar : add quadspi
2023-11-25 20:10:29,807 [INFO] IPUIPlugin:80 - create IPUIPlugin
2023-11-25 20:10:29,807 [INFO] PluginManager:220 - loadIPPluginJar : add resmgrutility
2023-11-25 20:10:29,859 [INFO] IPUIPlugin:80 - create IPUIPlugin
2023-11-25 20:10:29,860 [INFO] PluginManager:220 - loadIPPluginJar : add sai
2023-11-25 20:10:29,898 [INFO] IPUIPlugin:80 - create IPUIPlugin
2023-11-25 20:10:29,899 [INFO] PluginManager:220 - loadIPPluginJar : add spi
2023-11-25 20:10:29,960 [INFO] IPUIPlugin:80 - create IPUIPlugin
2023-11-25 20:10:29,961 [INFO] PluginManager:220 - loadIPPluginJar : add stm32_wpan
2023-11-25 20:10:29,984 [INFO] IPUIPlugin:80 - create IPUIPlugin
2023-11-25 20:10:29,985 [INFO] PluginManager:220 - loadIPPluginJar : add tim
2023-11-25 20:10:30,047 [INFO] IPUIPlugin:80 - create IPUIPlugin
2023-11-25 20:10:30,047 [INFO] PluginManager:220 - loadIPPluginJar : add touchsensing
2023-11-25 20:10:30,072 [INFO] IPUIPlugin:80 - create IPUIPlugin
2023-11-25 20:10:30,073 [INFO] PluginManager:220 - loadIPPluginJar : add tracer_emb
2023-11-25 20:10:30,099 [INFO] IPUIPlugin:80 - create IPUIPlugin
2023-11-25 20:10:30,099 [INFO] PluginManager:220 - loadIPPluginJar : add ts
2023-11-25 20:10:30,123 [INFO] IPUIPlugin:80 - create IPUIPlugin
2023-11-25 20:10:30,123 [INFO] PluginManager:220 - loadIPPluginJar : add tsc
2023-11-25 20:10:30,147 [INFO] IPUIPlugin:80 - create IPUIPlugin
2023-11-25 20:10:30,148 [INFO] PluginManager:220 - loadIPPluginJar : add ucpd
2023-11-25 20:10:30,193 [INFO] IPUIPlugin:80 - create IPUIPlugin
2023-11-25 20:10:30,193 [INFO] PluginManager:220 - loadIPPluginJar : add usart
2023-11-25 20:10:30,240 [INFO] IPUIPlugin:80 - create IPUIPlugin
2023-11-25 20:10:30,240 [INFO] PluginManager:220 - loadIPPluginJar : add usbx
2023-11-25 20:10:30,388 [INFO] CADModel:165 - CPN selected for project level
2023-11-25 20:10:30,388 [INFO] CADModel:114 - Register for checkConnection events
2023-11-25 20:10:30,389 [FATAL] Updater:308 - Updater called before beeing initialized
2023-11-25 20:10:30,389 [ERROR] CADModel:125 - Updater not yet initialized, retry later 
2023-11-25 20:10:30,500 [INFO] ThirdPartyUpdaterWithRetryManager:70 - Updater plugin not ready yet. [2/15]
2023-11-25 20:10:30,592 [INFO] CADModel:165 - CPN selected for project level
2023-11-25 20:10:30,592 [INFO] CADModel:114 - Register for checkConnection events
2023-11-25 20:10:30,592 [FATAL] Updater:308 - Updater called before beeing initialized
2023-11-25 20:10:30,592 [ERROR] CADModel:125 - Updater not yet initialized, retry later 
2023-11-25 20:10:30,597 [FATAL] Updater:308 - Updater called before beeing initialized
2023-11-25 20:10:30,735 [FATAL] Updater:308 - Updater called before beeing initialized
2023-11-25 20:10:30,748 [INFO] DbMcusAds:53 - JSON generation date=Tue Mar 07 12:20:55 IRST 2023 (1678179055335)
2023-11-25 20:10:30,748 [FATAL] Updater:308 - Updater called before beeing initialized
2023-11-25 20:10:30,844 [WARN] DetailPanel:346 - Failed to get advertising image, set to default
2023-11-25 20:10:30,964 [FATAL] Updater:308 - Updater called before beeing initialized
2023-11-25 20:10:30,966 [FATAL] Updater:308 - Updater called before beeing initialized
2023-11-25 20:10:30,966 [FATAL] Updater:308 - Updater called before beeing initialized
2023-11-25 20:10:30,966 [WARN] DetailPanel:346 - Failed to get advertising image, set to default
2023-11-25 20:10:30,968 [FATAL] Updater:308 - Updater called before beeing initialized
2023-11-25 20:10:31,038 [ERROR] Updater:1120 - MainUpdater not yet initialized. External WinMGr cannot be set.
2023-11-25 20:10:31,050 [INFO] Updater:1056 - Updater Version found : 6.9.2
2023-11-25 20:10:31,071 [INFO] ApplicationProperties:184 - Using Application install path: C:\ST\STM32CubeIDE_1.13.0\STM32CubeIDE\plugins\com.st.stm32cube.common.mx_6.9.2.202309101412
2023-11-25 20:10:32,494 [INFO] MainUpdater:2868 - connection check result : 10
2023-11-25 20:10:32,497 [INFO] MainUpdater:285 - Updater Check For Update Now.
2023-11-25 20:10:32,498 [INFO] MicroXplorer:498 - Change Database Version : DB.6.0.92
2023-11-25 20:10:32,531 [INFO] McuFinderGlobals:63 - Set McuFinder mode to 2 (CubeIDE integrated)
2023-11-25 20:10:32,531 [INFO] UserAuth:179 - activating auth plugin
2023-11-25 20:10:32,534 [INFO] UserAuth:393 - Internet connection configuration mode: 1
2023-11-25 20:10:32,571 [INFO] JxBrowserEngine:151 - Initiate JxBrowser Engine with user profile folder
2023-11-25 20:10:32,742 [INFO] CheckServerUpdateThread:120 - End of CheckServer Thread
2023-11-25 20:10:33,785 [WARN] PackLoader:240 - Cannot read IP mode file for STMicroelectronics.X-CUBE-SMBUS.2.1.0
2023-11-25 20:10:33,848 [WARN] PackLoader:240 - Cannot read IP mode file for STMicroelectronics.X-CUBE-AZRTOS-F7.1.1.0
2023-11-25 20:10:33,874 [WARN] PackLoader:240 - Cannot read IP mode file for STMicroelectronics.FP-SNS-MOTENV1.4.3.2
2023-11-25 20:10:33,898 [WARN] PackLoader:240 - Cannot read IP mode file for STMicroelectronics.FP-SNS-FLIGHT1.5.0.2
2023-11-25 20:10:33,919 [WARN] PackLoader:240 - Cannot read IP mode file for STMicroelectronics.X-CUBE-DISPLAY.3.0.0
2023-11-25 20:10:33,948 [WARN] PackLoader:240 - Cannot read IP mode file for STMicroelectronics.X-CUBE-BLE1.7.0.0
2023-11-25 20:10:33,967 [WARN] PackLoader:240 - Cannot read IP mode file for emotas.I-CUBE-CANOPEN.1.3.0
2023-11-25 20:10:33,985 [WARN] PackLoader:240 - Cannot read IP mode file for STMicroelectronics.X-CUBE-TOUCHGFX.4.22.1
2023-11-25 20:10:34,007 [WARN] PackLoader:240 - Cannot read IP mode file for STMicroelectronics.FP-SNS-SMARTAG2.1.2.0
2023-11-25 20:10:34,035 [INFO] LogOutputStream:77 - [STDOUT_REDIRECT] 1 : Invalid condition id : UX_CORESTACK_Condition cause : null
2023-11-25 20:10:34,036 [INFO] LogOutputStream:77 - [STDOUT_REDIRECT] 1 : Invalid condition id : UX_CORESTACK_Condition cause : null
2023-11-25 20:10:34,038 [INFO] LogOutputStream:77 - [STDOUT_REDIRECT] 1 : Invalid condition id : UX_CORESTACK_Condition cause : null
2023-11-25 20:10:34,041 [INFO] LogOutputStream:77 - [STDOUT_REDIRECT] 1 : Invalid condition id : UX_CORESTACK_Condition cause : null
2023-11-25 20:10:34,042 [INFO] LogOutputStream:77 - [STDOUT_REDIRECT] 1 : Invalid condition id : UX_CORESTACK_Condition cause : null
2023-11-25 20:10:34,047 [WARN] PackLoader:240 - Cannot read IP mode file for STMicroelectronics.X-CUBE-AZRTOS-WL.2.0.0
2023-11-25 20:10:34,076 [WARN] PackLoader:240 - Cannot read IP mode file for WES.I-CUBE-Cesium.1.3.0
2023-11-25 20:10:34,093 [WARN] PackLoader:240 - Cannot read IP mode file for STMicroelectronics.X-CUBE-BLE2.3.3.0
2023-11-25 20:10:34,110 [WARN] PackLoader:240 - Cannot read IP mode file for STMicroelectronics.X-CUBE-ALGOBUILD.1.3.0
2023-11-25 20:10:34,149 [WARN] PackLoader:240 - Cannot read IP mode file for STMicroelectronics.X-CUBE-AZRTOS-G0.1.1.0
2023-11-25 20:10:34,170 [WARN] PackLoader:240 - Cannot read IP mode file for STMicroelectronics.X-CUBE-NFC4.3.0.0
2023-11-25 20:10:34,192 [WARN] PackLoader:240 - Cannot read IP mode file for STMicroelectronics.FP-ATR-SIGFOX1.3.2.0
2023-11-25 20:10:34,238 [WARN] PackLoader:240 - Cannot read IP mode file for SEGGER.I-CUBE-embOS.1.3.1
2023-11-25 20:10:34,296 [WARN] PackLoader:240 - Cannot read IP mode file for STMicroelectronics.X-CUBE-GNSS1.6.0.0
2023-11-25 20:10:34,339 [WARN] PackLoader:240 - Cannot read IP mode file for STMicroelectronics.X-CUBE-AZRTOS-F4.1.1.0
2023-11-25 20:10:34,355 [WARN] PackLoader:240 - Cannot read IP mode file for wolfSSL.I-CUBE-wolfSSL.5.6.3
2023-11-25 20:10:34,403 [WARN] PackLoader:240 - Cannot read IP mode file for STMicroelectronics.X-CUBE-AZRTOS-L5.2.0.0
2023-11-25 20:10:34,528 [WARN] PackLoader:240 - Cannot read IP mode file for STMicroelectronics.X-CUBE-MEMS1.9.6.0
2023-11-25 20:10:34,746 [WARN] PackLoader:240 - Cannot read IP mode file for ITTIA_DB.I-CUBE-ITTIADB.8.8.0
2023-11-25 20:10:34,768 [WARN] PackLoader:240 - Cannot read IP mode file for STMicroelectronics.X-CUBE-BLEMGR.2.0.0
2023-11-25 20:10:34,803 [WARN] ConditionMgr:438 - getConditionDescription Invalid condition id : UX DEVICE CLASS RTOS Condition cause : null
2023-11-25 20:10:34,804 [WARN] ConditionMgr:438 - getConditionDescription Invalid condition id : UX DEVICE CLASS RTOS Condition cause : null
2023-11-25 20:10:34,808 [WARN] PackLoader:240 - Cannot read IP mode file for STMicroelectronics.X-CUBE-AZRTOS-H7.3.1.0
2023-11-25 20:10:34,809 [WARN] ConditionMgr:1039 - genDependencies : Invalid condition id : UX DEVICE CLASS RTOS Condition cause : null
2023-11-25 20:10:34,809 [WARN] ConditionMgr:1039 - genDependencies : Invalid condition id : UX DEVICE CLASS RTOS Condition cause : null
2023-11-25 20:10:34,810 [WARN] ConditionMgr:1039 - genDependencies : Invalid condition id : UX DEVICE CLASS RTOS Condition cause : null
2023-11-25 20:10:34,811 [WARN] ConditionMgr:1039 - genDependencies : Invalid condition id : UX DEVICE CLASS RTOS Condition cause : null
2023-11-25 20:10:34,811 [WARN] ConditionMgr:1039 - genDependencies : Invalid condition id : UX DEVICE CLASS RTOS Condition cause : null
2023-11-25 20:10:34,827 [WARN] PackLoader:240 - Cannot read IP mode file for STMicroelectronics.X-CUBE-NFC7.1.0.1
2023-11-25 20:10:34,844 [WARN] PackLoader:240 - Cannot read IP mode file for STMicroelectronics.X-CUBE-NFC6.3.0.0
2023-11-25 20:10:34,862 [WARN] PackLoader:240 - Cannot read IP mode file for STMicroelectronics.X-CUBE-EEPRMA1.4.1.0
2023-11-25 20:10:34,879 [WARN] PackLoader:240 - Cannot read IP mode file for STMicroelectronics.X-CUBE-AI.8.1.0
2023-11-25 20:10:34,931 [WARN] ConditionMgr:438 - getConditionDescription Invalid condition id : LAN8742 Phy interface Condition cause : null
2023-11-25 20:10:34,932 [WARN] PackLoader:240 - Cannot read IP mode file for STMicroelectronics.X-CUBE-AZRTOS-L4.2.0.0
2023-11-25 20:10:34,934 [WARN] ConditionMgr:1039 - genDependencies : Invalid condition id : LAN8742 Phy interface Condition cause : null
2023-11-25 20:10:34,934 [WARN] ConditionMgr:1039 - genDependencies : Invalid condition id : LAN8742 Phy interface Condition cause : null
2023-11-25 20:10:34,935 [WARN] ConditionMgr:1039 - genDependencies : Invalid condition id : LAN8742 Phy interface Condition cause : null
2023-11-25 20:10:34,968 [WARN] PackLoader:240 - Cannot read IP mode file for STMicroelectronics.X-CUBE-SFXS2LP1.4.0.0
2023-11-25 20:10:34,988 [WARN] PackLoader:240 - Cannot read IP mode file for STMicroelectronics.X-CUBE-ISPU.1.1.0
2023-11-25 20:10:35,019 [WARN] ConditionMgr:438 - getConditionDescription Invalid condition id : UX DEVICE CLASS RTOS Condition cause : null
2023-11-25 20:10:35,019 [WARN] ConditionMgr:438 - getConditionDescription Invalid condition id : UX DEVICE CLASS RTOS Condition cause : null
2023-11-25 20:10:35,022 [WARN] PackLoader:240 - Cannot read IP mode file for STMicroelectronics.X-CUBE-AZRTOS-WB.2.0.0
2023-11-25 20:10:35,022 [WARN] ConditionMgr:1039 - genDependencies : Invalid condition id : UX DEVICE CLASS RTOS Condition cause : null
2023-11-25 20:10:35,023 [WARN] ConditionMgr:1039 - genDependencies : Invalid condition id : UX DEVICE CLASS RTOS Condition cause : null
2023-11-25 20:10:35,023 [WARN] ConditionMgr:1039 - genDependencies : Invalid condition id : UX DEVICE CLASS RTOS Condition cause : null
2023-11-25 20:10:35,023 [WARN] ConditionMgr:1039 - genDependencies : Invalid condition id : UX DEVICE CLASS RTOS Condition cause : null
2023-11-25 20:10:35,024 [WARN] ConditionMgr:1039 - genDependencies : Invalid condition id : UX DEVICE CLASS RTOS Condition cause : null
2023-11-25 20:10:35,046 [WARN] PackLoader:240 - Cannot read IP mode file for STMicroelectronics.X-CUBE-SUBG2.5.0.0
2023-11-25 20:10:35,077 [WARN] PackLoader:240 - Cannot read IP mode file for STMicroelectronics.X-CUBE-TOF1.3.3.1
2023-11-25 20:10:35,121 [WARN] PackLoader:240 - Cannot read IP mode file for STMicroelectronics.X-CUBE-AZRTOS-G4.2.0.0
2023-11-25 20:10:35,154 [WARN] PackLoader:240 - Cannot read IP mode file for Infineon.AIROC-Wi-Fi-Bluetooth-STM32.1.5.1
2023-11-25 20:10:35,174 [WARN] PackLoader:240 - Cannot read IP mode file for STMicroelectronics.FP-SNS-MOTENVWB1.1.3.0
2023-11-25 20:10:35,250 [WARN] PackLoader:240 - Cannot read IP mode file for STMicroelectronics.X-CUBE-MEMS1.10.0.0
2023-11-25 20:10:35,873 [WARN] PackLoader:240 - Cannot read IP mode file for STMicroelectronics.X-CUBE-FREERTOS.1.1.0
2023-11-25 20:10:35,896 [WARN] PackLoader:240 - Cannot read IP mode file for portGmbH.I-Cube-SoM-uGOAL.1.1.0
2023-11-25 20:10:35,914 [WARN] PackLoader:240 - Cannot read IP mode file for STMicroelectronics.X-CUBE-ALS.1.0.1
2023-11-25 20:10:35,934 [WARN] PackLoader:240 - Cannot read IP mode file for STMicroelectronics.FP-ATR-ASTRA1.2.0.0
2023-11-25 20:10:35,963 [WARN] PackLoader:240 - Cannot read IP mode file for STMicroelectronics.X-CUBE-TOF1.3.4.0
2023-11-25 20:10:35,975 [INFO] ThirdParty:978 - Integrity check success = true
2023-11-25 20:10:35,975 [INFO] IntegrityCheckThread:100 - exiting critical section [integrity check]
2023-11-25 20:10:35,975 [INFO] IntegrityCheckThread:103 - End integrity checks thread
2023-11-25 20:10:36,428 [INFO] WebApp:157 - Instantiating new browser for Auth
2023-11-25 20:10:37,355 [INFO] WebApp:753 - Register for checkConnection events
2023-11-25 20:10:37,355 [INFO] WebApp:390 - Apply proxy settings
2023-11-25 20:10:37,355 [INFO] WebApp:475 - Chromium requires no authentication
2023-11-25 20:10:37,366 [INFO] WebApp:418 - Direct internet connection detected
2023-11-25 20:10:37,570 [INFO] WebApp:188 - Starting web application
2023-11-25 20:10:37,570 [INFO] WebApp:520 - Web application path used C:\ST\STM32CubeIDE_1.13.0\STM32CubeIDE\plugins\com.st.stm32cube.common.mx_6.9.2.202309101412\db\plugins\mcufinder\reactClient1\index.html
2023-11-25 20:10:45,148 [ERROR] LogOutputStream:75 - [STDERR_REDIRECT] SLF4J: Failed to load class "org.slf4j.impl.StaticLoggerBinder".
2023-11-25 20:10:45,149 [ERROR] LogOutputStream:75 - [STDERR_REDIRECT] SLF4J: Defaulting to no-operation (NOP) logger implementation
2023-11-25 20:10:45,150 [ERROR] LogOutputStream:75 - [STDERR_REDIRECT] SLF4J: See http://www.slf4j.org/codes.html#StaticLoggerBinder for further details.
2023-11-25 22:50:24,243 [ERROR] LogOutputStream:75 - [STDERR_REDIRECT] 
