2024-01-01 11:22:01,355 [INFO] Activator:176 - 


2024-01-01 11:22:01,368 [INFO] Activator:177 - !SESSION log4j initialized
2024-01-01 11:22:09,697 [INFO] LogOutputStream:77 - [STDOUT_REDIRECT] 
2024-01-01 11:22:12,789 [INFO] ApplicationProperties:184 - Using Application install path: C:\ST\STM32CubeIDE_1.13.0\STM32CubeIDE\plugins\com.st.stm32cube.common.mx_6.9.2.202309101412
2024-01-01 11:22:12,816 [INFO] DbMcusXml:78 - Set database path to: C:\ST\STM32CubeIDE_1.13.0\STM32CubeIDE\plugins\com.st.stm32cube.common.mx_6.9.2.202309101412\\db\/mcu/
2024-01-01 11:22:12,816 [INFO] ApiDb:274 - Set plugin database path to: C:\ST\STM32CubeIDE_1.13.0\STM32CubeIDE\plugins\com.st.stm32cube.common.mx_6.9.2.202309101412\\db\/plugins/boardmanager/
2024-01-01 11:22:12,817 [WARN] ApiDb:259 - Overriding images path with different value:  => C:\ST\STM32CubeIDE_1.13.0\STM32CubeIDE\plugins\com.st.stm32cube.common.mx_6.9.2.202309101412\\db\/plugins/mcufinder/images/
2024-01-01 11:22:12,836 [INFO] ApiDb:250 - Set database path to: C:\Users\98919\.stmcufinder\plugins\mcufinder//mcu/
2024-01-01 11:22:12,837 [INFO] DbMcusAds:125 - Set database path to: C:\Users\98919\.stmcufinder\plugins\mcufinder//mcu/
2024-01-01 11:22:12,841 [INFO] CrossReferenceDbSqlite:203 - Set database path to: C:\Users\98919\.stmcufinder\plugins\mcufinder//mcu/cs/
2024-01-01 11:22:13,026 [INFO] RulesReader:64 - Compatibility file has been processed (293 Rules)
2024-01-01 11:22:13,199 [INFO] DbMcusXml:78 - Set database path to: C:\ST\STM32CubeIDE_1.13.0\STM32CubeIDE\plugins\com.st.stm32cube.common.mx_6.9.2.202309101412\\db\/mcu/
2024-01-01 11:22:13,199 [INFO] ApiDb:274 - Set plugin database path to: C:\ST\STM32CubeIDE_1.13.0\STM32CubeIDE\plugins\com.st.stm32cube.common.mx_6.9.2.202309101412\\db\/plugins/boardmanager/
2024-01-01 11:22:13,200 [INFO] ApiDb:261 - Set plugin images path to: C:\ST\STM32CubeIDE_1.13.0\STM32CubeIDE\plugins\com.st.stm32cube.common.mx_6.9.2.202309101412\\db\/plugins/mcufinder/images/
2024-01-01 11:22:13,201 [WARN] DbFile:41 - Overriding database path with different value: C:\Users\98919\.stmcufinder\plugins\mcufinder/ => C:\Users\98919\.stmcufinder\plugins\mcufinder
2024-01-01 11:22:13,201 [INFO] ApiDb:250 - Set database path to: C:\Users\98919\.stmcufinder\plugins\mcufinder//mcu/
2024-01-01 11:22:13,201 [WARN] DbFile:41 - Overriding database path with different value: C:\Users\98919\.stmcufinder\plugins\mcufinder/ => C:\Users\98919\.stmcufinder\plugins\mcufinder
2024-01-01 11:22:13,201 [INFO] DbMcusAds:125 - Set database path to: C:\Users\98919\.stmcufinder\plugins\mcufinder//mcu/
2024-01-01 11:22:13,202 [WARN] DbFile:41 - Overriding database path with different value: C:\Users\98919\.stmcufinder\plugins\mcufinder/ => C:\Users\98919\.stmcufinder\plugins\mcufinder
2024-01-01 11:22:13,202 [WARN] DbFile:41 - Overriding database path with different value: C:\Users\98919\.stmcufinder\plugins\mcufinder/ => C:\Users\98919\.stmcufinder\plugins\mcufinder
2024-01-01 11:22:13,202 [INFO] CrossReferenceDbSqlite:203 - Set database path to: C:\Users\98919\.stmcufinder\plugins\mcufinder//mcu/cs/
2024-01-01 11:22:13,370 [INFO] MainPanel:262 - HeapMemory: 268435456
2024-01-01 11:22:13,519 [INFO] DbMcusXml:78 - Set database path to: C:\ST\STM32CubeIDE_1.13.0\STM32CubeIDE\plugins\com.st.stm32cube.common.mx_6.9.2.202309101412\\db\/mcu/
2024-01-01 11:22:13,519 [INFO] ApiDb:274 - Set plugin database path to: C:\ST\STM32CubeIDE_1.13.0\STM32CubeIDE\plugins\com.st.stm32cube.common.mx_6.9.2.202309101412\\db\/plugins/boardmanager/
2024-01-01 11:22:13,519 [INFO] ApiDb:261 - Set plugin images path to: C:\ST\STM32CubeIDE_1.13.0\STM32CubeIDE\plugins\com.st.stm32cube.common.mx_6.9.2.202309101412\\db\/plugins/mcufinder/images/
2024-01-01 11:22:13,520 [WARN] DbFile:41 - Overriding database path with different value: C:\Users\98919\.stmcufinder\plugins\mcufinder/ => C:\Users\98919\.stmcufinder\plugins\mcufinder
2024-01-01 11:22:13,520 [INFO] ApiDb:250 - Set database path to: C:\Users\98919\.stmcufinder\plugins\mcufinder//mcu/
2024-01-01 11:22:13,520 [WARN] DbFile:41 - Overriding database path with different value: C:\Users\98919\.stmcufinder\plugins\mcufinder/ => C:\Users\98919\.stmcufinder\plugins\mcufinder
2024-01-01 11:22:13,520 [INFO] DbMcusAds:125 - Set database path to: C:\Users\98919\.stmcufinder\plugins\mcufinder//mcu/
2024-01-01 11:22:13,520 [WARN] DbFile:41 - Overriding database path with different value: C:\Users\98919\.stmcufinder\plugins\mcufinder/ => C:\Users\98919\.stmcufinder\plugins\mcufinder
2024-01-01 11:22:13,521 [WARN] DbFile:41 - Overriding database path with different value: C:\Users\98919\.stmcufinder\plugins\mcufinder/ => C:\Users\98919\.stmcufinder\plugins\mcufinder
2024-01-01 11:22:13,521 [INFO] CrossReferenceDbSqlite:203 - Set database path to: C:\Users\98919\.stmcufinder\plugins\mcufinder//mcu/cs/
2024-01-01 11:22:13,550 [INFO] ApplicationProperties:184 - Using Application install path: C:\ST\STM32CubeIDE_1.13.0\STM32CubeIDE\plugins\com.st.stm32cube.common.mx_6.9.2.202309101412
2024-01-01 11:22:13,552 [INFO] PluginManage:196 - Search for loadable plugins [exclusion list=, ]
2024-01-01 11:22:13,554 [INFO] PluginManage:310 - Check plugin analytics
2024-01-01 11:22:13,799 [INFO] AnalyticsPlugin:253 - Accepted Software Licenses: 
2024-01-01 11:22:13,799 [INFO] AnalyticsPlugin:255 - Accepted CMSIS Pack Licenses: 
2024-01-01 11:22:13,800 [INFO] AnalyticsPlugin:257 - Accepted Firmware Licenses: FW.F4.1.27.0
2024-01-01 11:22:13,803 [INFO] PluginManage:359 - Loaded plugin analytics (category:tool,tabindex:-1)
2024-01-01 11:22:13,804 [INFO] PluginManage:310 - Check plugin cadmodel
2024-01-01 11:22:13,825 [INFO] CADModel:105 - Init CAD model plugin
2024-01-01 11:22:13,825 [INFO] PluginManage:359 - Loaded plugin cadmodel (category:power,tabindex:5)
2024-01-01 11:22:13,825 [INFO] PluginManage:310 - Check plugin clock
2024-01-01 11:22:13,850 [INFO] PluginManage:359 - Loaded plugin clock (category:base,tabindex:2)
2024-01-01 11:22:13,851 [INFO] PluginManage:310 - Check plugin ddr
2024-01-01 11:22:13,853 [INFO] PluginManage:359 - Loaded plugin ddr (category:tool,tabindex:6)
2024-01-01 11:22:13,854 [INFO] PluginManage:310 - Check plugin filemanager
2024-01-01 11:22:14,030 [INFO] PluginManage:359 - Loaded plugin filemanager (category:base,tabindex:10)
2024-01-01 11:22:14,030 [INFO] PluginManage:310 - Check plugin ipmanager
2024-01-01 11:22:14,041 [INFO] PluginManage:359 - Loaded plugin ipmanager (category:base,tabindex:5)
2024-01-01 11:22:14,042 [INFO] PluginManage:310 - Check plugin lpbam
2024-01-01 11:22:14,064 [INFO] PluginManage:359 - Loaded plugin lpbam (category:base,tabindex:0)
2024-01-01 11:22:14,065 [INFO] PluginManage:310 - Check plugin memorymap
2024-01-01 11:22:14,095 [INFO] PluginManage:359 - Loaded plugin memorymap (category:base,tabindex:4)
2024-01-01 11:22:14,095 [INFO] PluginManage:310 - Check plugin pinoutandconfiguration
2024-01-01 11:22:14,118 [INFO] PluginManage:359 - Loaded plugin pinoutandconfiguration (category:base,tabindex:1)
2024-01-01 11:22:14,118 [INFO] PluginManage:310 - Check plugin pinoutconfig
2024-01-01 11:22:14,258 [WARN] SupportedApi:132 - Cannot load RTOS API schema: s4s-elt-must-match.1: The content of 'definitions' must match (annotation?, (simpleType | complexType)?, (unique | key | keyref)*)). A problem was found starting at: attribute.
2024-01-01 11:22:14,478 [INFO] PluginManage:359 - Loaded plugin pinoutconfig (category:base,tabindex:0)
2024-01-01 11:22:14,478 [INFO] PluginManage:310 - Check plugin power
2024-01-01 11:22:14,517 [INFO] PluginManage:359 - Loaded plugin power (category:power,tabindex:4)
2024-01-01 11:22:14,517 [INFO] PluginManage:310 - Check plugin projectmanager
2024-01-01 11:22:14,535 [INFO] PluginManage:359 - Loaded plugin projectmanager (category:projectmanager,tabindex:3)
2024-01-01 11:22:14,536 [INFO] PluginManage:310 - Check plugin thirdparty
2024-01-01 11:22:14,890 [INFO] PluginManage:359 - Loaded plugin thirdparty (category:base,tabindex:-1)
2024-01-01 11:22:14,891 [INFO] PluginManage:310 - Check plugin tools
2024-01-01 11:22:14,890 [WARN] IntegrityCheckThread:84 - waiting for thirdparty lock release [integrity check]
2024-01-01 11:22:14,891 [INFO] IntegrityCheckThread:86 - entering critical section [integrity check]
2024-01-01 11:22:14,892 [INFO] ThirdPartyUpdaterWithRetryManager:70 - Updater plugin not ready yet. [1/15]
2024-01-01 11:22:14,930 [INFO] PluginManage:359 - Loaded plugin tools (category:base,tabindex:7)
2024-01-01 11:22:14,931 [INFO] PluginManage:310 - Check plugin tutovideos
2024-01-01 11:22:15,200 [INFO] PluginManage:359 - Loaded plugin tutovideos (category:base,tabindex:-1)
2024-01-01 11:22:15,200 [INFO] PluginManage:310 - Check plugin updater
2024-01-01 11:22:15,216 [INFO] PluginManage:359 - Loaded plugin updater (category:base,tabindex:12)
2024-01-01 11:22:15,216 [INFO] PluginManage:310 - Check plugin userauth
2024-01-01 11:22:15,223 [INFO] UserAuth:113 - Init User Auth plugin
2024-01-01 11:22:15,223 [INFO] PluginManage:359 - Loaded plugin userauth (category:base,tabindex:14)
2024-01-01 11:22:15,224 [INFO] PluginManage:283 - PluginManage : Loaded plugins [17]
2024-01-01 11:22:15,543 [INFO] PinOutPanel:1499 - setPackage(No Configuration,No Configuration)
2024-01-01 11:22:15,704 [INFO] CADModel:165 - CPN selected for project level
2024-01-01 11:22:15,705 [INFO] CADModel:114 - Register for checkConnection events
2024-01-01 11:22:15,741 [INFO] IPUIPlugin:80 - create IPUIPlugin
2024-01-01 11:22:15,741 [INFO] PluginManager:220 - loadIPPluginJar : add adc
2024-01-01 11:22:15,783 [INFO] IPUIPlugin:80 - create IPUIPlugin
2024-01-01 11:22:15,783 [INFO] PluginManager:220 - loadIPPluginJar : add aes
2024-01-01 11:22:15,832 [INFO] IPUIPlugin:80 - create IPUIPlugin
2024-01-01 11:22:15,832 [INFO] PluginManager:220 - loadIPPluginJar : add can
2024-01-01 11:22:15,858 [INFO] IPUIPlugin:80 - create IPUIPlugin
2024-01-01 11:22:15,858 [INFO] PluginManager:220 - loadIPPluginJar : add comp
2024-01-01 11:22:15,899 [INFO] IPUIPlugin:80 - create IPUIPlugin
2024-01-01 11:22:15,900 [INFO] PluginManager:220 - loadIPPluginJar : add cryp
2024-01-01 11:22:15,934 [INFO] IPUIPlugin:80 - create IPUIPlugin
2024-01-01 11:22:15,934 [INFO] PluginManager:220 - loadIPPluginJar : add dfsdm
2024-01-01 11:22:15,951 [INFO] IPUIPlugin:80 - create IPUIPlugin
2024-01-01 11:22:15,951 [INFO] PluginManager:220 - loadIPPluginJar : add dma
2024-01-01 11:22:16,004 [INFO] IPUIPlugin:80 - create IPUIPlugin
2024-01-01 11:22:16,004 [INFO] PluginManager:220 - loadIPPluginJar : add dma3
2024-01-01 11:22:16,029 [INFO] IPUIPlugin:80 - create IPUIPlugin
2024-01-01 11:22:16,029 [INFO] PluginManager:220 - loadIPPluginJar : add fatfs
2024-01-01 11:22:16,085 [INFO] IPUIPlugin:80 - create IPUIPlugin
2024-01-01 11:22:16,085 [INFO] PluginManager:220 - loadIPPluginJar : add fmc
2024-01-01 11:22:16,103 [INFO] IPUIPlugin:80 - create IPUIPlugin
2024-01-01 11:22:16,104 [INFO] PluginManager:220 - loadIPPluginJar : add freertos
2024-01-01 11:22:16,132 [INFO] IPUIPlugin:80 - create IPUIPlugin
2024-01-01 11:22:16,132 [INFO] PluginManager:220 - loadIPPluginJar : add genericplugin
2024-01-01 11:22:16,255 [INFO] IPUIPlugin:80 - create IPUIPlugin
2024-01-01 11:22:16,255 [INFO] PluginManager:220 - loadIPPluginJar : add gfxmmu
2024-01-01 11:22:16,417 [INFO] IPUIPlugin:80 - create IPUIPlugin
2024-01-01 11:22:16,417 [INFO] PluginManager:220 - loadIPPluginJar : add gic
2024-01-01 11:22:16,432 [INFO] IPUIPlugin:80 - create IPUIPlugin
2024-01-01 11:22:16,433 [INFO] PluginManager:220 - loadIPPluginJar : add gpio
2024-01-01 11:22:16,551 [INFO] IPUIPlugin:80 - create IPUIPlugin
2024-01-01 11:22:16,551 [INFO] PluginManager:220 - loadIPPluginJar : add gtzc
2024-01-01 11:22:16,591 [INFO] IPUIPlugin:80 - create IPUIPlugin
2024-01-01 11:22:16,591 [INFO] PluginManager:220 - loadIPPluginJar : add hash
2024-01-01 11:22:16,653 [INFO] IPUIPlugin:80 - create IPUIPlugin
2024-01-01 11:22:16,653 [INFO] PluginManager:220 - loadIPPluginJar : add i2c
2024-01-01 11:22:16,699 [INFO] IPUIPlugin:80 - create IPUIPlugin
2024-01-01 11:22:16,699 [INFO] PluginManager:220 - loadIPPluginJar : add i2s
2024-01-01 11:22:16,750 [INFO] IPUIPlugin:80 - create IPUIPlugin
2024-01-01 11:22:16,750 [INFO] PluginManager:220 - loadIPPluginJar : add i3c
2024-01-01 11:22:16,878 [INFO] IPUIPlugin:80 - create IPUIPlugin
2024-01-01 11:22:16,878 [INFO] PluginManager:220 - loadIPPluginJar : add ipddr
2024-01-01 11:22:16,992 [INFO] IPUIPlugin:80 - create IPUIPlugin
2024-01-01 11:22:16,992 [INFO] PluginManager:220 - loadIPPluginJar : add linkedlist
2024-01-01 11:22:17,035 [INFO] IPUIPlugin:80 - create IPUIPlugin
2024-01-01 11:22:17,035 [INFO] PluginManager:220 - loadIPPluginJar : add lorawan
2024-01-01 11:22:17,080 [INFO] IPUIPlugin:80 - create IPUIPlugin
2024-01-01 11:22:17,080 [INFO] PluginManager:220 - loadIPPluginJar : add ltdc
2024-01-01 11:22:17,111 [INFO] IPUIPlugin:80 - create IPUIPlugin
2024-01-01 11:22:17,112 [INFO] PluginManager:220 - loadIPPluginJar : add mdma
2024-01-01 11:22:17,129 [INFO] IPUIPlugin:80 - create IPUIPlugin
2024-01-01 11:22:17,129 [INFO] PluginManager:220 - loadIPPluginJar : add nvic
2024-01-01 11:22:17,188 [INFO] IPUIPlugin:80 - create IPUIPlugin
2024-01-01 11:22:17,188 [INFO] PluginManager:220 - loadIPPluginJar : add opamp
2024-01-01 11:22:17,284 [INFO] IPUIPlugin:80 - create IPUIPlugin
2024-01-01 11:22:17,285 [INFO] PluginManager:220 - loadIPPluginJar : add openamp
2024-01-01 11:22:17,337 [INFO] IPUIPlugin:80 - create IPUIPlugin
2024-01-01 11:22:17,337 [INFO] PluginManager:220 - loadIPPluginJar : add pdm2pcm
2024-01-01 11:22:17,355 [INFO] IPUIPlugin:80 - create IPUIPlugin
2024-01-01 11:22:17,357 [INFO] PluginManager:220 - loadIPPluginJar : add plateformsettings
2024-01-01 11:22:17,384 [INFO] IPUIPlugin:80 - create IPUIPlugin
2024-01-01 11:22:17,384 [INFO] PluginManager:220 - loadIPPluginJar : add quadspi
2024-01-01 11:22:17,399 [INFO] IPUIPlugin:80 - create IPUIPlugin
2024-01-01 11:22:17,400 [INFO] PluginManager:220 - loadIPPluginJar : add resmgrutility
2024-01-01 11:22:17,459 [INFO] IPUIPlugin:80 - create IPUIPlugin
2024-01-01 11:22:17,459 [INFO] PluginManager:220 - loadIPPluginJar : add sai
2024-01-01 11:22:17,506 [INFO] IPUIPlugin:80 - create IPUIPlugin
2024-01-01 11:22:17,507 [INFO] PluginManager:220 - loadIPPluginJar : add spi
2024-01-01 11:22:17,579 [INFO] IPUIPlugin:80 - create IPUIPlugin
2024-01-01 11:22:17,579 [INFO] PluginManager:220 - loadIPPluginJar : add stm32_wpan
2024-01-01 11:22:17,607 [INFO] IPUIPlugin:80 - create IPUIPlugin
2024-01-01 11:22:17,607 [INFO] PluginManager:220 - loadIPPluginJar : add tim
2024-01-01 11:22:17,670 [INFO] IPUIPlugin:80 - create IPUIPlugin
2024-01-01 11:22:17,671 [INFO] PluginManager:220 - loadIPPluginJar : add touchsensing
2024-01-01 11:22:17,699 [INFO] IPUIPlugin:80 - create IPUIPlugin
2024-01-01 11:22:17,699 [INFO] PluginManager:220 - loadIPPluginJar : add tracer_emb
2024-01-01 11:22:17,727 [INFO] IPUIPlugin:80 - create IPUIPlugin
2024-01-01 11:22:17,728 [INFO] PluginManager:220 - loadIPPluginJar : add ts
2024-01-01 11:22:17,752 [INFO] IPUIPlugin:80 - create IPUIPlugin
2024-01-01 11:22:17,752 [INFO] PluginManager:220 - loadIPPluginJar : add tsc
2024-01-01 11:22:17,776 [INFO] IPUIPlugin:80 - create IPUIPlugin
2024-01-01 11:22:17,777 [INFO] PluginManager:220 - loadIPPluginJar : add ucpd
2024-01-01 11:22:17,829 [INFO] IPUIPlugin:80 - create IPUIPlugin
2024-01-01 11:22:17,829 [INFO] PluginManager:220 - loadIPPluginJar : add usart
2024-01-01 11:22:17,879 [INFO] IPUIPlugin:80 - create IPUIPlugin
2024-01-01 11:22:17,879 [INFO] PluginManager:220 - loadIPPluginJar : add usbx
2024-01-01 11:22:17,893 [INFO] ThirdPartyUpdaterWithRetryManager:70 - Updater plugin not ready yet. [2/15]
2024-01-01 11:22:18,032 [INFO] CADModel:165 - CPN selected for project level
2024-01-01 11:22:18,032 [INFO] CADModel:114 - Register for checkConnection events
2024-01-01 11:22:18,032 [FATAL] Updater:308 - Updater called before beeing initialized
2024-01-01 11:22:18,032 [ERROR] CADModel:125 - Updater not yet initialized, retry later 
2024-01-01 11:22:18,214 [INFO] CADModel:165 - CPN selected for project level
2024-01-01 11:22:18,214 [INFO] CADModel:114 - Register for checkConnection events
2024-01-01 11:22:18,214 [FATAL] Updater:308 - Updater called before beeing initialized
2024-01-01 11:22:18,215 [ERROR] CADModel:125 - Updater not yet initialized, retry later 
2024-01-01 11:22:18,219 [FATAL] Updater:308 - Updater called before beeing initialized
2024-01-01 11:22:18,399 [FATAL] Updater:308 - Updater called before beeing initialized
2024-01-01 11:22:18,413 [INFO] DbMcusAds:53 - JSON generation date=Tue Mar 07 12:20:55 IRST 2023 (1678179055335)
2024-01-01 11:22:18,413 [FATAL] Updater:308 - Updater called before beeing initialized
2024-01-01 11:22:18,518 [WARN] DetailPanel:346 - Failed to get advertising image, set to default
2024-01-01 11:22:18,684 [FATAL] Updater:308 - Updater called before beeing initialized
2024-01-01 11:22:18,686 [FATAL] Updater:308 - Updater called before beeing initialized
2024-01-01 11:22:18,687 [FATAL] Updater:308 - Updater called before beeing initialized
2024-01-01 11:22:18,687 [WARN] DetailPanel:346 - Failed to get advertising image, set to default
2024-01-01 11:22:18,688 [FATAL] Updater:308 - Updater called before beeing initialized
2024-01-01 11:22:18,766 [ERROR] Updater:1120 - MainUpdater not yet initialized. External WinMGr cannot be set.
2024-01-01 11:22:18,781 [INFO] Updater:1056 - Updater Version found : 6.9.2
2024-01-01 11:22:18,805 [INFO] ApplicationProperties:184 - Using Application install path: C:\ST\STM32CubeIDE_1.13.0\STM32CubeIDE\plugins\com.st.stm32cube.common.mx_6.9.2.202309101412
2024-01-01 11:22:20,244 [INFO] MainUpdater:2868 - connection check result : 10
2024-01-01 11:22:20,244 [INFO] MainUpdater:3562 - Updater definition file requires update
2024-01-01 11:22:20,246 [INFO] MainUpdater:285 - Updater Check For Update Now.
2024-01-01 11:22:20,246 [INFO] MicroXplorer:498 - Change Database Version : DB.6.0.92
2024-01-01 11:22:20,265 [INFO] McuFinderGlobals:63 - Set McuFinder mode to 2 (CubeIDE integrated)
2024-01-01 11:22:20,266 [INFO] UserAuth:179 - activating auth plugin
2024-01-01 11:22:20,268 [INFO] UserAuth:393 - Internet connection configuration mode: 1
2024-01-01 11:22:20,297 [INFO] JxBrowserEngine:151 - Initiate JxBrowser Engine with user profile folder
2024-01-01 11:22:20,609 [INFO] ServerAccessManage:473 - Download File updaters.zip
2024-01-01 11:22:20,895 [WARN] MainUpdater:1189 - Updater busy. Cannot search thirdparties
2024-01-01 11:22:20,896 [INFO] ThirdPartyUpdaterWithRetryManager:96 - Updater plugin is busy. [1/15]
2024-01-01 11:22:22,059 [INFO] FileExtend:240 - Unzip File : updaters.zip
2024-01-01 11:22:22,060 [INFO] FileExtend:255 - Standard Zip Deflate
2024-01-01 11:22:22,837 [INFO] ServerAccessManage:473 - Download File PacksControlFlags.xml
2024-01-01 11:22:23,317 [INFO] ServerAccessManage:473 - Download File cubemx.pidx
2024-01-01 11:22:23,897 [WARN] MainUpdater:1189 - Updater busy. Cannot search thirdparties
2024-01-01 11:22:23,897 [INFO] ThirdPartyUpdaterWithRetryManager:96 - Updater plugin is busy. [2/15]
2024-01-01 11:22:24,518 [INFO] WebApp:157 - Instantiating new browser for Auth
2024-01-01 11:22:25,301 [INFO] ServerAccessManage:473 - Download File STMicroelectronics.FP-SNS-MOTENVWB1.pdsc
2024-01-01 11:22:25,713 [INFO] WebApp:753 - Register for checkConnection events
2024-01-01 11:22:25,713 [INFO] WebApp:390 - Apply proxy settings
2024-01-01 11:22:25,713 [INFO] WebApp:475 - Chromium requires no authentication
2024-01-01 11:22:25,729 [INFO] WebApp:418 - Direct internet connection detected
2024-01-01 11:22:26,142 [INFO] WebApp:188 - Starting web application
2024-01-01 11:22:26,142 [INFO] WebApp:520 - Web application path used C:\ST\STM32CubeIDE_1.13.0\STM32CubeIDE\plugins\com.st.stm32cube.common.mx_6.9.2.202309101412\db\plugins\mcufinder\reactClient1\index.html
2024-01-01 11:22:26,898 [WARN] MainUpdater:1189 - Updater busy. Cannot search thirdparties
2024-01-01 11:22:26,898 [INFO] ThirdPartyUpdaterWithRetryManager:96 - Updater plugin is busy. [3/15]
2024-01-01 11:22:27,197 [INFO] ServerAccessManage:473 - Download File STMicroelectronics.X-CUBE-ISPU.pdsc
2024-01-01 11:22:29,192 [INFO] ServerAccessManage:473 - Download File STMicroelectronics.X-CUBE-TOUCHGFX.pdsc
2024-01-01 11:22:29,899 [WARN] MainUpdater:1189 - Updater busy. Cannot search thirdparties
2024-01-01 11:22:29,899 [INFO] ThirdPartyUpdaterWithRetryManager:96 - Updater plugin is busy. [4/15]
2024-01-01 11:22:32,104 [ERROR] LogOutputStream:75 - [STDERR_REDIRECT] SLF4J: Failed to load class "org.slf4j.impl.StaticLoggerBinder".
2024-01-01 11:22:32,105 [ERROR] LogOutputStream:75 - [STDERR_REDIRECT] SLF4J: Defaulting to no-operation (NOP) logger implementation
2024-01-01 11:22:32,107 [ERROR] LogOutputStream:75 - [STDERR_REDIRECT] SLF4J: See http://www.slf4j.org/codes.html#StaticLoggerBinder for further details.
2024-01-01 11:22:32,901 [WARN] MainUpdater:1189 - Updater busy. Cannot search thirdparties
2024-01-01 11:22:32,901 [INFO] ThirdPartyUpdaterWithRetryManager:96 - Updater plugin is busy. [5/15]
2024-01-01 11:22:35,904 [WARN] MainUpdater:1189 - Updater busy. Cannot search thirdparties
2024-01-01 11:22:35,904 [INFO] ThirdPartyUpdaterWithRetryManager:96 - Updater plugin is busy. [6/15]
2024-01-01 11:22:38,524 [INFO] ServerAccessManage:473 - Download File STMicroelectronics.X-CUBE-AZRTOS-H7.pdsc
2024-01-01 11:22:38,907 [WARN] MainUpdater:1189 - Updater busy. Cannot search thirdparties
2024-01-01 11:22:38,907 [INFO] ThirdPartyUpdaterWithRetryManager:96 - Updater plugin is busy. [7/15]
2024-01-01 11:22:41,907 [WARN] MainUpdater:1189 - Updater busy. Cannot search thirdparties
2024-01-01 11:22:41,907 [INFO] ThirdPartyUpdaterWithRetryManager:96 - Updater plugin is busy. [8/15]
2024-01-01 11:22:44,503 [ERROR] ServerAccessManage:1096 - Problem, Http access forbiden
2024-01-01 11:22:44,506 [ERROR] ServerAccessManage:651 - Problem, Http access forbiden : RoweBots.I-CUBE-UNISONRTOS.pdsc.
2024-01-01 11:22:44,742 [WARN] PackLoader:240 - Cannot read IP mode file for STMicroelectronics.FP-SNS-MOTENVWB1.1.3.1
2024-01-01 11:22:44,760 [WARN] PackLoader:240 - Cannot read IP mode file for STMicroelectronics.X-CUBE-ISPU.2.0.0
2024-01-01 11:22:44,767 [WARN] PackLoader:240 - Cannot read IP mode file for STMicroelectronics.X-CUBE-TOUCHGFX.4.23.0
2024-01-01 11:22:44,823 [WARN] PackLoader:240 - Cannot read IP mode file for STMicroelectronics.X-CUBE-AZRTOS-H7.3.2.0
2024-01-01 11:22:44,831 [INFO] PopulateThirdPartyThread:66 - Ending populate Thread
2024-01-01 11:22:44,834 [INFO] ThirdParty:1030 - CMSIS Pack Vendor :STMicroelectronics FP-SNS-MOTENVWB1 1.3.1
2024-01-01 11:22:44,834 [INFO] ThirdParty:1030 - CMSIS Pack Vendor :STMicroelectronics X-CUBE-TOUCHGFX 4.23.0
2024-01-01 11:22:44,834 [INFO] ThirdParty:1030 - CMSIS Pack Vendor :STMicroelectronics X-CUBE-AZRTOS-H7 3.2.0
2024-01-01 11:22:44,834 [INFO] ThirdParty:1030 - CMSIS Pack Vendor :STMicroelectronics X-CUBE-ISPU 2.0.0
2024-01-01 11:22:44,834 [INFO] LoadServerUpdatesThread:373 - End of LoadServerUpdate Thread
2024-01-01 11:22:44,909 [INFO] CheckServerUpdateThread:120 - End of CheckServer Thread
2024-01-01 11:22:45,193 [WARN] PackLoader:240 - Cannot read IP mode file for STMicroelectronics.X-CUBE-SMBUS.2.1.0
2024-01-01 11:22:45,199 [WARN] PackLoader:240 - Cannot read IP mode file for STMicroelectronics.X-CUBE-TOUCHGFX.4.23.0
2024-01-01 11:22:45,245 [WARN] PackLoader:240 - Cannot read IP mode file for STMicroelectronics.X-CUBE-AZRTOS-F7.1.1.0
2024-01-01 11:22:45,276 [WARN] PackLoader:240 - Cannot read IP mode file for STMicroelectronics.FP-SNS-MOTENV1.4.3.2
2024-01-01 11:22:45,298 [WARN] PackLoader:240 - Cannot read IP mode file for STMicroelectronics.FP-SNS-FLIGHT1.5.0.2
2024-01-01 11:22:45,325 [WARN] PackLoader:240 - Cannot read IP mode file for STMicroelectronics.X-CUBE-DISPLAY.3.0.0
2024-01-01 11:22:45,356 [WARN] PackLoader:240 - Cannot read IP mode file for STMicroelectronics.X-CUBE-BLE1.7.0.0
2024-01-01 11:22:45,379 [WARN] PackLoader:240 - Cannot read IP mode file for emotas.I-CUBE-CANOPEN.1.3.0
2024-01-01 11:22:45,395 [WARN] PackLoader:240 - Cannot read IP mode file for STMicroelectronics.X-CUBE-TOUCHGFX.4.22.1
2024-01-01 11:22:45,412 [WARN] PackLoader:240 - Cannot read IP mode file for STMicroelectronics.FP-SNS-SMARTAG2.1.2.0
2024-01-01 11:22:45,442 [INFO] LogOutputStream:77 - [STDOUT_REDIRECT] 1 : Invalid condition id : UX_CORESTACK_Condition cause : null
2024-01-01 11:22:45,442 [INFO] LogOutputStream:77 - [STDOUT_REDIRECT] 1 : Invalid condition id : UX_CORESTACK_Condition cause : null
2024-01-01 11:22:45,445 [INFO] LogOutputStream:77 - [STDOUT_REDIRECT] 1 : Invalid condition id : UX_CORESTACK_Condition cause : null
2024-01-01 11:22:45,447 [INFO] LogOutputStream:77 - [STDOUT_REDIRECT] 1 : Invalid condition id : UX_CORESTACK_Condition cause : null
2024-01-01 11:22:45,449 [INFO] LogOutputStream:77 - [STDOUT_REDIRECT] 1 : Invalid condition id : UX_CORESTACK_Condition cause : null
2024-01-01 11:22:45,454 [WARN] PackLoader:240 - Cannot read IP mode file for STMicroelectronics.X-CUBE-AZRTOS-WL.2.0.0
2024-01-01 11:22:45,481 [WARN] PackLoader:240 - Cannot read IP mode file for WES.I-CUBE-Cesium.1.3.0
2024-01-01 11:22:45,507 [WARN] PackLoader:240 - Cannot read IP mode file for STMicroelectronics.X-CUBE-BLE2.3.3.0
2024-01-01 11:22:45,529 [WARN] PackLoader:240 - Cannot read IP mode file for STMicroelectronics.X-CUBE-ALGOBUILD.1.3.0
2024-01-01 11:22:45,565 [WARN] PackLoader:240 - Cannot read IP mode file for STMicroelectronics.X-CUBE-AZRTOS-G0.1.1.0
2024-01-01 11:22:45,585 [WARN] PackLoader:240 - Cannot read IP mode file for STMicroelectronics.X-CUBE-NFC4.3.0.0
2024-01-01 11:22:45,593 [WARN] PackLoader:240 - Cannot read IP mode file for STMicroelectronics.FP-ATR-SIGFOX1.3.2.0
2024-01-01 11:22:45,643 [WARN] PackLoader:240 - Cannot read IP mode file for SEGGER.I-CUBE-embOS.1.3.1
2024-01-01 11:22:45,716 [WARN] PackLoader:240 - Cannot read IP mode file for STMicroelectronics.X-CUBE-GNSS1.6.0.0
2024-01-01 11:22:45,759 [WARN] PackLoader:240 - Cannot read IP mode file for STMicroelectronics.X-CUBE-AZRTOS-F4.1.1.0
2024-01-01 11:22:45,782 [WARN] PackLoader:240 - Cannot read IP mode file for wolfSSL.I-CUBE-wolfSSL.5.6.3
2024-01-01 11:22:45,828 [WARN] PackLoader:240 - Cannot read IP mode file for STMicroelectronics.X-CUBE-AZRTOS-L5.2.0.0
2024-01-01 11:22:45,906 [WARN] PackLoader:240 - Cannot read IP mode file for STMicroelectronics.X-CUBE-MEMS1.9.6.0
2024-01-01 11:22:46,124 [WARN] PackLoader:240 - Cannot read IP mode file for ITTIA_DB.I-CUBE-ITTIADB.8.8.0
2024-01-01 11:22:46,147 [WARN] PackLoader:240 - Cannot read IP mode file for STMicroelectronics.X-CUBE-BLEMGR.2.0.0
2024-01-01 11:22:46,189 [WARN] ConditionMgr:438 - getConditionDescription Invalid condition id : UX DEVICE CLASS RTOS Condition cause : null
2024-01-01 11:22:46,189 [WARN] ConditionMgr:438 - getConditionDescription Invalid condition id : UX DEVICE CLASS RTOS Condition cause : null
2024-01-01 11:22:46,194 [WARN] PackLoader:240 - Cannot read IP mode file for STMicroelectronics.X-CUBE-AZRTOS-H7.3.1.0
2024-01-01 11:22:46,196 [WARN] ConditionMgr:1039 - genDependencies : Invalid condition id : UX DEVICE CLASS RTOS Condition cause : null
2024-01-01 11:22:46,196 [WARN] ConditionMgr:1039 - genDependencies : Invalid condition id : UX DEVICE CLASS RTOS Condition cause : null
2024-01-01 11:22:46,197 [WARN] ConditionMgr:1039 - genDependencies : Invalid condition id : UX DEVICE CLASS RTOS Condition cause : null
2024-01-01 11:22:46,198 [WARN] ConditionMgr:1039 - genDependencies : Invalid condition id : UX DEVICE CLASS RTOS Condition cause : null
2024-01-01 11:22:46,198 [WARN] ConditionMgr:1039 - genDependencies : Invalid condition id : UX DEVICE CLASS RTOS Condition cause : null
2024-01-01 11:22:46,220 [WARN] PackLoader:240 - Cannot read IP mode file for STMicroelectronics.X-CUBE-NFC7.1.0.1
2024-01-01 11:22:46,257 [WARN] PackLoader:240 - Cannot read IP mode file for STMicroelectronics.X-CUBE-NFC6.3.0.0
2024-01-01 11:22:46,276 [WARN] PackLoader:240 - Cannot read IP mode file for STMicroelectronics.X-CUBE-EEPRMA1.4.1.0
2024-01-01 11:22:46,292 [WARN] PackLoader:240 - Cannot read IP mode file for STMicroelectronics.X-CUBE-AI.8.1.0
2024-01-01 11:22:46,337 [WARN] ConditionMgr:438 - getConditionDescription Invalid condition id : LAN8742 Phy interface Condition cause : null
2024-01-01 11:22:46,338 [WARN] PackLoader:240 - Cannot read IP mode file for STMicroelectronics.X-CUBE-AZRTOS-L4.2.0.0
2024-01-01 11:22:46,340 [WARN] ConditionMgr:1039 - genDependencies : Invalid condition id : LAN8742 Phy interface Condition cause : null
2024-01-01 11:22:46,341 [WARN] ConditionMgr:1039 - genDependencies : Invalid condition id : LAN8742 Phy interface Condition cause : null
2024-01-01 11:22:46,342 [WARN] ConditionMgr:1039 - genDependencies : Invalid condition id : LAN8742 Phy interface Condition cause : null
2024-01-01 11:22:46,368 [WARN] PackLoader:240 - Cannot read IP mode file for STMicroelectronics.X-CUBE-SFXS2LP1.4.0.0
2024-01-01 11:22:46,391 [WARN] PackLoader:240 - Cannot read IP mode file for STMicroelectronics.X-CUBE-ISPU.1.1.0
2024-01-01 11:22:46,432 [WARN] ConditionMgr:438 - getConditionDescription Invalid condition id : UX DEVICE CLASS RTOS Condition cause : null
2024-01-01 11:22:46,433 [WARN] ConditionMgr:438 - getConditionDescription Invalid condition id : UX DEVICE CLASS RTOS Condition cause : null
2024-01-01 11:22:46,435 [WARN] PackLoader:240 - Cannot read IP mode file for STMicroelectronics.X-CUBE-AZRTOS-WB.2.0.0
2024-01-01 11:22:46,436 [WARN] ConditionMgr:1039 - genDependencies : Invalid condition id : UX DEVICE CLASS RTOS Condition cause : null
2024-01-01 11:22:46,437 [WARN] ConditionMgr:1039 - genDependencies : Invalid condition id : UX DEVICE CLASS RTOS Condition cause : null
2024-01-01 11:22:46,437 [WARN] ConditionMgr:1039 - genDependencies : Invalid condition id : UX DEVICE CLASS RTOS Condition cause : null
2024-01-01 11:22:46,438 [WARN] ConditionMgr:1039 - genDependencies : Invalid condition id : UX DEVICE CLASS RTOS Condition cause : null
2024-01-01 11:22:46,438 [WARN] ConditionMgr:1039 - genDependencies : Invalid condition id : UX DEVICE CLASS RTOS Condition cause : null
2024-01-01 11:22:46,475 [WARN] PackLoader:240 - Cannot read IP mode file for STMicroelectronics.X-CUBE-SUBG2.5.0.0
2024-01-01 11:22:46,525 [WARN] PackLoader:240 - Cannot read IP mode file for STMicroelectronics.X-CUBE-TOF1.3.3.1
2024-01-01 11:22:46,579 [WARN] PackLoader:240 - Cannot read IP mode file for STMicroelectronics.X-CUBE-AZRTOS-G4.2.0.0
2024-01-01 11:22:46,620 [WARN] PackLoader:240 - Cannot read IP mode file for Infineon.AIROC-Wi-Fi-Bluetooth-STM32.1.5.1
2024-01-01 11:22:46,646 [WARN] PackLoader:240 - Cannot read IP mode file for STMicroelectronics.FP-SNS-MOTENVWB1.1.3.0
2024-01-01 11:22:46,651 [WARN] PackLoader:240 - Cannot read IP mode file for STMicroelectronics.FP-SNS-MOTENVWB1.1.3.1
2024-01-01 11:22:46,659 [WARN] PackLoader:240 - Cannot read IP mode file for STMicroelectronics.X-CUBE-ISPU.2.0.0
2024-01-01 11:22:46,734 [WARN] PackLoader:240 - Cannot read IP mode file for STMicroelectronics.X-CUBE-MEMS1.10.0.0
2024-01-01 11:22:46,874 [WARN] PackLoader:240 - Cannot read IP mode file for STMicroelectronics.X-CUBE-FREERTOS.1.1.0
2024-01-01 11:22:46,894 [WARN] PackLoader:240 - Cannot read IP mode file for portGmbH.I-Cube-SoM-uGOAL.1.1.0
2024-01-01 11:22:46,912 [WARN] PackLoader:240 - Cannot read IP mode file for STMicroelectronics.X-CUBE-ALS.1.0.1
2024-01-01 11:22:46,920 [WARN] PackLoader:240 - Cannot read IP mode file for STMicroelectronics.FP-ATR-ASTRA1.2.0.0
2024-01-01 11:22:46,948 [WARN] PackLoader:240 - Cannot read IP mode file for STMicroelectronics.X-CUBE-TOF1.3.4.0
2024-01-01 11:22:46,981 [WARN] PackLoader:240 - Cannot read IP mode file for STMicroelectronics.X-CUBE-AZRTOS-H7.3.2.0
2024-01-01 11:22:46,987 [INFO] ThirdParty:978 - Integrity check success = true
2024-01-01 11:22:46,987 [INFO] IntegrityCheckThread:100 - exiting critical section [integrity check]
2024-01-01 11:22:46,987 [INFO] IntegrityCheckThread:103 - End integrity checks thread
2024-01-01 21:52:29,070 [INFO] WebApp:330 - JxBrowser engine has been closed 
