2023-11-16 10:24:11,860 [INFO] Activator:176 - 


2023-11-16 10:24:11,869 [INFO] Activator:177 - !SESSION log4j initialized
2023-11-16 10:24:19,084 [INFO] LogOutputStream:77 - [STDOUT_REDIRECT] 
2023-11-16 10:24:22,356 [INFO] ApplicationProperties:184 - Using Application install path: C:\ST\STM32CubeIDE_1.13.0\STM32CubeIDE\plugins\com.st.stm32cube.common.mx_6.9.2.202309101412
2023-11-16 10:24:22,387 [INFO] DbMcusXml:78 - Set database path to: C:\ST\STM32CubeIDE_1.13.0\STM32CubeIDE\plugins\com.st.stm32cube.common.mx_6.9.2.202309101412\\db\/mcu/
2023-11-16 10:24:22,388 [INFO] ApiDb:274 - Set plugin database path to: C:\ST\STM32CubeIDE_1.13.0\STM32CubeIDE\plugins\com.st.stm32cube.common.mx_6.9.2.202309101412\\db\/plugins/boardmanager/
2023-11-16 10:24:22,388 [WARN] ApiDb:259 - Overriding images path with different value:  => C:\ST\STM32CubeIDE_1.13.0\STM32CubeIDE\plugins\com.st.stm32cube.common.mx_6.9.2.202309101412\\db\/plugins/mcufinder/images/
2023-11-16 10:24:22,413 [INFO] ApiDb:250 - Set database path to: C:\Users\98919\.stmcufinder\plugins\mcufinder//mcu/
2023-11-16 10:24:22,415 [INFO] DbMcusAds:125 - Set database path to: C:\Users\98919\.stmcufinder\plugins\mcufinder//mcu/
2023-11-16 10:24:22,419 [INFO] CrossReferenceDbSqlite:203 - Set database path to: C:\Users\98919\.stmcufinder\plugins\mcufinder//mcu/cs/
2023-11-16 10:24:22,649 [INFO] RulesReader:64 - Compatibility file has been processed (293 Rules)
2023-11-16 10:24:22,964 [INFO] DbMcusXml:78 - Set database path to: C:\ST\STM32CubeIDE_1.13.0\STM32CubeIDE\plugins\com.st.stm32cube.common.mx_6.9.2.202309101412\\db\/mcu/
2023-11-16 10:24:22,965 [INFO] ApiDb:274 - Set plugin database path to: C:\ST\STM32CubeIDE_1.13.0\STM32CubeIDE\plugins\com.st.stm32cube.common.mx_6.9.2.202309101412\\db\/plugins/boardmanager/
2023-11-16 10:24:22,966 [INFO] ApiDb:261 - Set plugin images path to: C:\ST\STM32CubeIDE_1.13.0\STM32CubeIDE\plugins\com.st.stm32cube.common.mx_6.9.2.202309101412\\db\/plugins/mcufinder/images/
2023-11-16 10:24:22,966 [WARN] DbFile:41 - Overriding database path with different value: C:\Users\98919\.stmcufinder\plugins\mcufinder/ => C:\Users\98919\.stmcufinder\plugins\mcufinder
2023-11-16 10:24:22,967 [INFO] ApiDb:250 - Set database path to: C:\Users\98919\.stmcufinder\plugins\mcufinder//mcu/
2023-11-16 10:24:22,967 [WARN] DbFile:41 - Overriding database path with different value: C:\Users\98919\.stmcufinder\plugins\mcufinder/ => C:\Users\98919\.stmcufinder\plugins\mcufinder
2023-11-16 10:24:22,967 [INFO] DbMcusAds:125 - Set database path to: C:\Users\98919\.stmcufinder\plugins\mcufinder//mcu/
2023-11-16 10:24:22,968 [WARN] DbFile:41 - Overriding database path with different value: C:\Users\98919\.stmcufinder\plugins\mcufinder/ => C:\Users\98919\.stmcufinder\plugins\mcufinder
2023-11-16 10:24:22,968 [WARN] DbFile:41 - Overriding database path with different value: C:\Users\98919\.stmcufinder\plugins\mcufinder/ => C:\Users\98919\.stmcufinder\plugins\mcufinder
2023-11-16 10:24:22,968 [INFO] CrossReferenceDbSqlite:203 - Set database path to: C:\Users\98919\.stmcufinder\plugins\mcufinder//mcu/cs/
2023-11-16 10:24:23,189 [INFO] MainPanel:262 - HeapMemory: 268435456
2023-11-16 10:24:23,403 [INFO] DbMcusXml:78 - Set database path to: C:\ST\STM32CubeIDE_1.13.0\STM32CubeIDE\plugins\com.st.stm32cube.common.mx_6.9.2.202309101412\\db\/mcu/
2023-11-16 10:24:23,403 [INFO] ApiDb:274 - Set plugin database path to: C:\ST\STM32CubeIDE_1.13.0\STM32CubeIDE\plugins\com.st.stm32cube.common.mx_6.9.2.202309101412\\db\/plugins/boardmanager/
2023-11-16 10:24:23,403 [INFO] ApiDb:261 - Set plugin images path to: C:\ST\STM32CubeIDE_1.13.0\STM32CubeIDE\plugins\com.st.stm32cube.common.mx_6.9.2.202309101412\\db\/plugins/mcufinder/images/
2023-11-16 10:24:23,404 [WARN] DbFile:41 - Overriding database path with different value: C:\Users\98919\.stmcufinder\plugins\mcufinder/ => C:\Users\98919\.stmcufinder\plugins\mcufinder
2023-11-16 10:24:23,404 [INFO] ApiDb:250 - Set database path to: C:\Users\98919\.stmcufinder\plugins\mcufinder//mcu/
2023-11-16 10:24:23,405 [WARN] DbFile:41 - Overriding database path with different value: C:\Users\98919\.stmcufinder\plugins\mcufinder/ => C:\Users\98919\.stmcufinder\plugins\mcufinder
2023-11-16 10:24:23,405 [INFO] DbMcusAds:125 - Set database path to: C:\Users\98919\.stmcufinder\plugins\mcufinder//mcu/
2023-11-16 10:24:23,405 [WARN] DbFile:41 - Overriding database path with different value: C:\Users\98919\.stmcufinder\plugins\mcufinder/ => C:\Users\98919\.stmcufinder\plugins\mcufinder
2023-11-16 10:24:23,406 [WARN] DbFile:41 - Overriding database path with different value: C:\Users\98919\.stmcufinder\plugins\mcufinder/ => C:\Users\98919\.stmcufinder\plugins\mcufinder
2023-11-16 10:24:23,406 [INFO] CrossReferenceDbSqlite:203 - Set database path to: C:\Users\98919\.stmcufinder\plugins\mcufinder//mcu/cs/
2023-11-16 10:24:23,444 [INFO] ApplicationProperties:184 - Using Application install path: C:\ST\STM32CubeIDE_1.13.0\STM32CubeIDE\plugins\com.st.stm32cube.common.mx_6.9.2.202309101412
2023-11-16 10:24:23,447 [INFO] PluginManage:196 - Search for loadable plugins [exclusion list=, ]
2023-11-16 10:24:23,449 [INFO] PluginManage:310 - Check plugin analytics
2023-11-16 10:24:24,064 [INFO] AnalyticsPlugin:253 - Accepted Software Licenses: 
2023-11-16 10:24:24,065 [INFO] AnalyticsPlugin:255 - Accepted CMSIS Pack Licenses: 
2023-11-16 10:24:24,065 [INFO] AnalyticsPlugin:257 - Accepted Firmware Licenses: FW.F4.1.27.0
2023-11-16 10:24:24,071 [INFO] PluginManage:359 - Loaded plugin analytics (category:tool,tabindex:-1)
2023-11-16 10:24:24,072 [INFO] PluginManage:310 - Check plugin cadmodel
2023-11-16 10:24:24,191 [INFO] CADModel:105 - Init CAD model plugin
2023-11-16 10:24:24,192 [INFO] PluginManage:359 - Loaded plugin cadmodel (category:power,tabindex:5)
2023-11-16 10:24:24,192 [INFO] PluginManage:310 - Check plugin clock
2023-11-16 10:24:24,258 [INFO] PluginManage:359 - Loaded plugin clock (category:base,tabindex:2)
2023-11-16 10:24:24,258 [INFO] PluginManage:310 - Check plugin ddr
2023-11-16 10:24:24,267 [INFO] PluginManage:359 - Loaded plugin ddr (category:tool,tabindex:6)
2023-11-16 10:24:24,267 [INFO] PluginManage:310 - Check plugin filemanager
2023-11-16 10:24:24,536 [INFO] PluginManage:359 - Loaded plugin filemanager (category:base,tabindex:10)
2023-11-16 10:24:24,536 [INFO] PluginManage:310 - Check plugin ipmanager
2023-11-16 10:24:24,550 [INFO] PluginManage:359 - Loaded plugin ipmanager (category:base,tabindex:5)
2023-11-16 10:24:24,550 [INFO] PluginManage:310 - Check plugin lpbam
2023-11-16 10:24:24,581 [INFO] PluginManage:359 - Loaded plugin lpbam (category:base,tabindex:0)
2023-11-16 10:24:24,582 [INFO] PluginManage:310 - Check plugin memorymap
2023-11-16 10:24:24,611 [INFO] PluginManage:359 - Loaded plugin memorymap (category:base,tabindex:4)
2023-11-16 10:24:24,612 [INFO] PluginManage:310 - Check plugin pinoutandconfiguration
2023-11-16 10:24:24,639 [INFO] PluginManage:359 - Loaded plugin pinoutandconfiguration (category:base,tabindex:1)
2023-11-16 10:24:24,640 [INFO] PluginManage:310 - Check plugin pinoutconfig
2023-11-16 10:24:24,781 [WARN] SupportedApi:132 - Cannot load RTOS API schema: s4s-elt-must-match.1: The content of 'definitions' must match (annotation?, (simpleType | complexType)?, (unique | key | keyref)*)). A problem was found starting at: attribute.
2023-11-16 10:24:24,971 [INFO] PluginManage:359 - Loaded plugin pinoutconfig (category:base,tabindex:0)
2023-11-16 10:24:24,971 [INFO] PluginManage:310 - Check plugin power
2023-11-16 10:24:25,009 [INFO] PluginManage:359 - Loaded plugin power (category:power,tabindex:4)
2023-11-16 10:24:25,009 [INFO] PluginManage:310 - Check plugin projectmanager
2023-11-16 10:24:25,032 [INFO] PluginManage:359 - Loaded plugin projectmanager (category:projectmanager,tabindex:3)
2023-11-16 10:24:25,033 [INFO] PluginManage:310 - Check plugin thirdparty
2023-11-16 10:24:26,262 [INFO] PluginManage:359 - Loaded plugin thirdparty (category:base,tabindex:-1)
2023-11-16 10:24:26,262 [WARN] IntegrityCheckThread:84 - waiting for thirdparty lock release [integrity check]
2023-11-16 10:24:26,262 [INFO] PluginManage:310 - Check plugin tools
2023-11-16 10:24:26,262 [INFO] IntegrityCheckThread:86 - entering critical section [integrity check]
2023-11-16 10:24:26,263 [INFO] ThirdPartyUpdaterWithRetryManager:70 - Updater plugin not ready yet. [1/15]
2023-11-16 10:24:26,337 [INFO] PluginManage:359 - Loaded plugin tools (category:base,tabindex:7)
2023-11-16 10:24:26,338 [INFO] PluginManage:310 - Check plugin tutovideos
2023-11-16 10:24:26,823 [INFO] PluginManage:359 - Loaded plugin tutovideos (category:base,tabindex:-1)
2023-11-16 10:24:26,824 [INFO] PluginManage:310 - Check plugin updater
2023-11-16 10:24:26,864 [INFO] PluginManage:359 - Loaded plugin updater (category:base,tabindex:12)
2023-11-16 10:24:26,864 [INFO] PluginManage:310 - Check plugin userauth
2023-11-16 10:24:26,880 [INFO] UserAuth:113 - Init User Auth plugin
2023-11-16 10:24:26,882 [INFO] PluginManage:359 - Loaded plugin userauth (category:base,tabindex:14)
2023-11-16 10:24:26,884 [INFO] PluginManage:283 - PluginManage : Loaded plugins [17]
2023-11-16 10:24:27,624 [INFO] PinOutPanel:1499 - setPackage(No Configuration,No Configuration)
2023-11-16 10:24:27,910 [INFO] CADModel:165 - CPN selected for project level
2023-11-16 10:24:27,910 [INFO] CADModel:114 - Register for checkConnection events
2023-11-16 10:24:27,986 [INFO] IPUIPlugin:80 - create IPUIPlugin
2023-11-16 10:24:27,987 [INFO] PluginManager:220 - loadIPPluginJar : add adc
2023-11-16 10:24:28,069 [INFO] IPUIPlugin:80 - create IPUIPlugin
2023-11-16 10:24:28,069 [INFO] PluginManager:220 - loadIPPluginJar : add aes
2023-11-16 10:24:28,162 [INFO] IPUIPlugin:80 - create IPUIPlugin
2023-11-16 10:24:28,163 [INFO] PluginManager:220 - loadIPPluginJar : add can
2023-11-16 10:24:28,231 [INFO] IPUIPlugin:80 - create IPUIPlugin
2023-11-16 10:24:28,231 [INFO] PluginManager:220 - loadIPPluginJar : add comp
2023-11-16 10:24:28,331 [INFO] IPUIPlugin:80 - create IPUIPlugin
2023-11-16 10:24:28,331 [INFO] PluginManager:220 - loadIPPluginJar : add cryp
2023-11-16 10:24:28,410 [INFO] IPUIPlugin:80 - create IPUIPlugin
2023-11-16 10:24:28,410 [INFO] PluginManager:220 - loadIPPluginJar : add dfsdm
2023-11-16 10:24:28,441 [INFO] IPUIPlugin:80 - create IPUIPlugin
2023-11-16 10:24:28,442 [INFO] PluginManager:220 - loadIPPluginJar : add dma
2023-11-16 10:24:28,569 [INFO] IPUIPlugin:80 - create IPUIPlugin
2023-11-16 10:24:28,569 [INFO] PluginManager:220 - loadIPPluginJar : add dma3
2023-11-16 10:24:28,665 [INFO] IPUIPlugin:80 - create IPUIPlugin
2023-11-16 10:24:28,665 [INFO] PluginManager:220 - loadIPPluginJar : add fatfs
2023-11-16 10:24:28,796 [INFO] IPUIPlugin:80 - create IPUIPlugin
2023-11-16 10:24:28,796 [INFO] PluginManager:220 - loadIPPluginJar : add fmc
2023-11-16 10:24:28,877 [INFO] IPUIPlugin:80 - create IPUIPlugin
2023-11-16 10:24:28,878 [INFO] PluginManager:220 - loadIPPluginJar : add freertos
2023-11-16 10:24:28,951 [INFO] IPUIPlugin:80 - create IPUIPlugin
2023-11-16 10:24:28,951 [INFO] PluginManager:220 - loadIPPluginJar : add genericplugin
2023-11-16 10:24:29,260 [INFO] IPUIPlugin:80 - create IPUIPlugin
2023-11-16 10:24:29,260 [INFO] PluginManager:220 - loadIPPluginJar : add gfxmmu
2023-11-16 10:24:29,264 [INFO] ThirdPartyUpdaterWithRetryManager:70 - Updater plugin not ready yet. [2/15]
2023-11-16 10:24:29,771 [INFO] IPUIPlugin:80 - create IPUIPlugin
2023-11-16 10:24:29,771 [INFO] PluginManager:220 - loadIPPluginJar : add gic
2023-11-16 10:24:29,795 [INFO] IPUIPlugin:80 - create IPUIPlugin
2023-11-16 10:24:29,795 [INFO] PluginManager:220 - loadIPPluginJar : add gpio
2023-11-16 10:24:30,053 [INFO] IPUIPlugin:80 - create IPUIPlugin
2023-11-16 10:24:30,054 [INFO] PluginManager:220 - loadIPPluginJar : add gtzc
2023-11-16 10:24:30,128 [INFO] IPUIPlugin:80 - create IPUIPlugin
2023-11-16 10:24:30,129 [INFO] PluginManager:220 - loadIPPluginJar : add hash
2023-11-16 10:24:30,250 [INFO] IPUIPlugin:80 - create IPUIPlugin
2023-11-16 10:24:30,251 [INFO] PluginManager:220 - loadIPPluginJar : add i2c
2023-11-16 10:24:30,382 [INFO] IPUIPlugin:80 - create IPUIPlugin
2023-11-16 10:24:30,384 [INFO] PluginManager:220 - loadIPPluginJar : add i2s
2023-11-16 10:24:30,513 [INFO] IPUIPlugin:80 - create IPUIPlugin
2023-11-16 10:24:30,514 [INFO] PluginManager:220 - loadIPPluginJar : add i3c
2023-11-16 10:24:30,755 [INFO] IPUIPlugin:80 - create IPUIPlugin
2023-11-16 10:24:30,755 [INFO] PluginManager:220 - loadIPPluginJar : add ipddr
2023-11-16 10:24:30,948 [INFO] IPUIPlugin:80 - create IPUIPlugin
2023-11-16 10:24:30,949 [INFO] PluginManager:220 - loadIPPluginJar : add linkedlist
2023-11-16 10:24:31,033 [INFO] IPUIPlugin:80 - create IPUIPlugin
2023-11-16 10:24:31,033 [INFO] PluginManager:220 - loadIPPluginJar : add lorawan
2023-11-16 10:24:31,137 [INFO] IPUIPlugin:80 - create IPUIPlugin
2023-11-16 10:24:31,138 [INFO] PluginManager:220 - loadIPPluginJar : add ltdc
2023-11-16 10:24:31,171 [INFO] IPUIPlugin:80 - create IPUIPlugin
2023-11-16 10:24:31,171 [INFO] PluginManager:220 - loadIPPluginJar : add mdma
2023-11-16 10:24:31,196 [INFO] IPUIPlugin:80 - create IPUIPlugin
2023-11-16 10:24:31,197 [INFO] PluginManager:220 - loadIPPluginJar : add nvic
2023-11-16 10:24:31,271 [INFO] IPUIPlugin:80 - create IPUIPlugin
2023-11-16 10:24:31,271 [INFO] PluginManager:220 - loadIPPluginJar : add opamp
2023-11-16 10:24:31,418 [INFO] IPUIPlugin:80 - create IPUIPlugin
2023-11-16 10:24:31,418 [INFO] PluginManager:220 - loadIPPluginJar : add openamp
2023-11-16 10:24:31,514 [INFO] IPUIPlugin:80 - create IPUIPlugin
2023-11-16 10:24:31,515 [INFO] PluginManager:220 - loadIPPluginJar : add pdm2pcm
2023-11-16 10:24:31,544 [INFO] IPUIPlugin:80 - create IPUIPlugin
2023-11-16 10:24:31,550 [INFO] PluginManager:220 - loadIPPluginJar : add plateformsettings
2023-11-16 10:24:31,592 [INFO] IPUIPlugin:80 - create IPUIPlugin
2023-11-16 10:24:31,593 [INFO] PluginManager:220 - loadIPPluginJar : add quadspi
2023-11-16 10:24:31,619 [INFO] IPUIPlugin:80 - create IPUIPlugin
2023-11-16 10:24:31,620 [INFO] PluginManager:220 - loadIPPluginJar : add resmgrutility
2023-11-16 10:24:31,728 [INFO] IPUIPlugin:80 - create IPUIPlugin
2023-11-16 10:24:31,728 [INFO] PluginManager:220 - loadIPPluginJar : add sai
2023-11-16 10:24:31,817 [INFO] IPUIPlugin:80 - create IPUIPlugin
2023-11-16 10:24:31,817 [INFO] PluginManager:220 - loadIPPluginJar : add spi
2023-11-16 10:24:31,966 [INFO] IPUIPlugin:80 - create IPUIPlugin
2023-11-16 10:24:31,966 [INFO] PluginManager:220 - loadIPPluginJar : add stm32_wpan
2023-11-16 10:24:32,010 [INFO] IPUIPlugin:80 - create IPUIPlugin
2023-11-16 10:24:32,011 [INFO] PluginManager:220 - loadIPPluginJar : add tim
2023-11-16 10:24:32,161 [INFO] IPUIPlugin:80 - create IPUIPlugin
2023-11-16 10:24:32,161 [INFO] PluginManager:220 - loadIPPluginJar : add touchsensing
2023-11-16 10:24:32,219 [INFO] IPUIPlugin:80 - create IPUIPlugin
2023-11-16 10:24:32,220 [INFO] PluginManager:220 - loadIPPluginJar : add tracer_emb
2023-11-16 10:24:32,269 [INFO] ThirdPartyUpdaterWithRetryManager:70 - Updater plugin not ready yet. [3/15]
2023-11-16 10:24:32,288 [INFO] IPUIPlugin:80 - create IPUIPlugin
2023-11-16 10:24:32,288 [INFO] PluginManager:220 - loadIPPluginJar : add ts
2023-11-16 10:24:32,362 [INFO] IPUIPlugin:80 - create IPUIPlugin
2023-11-16 10:24:32,362 [INFO] PluginManager:220 - loadIPPluginJar : add tsc
2023-11-16 10:24:32,453 [INFO] IPUIPlugin:80 - create IPUIPlugin
2023-11-16 10:24:32,453 [INFO] PluginManager:220 - loadIPPluginJar : add ucpd
2023-11-16 10:24:32,572 [INFO] IPUIPlugin:80 - create IPUIPlugin
2023-11-16 10:24:32,573 [INFO] PluginManager:220 - loadIPPluginJar : add usart
2023-11-16 10:24:32,686 [INFO] IPUIPlugin:80 - create IPUIPlugin
2023-11-16 10:24:32,686 [INFO] PluginManager:220 - loadIPPluginJar : add usbx
2023-11-16 10:24:32,948 [INFO] CADModel:165 - CPN selected for project level
2023-11-16 10:24:32,948 [INFO] CADModel:114 - Register for checkConnection events
2023-11-16 10:24:32,949 [FATAL] Updater:308 - Updater called before beeing initialized
2023-11-16 10:24:32,949 [ERROR] CADModel:125 - Updater not yet initialized, retry later 
2023-11-16 10:24:33,352 [INFO] CADModel:165 - CPN selected for project level
2023-11-16 10:24:33,352 [INFO] CADModel:114 - Register for checkConnection events
2023-11-16 10:24:33,352 [FATAL] Updater:308 - Updater called before beeing initialized
2023-11-16 10:24:33,353 [ERROR] CADModel:125 - Updater not yet initialized, retry later 
2023-11-16 10:24:33,361 [FATAL] Updater:308 - Updater called before beeing initialized
2023-11-16 10:24:33,736 [FATAL] Updater:308 - Updater called before beeing initialized
2023-11-16 10:24:33,779 [INFO] DbMcusAds:53 - JSON generation date=Tue Mar 07 12:20:55 IRST 2023 (1678179055335)
2023-11-16 10:24:33,779 [FATAL] Updater:308 - Updater called before beeing initialized
2023-11-16 10:24:33,966 [WARN] DetailPanel:346 - Failed to get advertising image, set to default
2023-11-16 10:24:34,275 [FATAL] Updater:308 - Updater called before beeing initialized
2023-11-16 10:24:34,303 [FATAL] Updater:308 - Updater called before beeing initialized
2023-11-16 10:24:34,303 [FATAL] Updater:308 - Updater called before beeing initialized
2023-11-16 10:24:34,304 [WARN] DetailPanel:346 - Failed to get advertising image, set to default
2023-11-16 10:24:34,310 [FATAL] Updater:308 - Updater called before beeing initialized
2023-11-16 10:24:34,543 [ERROR] Updater:1120 - MainUpdater not yet initialized. External WinMGr cannot be set.
2023-11-16 10:24:34,571 [INFO] Updater:1056 - Updater Version found : 6.9.2
2023-11-16 10:24:34,616 [INFO] ApplicationProperties:184 - Using Application install path: C:\ST\STM32CubeIDE_1.13.0\STM32CubeIDE\plugins\com.st.stm32cube.common.mx_6.9.2.202309101412
2023-11-16 10:24:35,272 [INFO] ThirdPartyUpdaterWithRetryManager:70 - Updater plugin not ready yet. [4/15]
2023-11-16 10:24:37,386 [WARN] ServerAccessManage:1168 - Warning during Server Connection :  timeout Read timed out
2023-11-16 10:24:38,273 [FATAL] Updater:308 - Updater called before beeing initialized
2023-11-16 10:24:38,273 [ERROR] IntegrityCheckThread:130 - Cannot retrieve database content from updater: error 21
2023-11-16 10:24:38,273 [INFO] ThirdParty:978 - Integrity check success = false
2023-11-16 10:24:38,274 [INFO] IntegrityCheckThread:100 - exiting critical section [integrity check]
2023-11-16 10:24:38,274 [INFO] IntegrityCheckThread:103 - End integrity checks thread
2023-11-16 10:24:39,390 [WARN] ServerAccessManage:1168 - Warning during Server Connection :  timeout Read timed out
2023-11-16 10:24:39,395 [INFO] MainUpdater:2868 - connection check result : 22
2023-11-16 10:24:39,395 [INFO] MainUpdater:285 - Updater Check For Update Now.
2023-11-16 10:24:39,396 [INFO] MicroXplorer:498 - Change Database Version : DB.6.0.92
2023-11-16 10:24:39,420 [INFO] McuFinderGlobals:63 - Set McuFinder mode to 2 (CubeIDE integrated)
2023-11-16 10:24:39,421 [INFO] UserAuth:179 - activating auth plugin
2023-11-16 10:24:39,426 [INFO] UserAuth:393 - Internet connection configuration mode: 2
2023-11-16 10:24:39,676 [INFO] CheckServerUpdateThread:120 - End of CheckServer Thread
2023-11-16 10:24:41,750 [ERROR] LogOutputStream:75 - [STDERR_REDIRECT] SLF4J: Failed to load class "org.slf4j.impl.StaticLoggerBinder".
2023-11-16 10:24:41,751 [ERROR] LogOutputStream:75 - [STDERR_REDIRECT] SLF4J: Defaulting to no-operation (NOP) logger implementation
2023-11-16 10:24:41,754 [ERROR] LogOutputStream:75 - [STDERR_REDIRECT] SLF4J: See http://www.slf4j.org/codes.html#StaticLoggerBinder for further details.
