2023-11-23 09:00:58,845 [INFO] Activator:176 - 


2023-11-23 09:00:58,852 [INFO] Activator:177 - !SESSION log4j initialized
2023-11-23 09:01:05,161 [INFO] LogOutputStream:77 - [STDOUT_REDIRECT] 
2023-11-23 09:01:07,732 [INFO] ApplicationProperties:184 - Using Application install path: C:\ST\STM32CubeIDE_1.13.0\STM32CubeIDE\plugins\com.st.stm32cube.common.mx_6.9.2.202309101412
2023-11-23 09:01:07,756 [INFO] DbMcusXml:78 - Set database path to: C:\ST\STM32CubeIDE_1.13.0\STM32CubeIDE\plugins\com.st.stm32cube.common.mx_6.9.2.202309101412\\db\/mcu/
2023-11-23 09:01:07,756 [INFO] ApiDb:274 - Set plugin database path to: C:\ST\STM32CubeIDE_1.13.0\STM32CubeIDE\plugins\com.st.stm32cube.common.mx_6.9.2.202309101412\\db\/plugins/boardmanager/
2023-11-23 09:01:07,757 [WARN] ApiDb:259 - Overriding images path with different value:  => C:\ST\STM32CubeIDE_1.13.0\STM32CubeIDE\plugins\com.st.stm32cube.common.mx_6.9.2.202309101412\\db\/plugins/mcufinder/images/
2023-11-23 09:01:07,773 [INFO] ApiDb:250 - Set database path to: C:\Users\98919\.stmcufinder\plugins\mcufinder//mcu/
2023-11-23 09:01:07,775 [INFO] DbMcusAds:125 - Set database path to: C:\Users\98919\.stmcufinder\plugins\mcufinder//mcu/
2023-11-23 09:01:07,779 [INFO] CrossReferenceDbSqlite:203 - Set database path to: C:\Users\98919\.stmcufinder\plugins\mcufinder//mcu/cs/
2023-11-23 09:01:07,929 [INFO] RulesReader:64 - Compatibility file has been processed (293 Rules)
2023-11-23 09:01:08,059 [INFO] DbMcusXml:78 - Set database path to: C:\ST\STM32CubeIDE_1.13.0\STM32CubeIDE\plugins\com.st.stm32cube.common.mx_6.9.2.202309101412\\db\/mcu/
2023-11-23 09:01:08,059 [INFO] ApiDb:274 - Set plugin database path to: C:\ST\STM32CubeIDE_1.13.0\STM32CubeIDE\plugins\com.st.stm32cube.common.mx_6.9.2.202309101412\\db\/plugins/boardmanager/
2023-11-23 09:01:08,060 [INFO] ApiDb:261 - Set plugin images path to: C:\ST\STM32CubeIDE_1.13.0\STM32CubeIDE\plugins\com.st.stm32cube.common.mx_6.9.2.202309101412\\db\/plugins/mcufinder/images/
2023-11-23 09:01:08,060 [WARN] DbFile:41 - Overriding database path with different value: C:\Users\98919\.stmcufinder\plugins\mcufinder/ => C:\Users\98919\.stmcufinder\plugins\mcufinder
2023-11-23 09:01:08,060 [INFO] ApiDb:250 - Set database path to: C:\Users\98919\.stmcufinder\plugins\mcufinder//mcu/
2023-11-23 09:01:08,061 [WARN] DbFile:41 - Overriding database path with different value: C:\Users\98919\.stmcufinder\plugins\mcufinder/ => C:\Users\98919\.stmcufinder\plugins\mcufinder
2023-11-23 09:01:08,061 [INFO] DbMcusAds:125 - Set database path to: C:\Users\98919\.stmcufinder\plugins\mcufinder//mcu/
2023-11-23 09:01:08,061 [WARN] DbFile:41 - Overriding database path with different value: C:\Users\98919\.stmcufinder\plugins\mcufinder/ => C:\Users\98919\.stmcufinder\plugins\mcufinder
2023-11-23 09:01:08,062 [WARN] DbFile:41 - Overriding database path with different value: C:\Users\98919\.stmcufinder\plugins\mcufinder/ => C:\Users\98919\.stmcufinder\plugins\mcufinder
2023-11-23 09:01:08,062 [INFO] CrossReferenceDbSqlite:203 - Set database path to: C:\Users\98919\.stmcufinder\plugins\mcufinder//mcu/cs/
2023-11-23 09:01:08,182 [INFO] MainPanel:262 - HeapMemory: 268435456
2023-11-23 09:01:08,306 [INFO] DbMcusXml:78 - Set database path to: C:\ST\STM32CubeIDE_1.13.0\STM32CubeIDE\plugins\com.st.stm32cube.common.mx_6.9.2.202309101412\\db\/mcu/
2023-11-23 09:01:08,306 [INFO] ApiDb:274 - Set plugin database path to: C:\ST\STM32CubeIDE_1.13.0\STM32CubeIDE\plugins\com.st.stm32cube.common.mx_6.9.2.202309101412\\db\/plugins/boardmanager/
2023-11-23 09:01:08,306 [INFO] ApiDb:261 - Set plugin images path to: C:\ST\STM32CubeIDE_1.13.0\STM32CubeIDE\plugins\com.st.stm32cube.common.mx_6.9.2.202309101412\\db\/plugins/mcufinder/images/
2023-11-23 09:01:08,307 [WARN] DbFile:41 - Overriding database path with different value: C:\Users\98919\.stmcufinder\plugins\mcufinder/ => C:\Users\98919\.stmcufinder\plugins\mcufinder
2023-11-23 09:01:08,307 [INFO] ApiDb:250 - Set database path to: C:\Users\98919\.stmcufinder\plugins\mcufinder//mcu/
2023-11-23 09:01:08,307 [WARN] DbFile:41 - Overriding database path with different value: C:\Users\98919\.stmcufinder\plugins\mcufinder/ => C:\Users\98919\.stmcufinder\plugins\mcufinder
2023-11-23 09:01:08,307 [INFO] DbMcusAds:125 - Set database path to: C:\Users\98919\.stmcufinder\plugins\mcufinder//mcu/
2023-11-23 09:01:08,308 [WARN] DbFile:41 - Overriding database path with different value: C:\Users\98919\.stmcufinder\plugins\mcufinder/ => C:\Users\98919\.stmcufinder\plugins\mcufinder
2023-11-23 09:01:08,308 [WARN] DbFile:41 - Overriding database path with different value: C:\Users\98919\.stmcufinder\plugins\mcufinder/ => C:\Users\98919\.stmcufinder\plugins\mcufinder
2023-11-23 09:01:08,308 [INFO] CrossReferenceDbSqlite:203 - Set database path to: C:\Users\98919\.stmcufinder\plugins\mcufinder//mcu/cs/
2023-11-23 09:01:08,334 [INFO] ApplicationProperties:184 - Using Application install path: C:\ST\STM32CubeIDE_1.13.0\STM32CubeIDE\plugins\com.st.stm32cube.common.mx_6.9.2.202309101412
2023-11-23 09:01:08,335 [INFO] PluginManage:196 - Search for loadable plugins [exclusion list=, ]
2023-11-23 09:01:08,337 [INFO] PluginManage:310 - Check plugin analytics
2023-11-23 09:01:08,550 [INFO] AnalyticsPlugin:253 - Accepted Software Licenses: 
2023-11-23 09:01:08,550 [INFO] AnalyticsPlugin:255 - Accepted CMSIS Pack Licenses: 
2023-11-23 09:01:08,550 [INFO] AnalyticsPlugin:257 - Accepted Firmware Licenses: FW.F4.1.27.0
2023-11-23 09:01:08,554 [INFO] PluginManage:359 - Loaded plugin analytics (category:tool,tabindex:-1)
2023-11-23 09:01:08,555 [INFO] PluginManage:310 - Check plugin cadmodel
2023-11-23 09:01:08,576 [INFO] CADModel:105 - Init CAD model plugin
2023-11-23 09:01:08,576 [INFO] PluginManage:359 - Loaded plugin cadmodel (category:power,tabindex:5)
2023-11-23 09:01:08,576 [INFO] PluginManage:310 - Check plugin clock
2023-11-23 09:01:08,602 [INFO] PluginManage:359 - Loaded plugin clock (category:base,tabindex:2)
2023-11-23 09:01:08,602 [INFO] PluginManage:310 - Check plugin ddr
2023-11-23 09:01:08,606 [INFO] PluginManage:359 - Loaded plugin ddr (category:tool,tabindex:6)
2023-11-23 09:01:08,606 [INFO] PluginManage:310 - Check plugin filemanager
2023-11-23 09:01:08,800 [INFO] PluginManage:359 - Loaded plugin filemanager (category:base,tabindex:10)
2023-11-23 09:01:08,800 [INFO] PluginManage:310 - Check plugin ipmanager
2023-11-23 09:01:08,812 [INFO] PluginManage:359 - Loaded plugin ipmanager (category:base,tabindex:5)
2023-11-23 09:01:08,812 [INFO] PluginManage:310 - Check plugin lpbam
2023-11-23 09:01:08,837 [INFO] PluginManage:359 - Loaded plugin lpbam (category:base,tabindex:0)
2023-11-23 09:01:08,838 [INFO] PluginManage:310 - Check plugin memorymap
2023-11-23 09:01:08,868 [INFO] PluginManage:359 - Loaded plugin memorymap (category:base,tabindex:4)
2023-11-23 09:01:08,868 [INFO] PluginManage:310 - Check plugin pinoutandconfiguration
2023-11-23 09:01:08,892 [INFO] PluginManage:359 - Loaded plugin pinoutandconfiguration (category:base,tabindex:1)
2023-11-23 09:01:08,892 [INFO] PluginManage:310 - Check plugin pinoutconfig
2023-11-23 09:01:09,006 [WARN] SupportedApi:132 - Cannot load RTOS API schema: s4s-elt-must-match.1: The content of 'definitions' must match (annotation?, (simpleType | complexType)?, (unique | key | keyref)*)). A problem was found starting at: attribute.
2023-11-23 09:01:09,181 [INFO] PluginManage:359 - Loaded plugin pinoutconfig (category:base,tabindex:0)
2023-11-23 09:01:09,181 [INFO] PluginManage:310 - Check plugin power
2023-11-23 09:01:09,207 [INFO] PluginManage:359 - Loaded plugin power (category:power,tabindex:4)
2023-11-23 09:01:09,208 [INFO] PluginManage:310 - Check plugin projectmanager
2023-11-23 09:01:09,229 [INFO] PluginManage:359 - Loaded plugin projectmanager (category:projectmanager,tabindex:3)
2023-11-23 09:01:09,230 [INFO] PluginManage:310 - Check plugin thirdparty
2023-11-23 09:01:09,563 [INFO] PluginManage:359 - Loaded plugin thirdparty (category:base,tabindex:-1)
2023-11-23 09:01:09,563 [WARN] IntegrityCheckThread:84 - waiting for thirdparty lock release [integrity check]
2023-11-23 09:01:09,563 [INFO] PluginManage:310 - Check plugin tools
2023-11-23 09:01:09,563 [INFO] IntegrityCheckThread:86 - entering critical section [integrity check]
2023-11-23 09:01:09,564 [INFO] ThirdPartyUpdaterWithRetryManager:70 - Updater plugin not ready yet. [1/15]
2023-11-23 09:01:09,598 [INFO] PluginManage:359 - Loaded plugin tools (category:base,tabindex:7)
2023-11-23 09:01:09,598 [INFO] PluginManage:310 - Check plugin tutovideos
2023-11-23 09:01:09,836 [INFO] PluginManage:359 - Loaded plugin tutovideos (category:base,tabindex:-1)
2023-11-23 09:01:09,836 [INFO] PluginManage:310 - Check plugin updater
2023-11-23 09:01:09,852 [INFO] PluginManage:359 - Loaded plugin updater (category:base,tabindex:12)
2023-11-23 09:01:09,852 [INFO] PluginManage:310 - Check plugin userauth
2023-11-23 09:01:09,860 [INFO] UserAuth:113 - Init User Auth plugin
2023-11-23 09:01:09,860 [INFO] PluginManage:359 - Loaded plugin userauth (category:base,tabindex:14)
2023-11-23 09:01:09,861 [INFO] PluginManage:283 - PluginManage : Loaded plugins [17]
2023-11-23 09:01:10,160 [INFO] PinOutPanel:1499 - setPackage(No Configuration,No Configuration)
2023-11-23 09:01:10,297 [INFO] CADModel:165 - CPN selected for project level
2023-11-23 09:01:10,298 [INFO] CADModel:114 - Register for checkConnection events
2023-11-23 09:01:10,328 [INFO] IPUIPlugin:80 - create IPUIPlugin
2023-11-23 09:01:10,328 [INFO] PluginManager:220 - loadIPPluginJar : add adc
2023-11-23 09:01:10,368 [INFO] IPUIPlugin:80 - create IPUIPlugin
2023-11-23 09:01:10,368 [INFO] PluginManager:220 - loadIPPluginJar : add aes
2023-11-23 09:01:10,409 [INFO] IPUIPlugin:80 - create IPUIPlugin
2023-11-23 09:01:10,409 [INFO] PluginManager:220 - loadIPPluginJar : add can
2023-11-23 09:01:10,430 [INFO] IPUIPlugin:80 - create IPUIPlugin
2023-11-23 09:01:10,430 [INFO] PluginManager:220 - loadIPPluginJar : add comp
2023-11-23 09:01:10,463 [INFO] IPUIPlugin:80 - create IPUIPlugin
2023-11-23 09:01:10,463 [INFO] PluginManager:220 - loadIPPluginJar : add cryp
2023-11-23 09:01:10,493 [INFO] IPUIPlugin:80 - create IPUIPlugin
2023-11-23 09:01:10,493 [INFO] PluginManager:220 - loadIPPluginJar : add dfsdm
2023-11-23 09:01:10,508 [INFO] IPUIPlugin:80 - create IPUIPlugin
2023-11-23 09:01:10,508 [INFO] PluginManager:220 - loadIPPluginJar : add dma
2023-11-23 09:01:10,550 [INFO] IPUIPlugin:80 - create IPUIPlugin
2023-11-23 09:01:10,551 [INFO] PluginManager:220 - loadIPPluginJar : add dma3
2023-11-23 09:01:10,570 [INFO] IPUIPlugin:80 - create IPUIPlugin
2023-11-23 09:01:10,570 [INFO] PluginManager:220 - loadIPPluginJar : add fatfs
2023-11-23 09:01:10,619 [INFO] IPUIPlugin:80 - create IPUIPlugin
2023-11-23 09:01:10,619 [INFO] PluginManager:220 - loadIPPluginJar : add fmc
2023-11-23 09:01:10,642 [INFO] IPUIPlugin:80 - create IPUIPlugin
2023-11-23 09:01:10,642 [INFO] PluginManager:220 - loadIPPluginJar : add freertos
2023-11-23 09:01:10,664 [INFO] IPUIPlugin:80 - create IPUIPlugin
2023-11-23 09:01:10,664 [INFO] PluginManager:220 - loadIPPluginJar : add genericplugin
2023-11-23 09:01:10,764 [INFO] IPUIPlugin:80 - create IPUIPlugin
2023-11-23 09:01:10,764 [INFO] PluginManager:220 - loadIPPluginJar : add gfxmmu
2023-11-23 09:01:10,900 [INFO] IPUIPlugin:80 - create IPUIPlugin
2023-11-23 09:01:10,900 [INFO] PluginManager:220 - loadIPPluginJar : add gic
2023-11-23 09:01:10,914 [INFO] IPUIPlugin:80 - create IPUIPlugin
2023-11-23 09:01:10,915 [INFO] PluginManager:220 - loadIPPluginJar : add gpio
2023-11-23 09:01:11,012 [INFO] IPUIPlugin:80 - create IPUIPlugin
2023-11-23 09:01:11,012 [INFO] PluginManager:220 - loadIPPluginJar : add gtzc
2023-11-23 09:01:11,044 [INFO] IPUIPlugin:80 - create IPUIPlugin
2023-11-23 09:01:11,045 [INFO] PluginManager:220 - loadIPPluginJar : add hash
2023-11-23 09:01:11,095 [INFO] IPUIPlugin:80 - create IPUIPlugin
2023-11-23 09:01:11,096 [INFO] PluginManager:220 - loadIPPluginJar : add i2c
2023-11-23 09:01:11,136 [INFO] IPUIPlugin:80 - create IPUIPlugin
2023-11-23 09:01:11,136 [INFO] PluginManager:220 - loadIPPluginJar : add i2s
2023-11-23 09:01:11,178 [INFO] IPUIPlugin:80 - create IPUIPlugin
2023-11-23 09:01:11,178 [INFO] PluginManager:220 - loadIPPluginJar : add i3c
2023-11-23 09:01:11,290 [INFO] IPUIPlugin:80 - create IPUIPlugin
2023-11-23 09:01:11,291 [INFO] PluginManager:220 - loadIPPluginJar : add ipddr
2023-11-23 09:01:11,382 [INFO] IPUIPlugin:80 - create IPUIPlugin
2023-11-23 09:01:11,382 [INFO] PluginManager:220 - loadIPPluginJar : add linkedlist
2023-11-23 09:01:11,417 [INFO] IPUIPlugin:80 - create IPUIPlugin
2023-11-23 09:01:11,417 [INFO] PluginManager:220 - loadIPPluginJar : add lorawan
2023-11-23 09:01:11,456 [INFO] IPUIPlugin:80 - create IPUIPlugin
2023-11-23 09:01:11,456 [INFO] PluginManager:220 - loadIPPluginJar : add ltdc
2023-11-23 09:01:11,472 [INFO] IPUIPlugin:80 - create IPUIPlugin
2023-11-23 09:01:11,472 [INFO] PluginManager:220 - loadIPPluginJar : add mdma
2023-11-23 09:01:11,486 [INFO] IPUIPlugin:80 - create IPUIPlugin
2023-11-23 09:01:11,486 [INFO] PluginManager:220 - loadIPPluginJar : add nvic
2023-11-23 09:01:11,527 [INFO] IPUIPlugin:80 - create IPUIPlugin
2023-11-23 09:01:11,527 [INFO] PluginManager:220 - loadIPPluginJar : add opamp
2023-11-23 09:01:11,584 [INFO] IPUIPlugin:80 - create IPUIPlugin
2023-11-23 09:01:11,584 [INFO] PluginManager:220 - loadIPPluginJar : add openamp
2023-11-23 09:01:11,630 [INFO] IPUIPlugin:80 - create IPUIPlugin
2023-11-23 09:01:11,630 [INFO] PluginManager:220 - loadIPPluginJar : add pdm2pcm
2023-11-23 09:01:11,645 [INFO] IPUIPlugin:80 - create IPUIPlugin
2023-11-23 09:01:11,648 [INFO] PluginManager:220 - loadIPPluginJar : add plateformsettings
2023-11-23 09:01:11,670 [INFO] IPUIPlugin:80 - create IPUIPlugin
2023-11-23 09:01:11,670 [INFO] PluginManager:220 - loadIPPluginJar : add quadspi
2023-11-23 09:01:11,683 [INFO] IPUIPlugin:80 - create IPUIPlugin
2023-11-23 09:01:11,684 [INFO] PluginManager:220 - loadIPPluginJar : add resmgrutility
2023-11-23 09:01:11,735 [INFO] IPUIPlugin:80 - create IPUIPlugin
2023-11-23 09:01:11,735 [INFO] PluginManager:220 - loadIPPluginJar : add sai
2023-11-23 09:01:11,772 [INFO] IPUIPlugin:80 - create IPUIPlugin
2023-11-23 09:01:11,772 [INFO] PluginManager:220 - loadIPPluginJar : add spi
2023-11-23 09:01:11,834 [INFO] IPUIPlugin:80 - create IPUIPlugin
2023-11-23 09:01:11,834 [INFO] PluginManager:220 - loadIPPluginJar : add stm32_wpan
2023-11-23 09:01:11,864 [INFO] IPUIPlugin:80 - create IPUIPlugin
2023-11-23 09:01:11,864 [INFO] PluginManager:220 - loadIPPluginJar : add tim
2023-11-23 09:01:11,940 [INFO] IPUIPlugin:80 - create IPUIPlugin
2023-11-23 09:01:11,941 [INFO] PluginManager:220 - loadIPPluginJar : add touchsensing
2023-11-23 09:01:11,974 [INFO] IPUIPlugin:80 - create IPUIPlugin
2023-11-23 09:01:11,974 [INFO] PluginManager:220 - loadIPPluginJar : add tracer_emb
2023-11-23 09:01:12,010 [INFO] IPUIPlugin:80 - create IPUIPlugin
2023-11-23 09:01:12,010 [INFO] PluginManager:220 - loadIPPluginJar : add ts
2023-11-23 09:01:12,040 [INFO] IPUIPlugin:80 - create IPUIPlugin
2023-11-23 09:01:12,040 [INFO] PluginManager:220 - loadIPPluginJar : add tsc
2023-11-23 09:01:12,068 [INFO] IPUIPlugin:80 - create IPUIPlugin
2023-11-23 09:01:12,068 [INFO] PluginManager:220 - loadIPPluginJar : add ucpd
2023-11-23 09:01:12,143 [INFO] IPUIPlugin:80 - create IPUIPlugin
2023-11-23 09:01:12,143 [INFO] PluginManager:220 - loadIPPluginJar : add usart
2023-11-23 09:01:12,194 [INFO] IPUIPlugin:80 - create IPUIPlugin
2023-11-23 09:01:12,194 [INFO] PluginManager:220 - loadIPPluginJar : add usbx
2023-11-23 09:01:12,345 [INFO] CADModel:165 - CPN selected for project level
2023-11-23 09:01:12,346 [INFO] CADModel:114 - Register for checkConnection events
2023-11-23 09:01:12,346 [FATAL] Updater:308 - Updater called before beeing initialized
2023-11-23 09:01:12,347 [ERROR] CADModel:125 - Updater not yet initialized, retry later 
2023-11-23 09:01:12,530 [INFO] CADModel:165 - CPN selected for project level
2023-11-23 09:01:12,531 [INFO] CADModel:114 - Register for checkConnection events
2023-11-23 09:01:12,531 [FATAL] Updater:308 - Updater called before beeing initialized
2023-11-23 09:01:12,531 [ERROR] CADModel:125 - Updater not yet initialized, retry later 
2023-11-23 09:01:12,537 [FATAL] Updater:308 - Updater called before beeing initialized
2023-11-23 09:01:12,565 [INFO] ThirdPartyUpdaterWithRetryManager:70 - Updater plugin not ready yet. [2/15]
2023-11-23 09:01:12,672 [FATAL] Updater:308 - Updater called before beeing initialized
2023-11-23 09:01:12,684 [INFO] DbMcusAds:53 - JSON generation date=Tue Mar 07 12:20:55 IRST 2023 (1678179055335)
2023-11-23 09:01:12,684 [FATAL] Updater:308 - Updater called before beeing initialized
2023-11-23 09:01:12,780 [WARN] DetailPanel:346 - Failed to get advertising image, set to default
2023-11-23 09:01:12,904 [FATAL] Updater:308 - Updater called before beeing initialized
2023-11-23 09:01:12,907 [FATAL] Updater:308 - Updater called before beeing initialized
2023-11-23 09:01:12,907 [FATAL] Updater:308 - Updater called before beeing initialized
2023-11-23 09:01:12,907 [WARN] DetailPanel:346 - Failed to get advertising image, set to default
2023-11-23 09:01:12,908 [FATAL] Updater:308 - Updater called before beeing initialized
2023-11-23 09:01:12,977 [ERROR] Updater:1120 - MainUpdater not yet initialized. External WinMGr cannot be set.
2023-11-23 09:01:12,989 [INFO] Updater:1056 - Updater Version found : 6.9.2
2023-11-23 09:01:13,012 [INFO] ApplicationProperties:184 - Using Application install path: C:\ST\STM32CubeIDE_1.13.0\STM32CubeIDE\plugins\com.st.stm32cube.common.mx_6.9.2.202309101412
2023-11-23 09:01:14,843 [INFO] MainUpdater:2868 - connection check result : 10
2023-11-23 09:01:14,845 [INFO] MainUpdater:285 - Updater Check For Update Now.
2023-11-23 09:01:14,846 [INFO] MicroXplorer:498 - Change Database Version : DB.6.0.92
2023-11-23 09:01:14,872 [INFO] McuFinderGlobals:63 - Set McuFinder mode to 2 (CubeIDE integrated)
2023-11-23 09:01:14,873 [INFO] UserAuth:179 - activating auth plugin
2023-11-23 09:01:14,876 [INFO] UserAuth:393 - Internet connection configuration mode: 1
2023-11-23 09:01:14,912 [INFO] JxBrowserEngine:151 - Initiate JxBrowser Engine with user profile folder
2023-11-23 09:01:15,084 [INFO] CheckServerUpdateThread:120 - End of CheckServer Thread
2023-11-23 09:01:15,844 [WARN] PackLoader:240 - Cannot read IP mode file for STMicroelectronics.X-CUBE-SMBUS.2.1.0
2023-11-23 09:01:15,906 [WARN] PackLoader:240 - Cannot read IP mode file for STMicroelectronics.X-CUBE-AZRTOS-F7.1.1.0
2023-11-23 09:01:15,937 [WARN] PackLoader:240 - Cannot read IP mode file for STMicroelectronics.FP-SNS-MOTENV1.4.3.2
2023-11-23 09:01:15,957 [WARN] PackLoader:240 - Cannot read IP mode file for STMicroelectronics.FP-SNS-FLIGHT1.5.0.2
2023-11-23 09:01:15,980 [WARN] PackLoader:240 - Cannot read IP mode file for STMicroelectronics.X-CUBE-DISPLAY.3.0.0
2023-11-23 09:01:16,008 [WARN] PackLoader:240 - Cannot read IP mode file for STMicroelectronics.X-CUBE-BLE1.7.0.0
2023-11-23 09:01:16,027 [WARN] PackLoader:240 - Cannot read IP mode file for emotas.I-CUBE-CANOPEN.1.3.0
2023-11-23 09:01:16,043 [WARN] PackLoader:240 - Cannot read IP mode file for STMicroelectronics.X-CUBE-TOUCHGFX.4.22.1
2023-11-23 09:01:16,059 [WARN] PackLoader:240 - Cannot read IP mode file for STMicroelectronics.FP-SNS-SMARTAG2.1.2.0
2023-11-23 09:01:16,093 [INFO] LogOutputStream:77 - [STDOUT_REDIRECT] 1 : Invalid condition id : UX_CORESTACK_Condition cause : null
2023-11-23 09:01:16,094 [INFO] LogOutputStream:77 - [STDOUT_REDIRECT] 1 : Invalid condition id : UX_CORESTACK_Condition cause : null
2023-11-23 09:01:16,096 [INFO] LogOutputStream:77 - [STDOUT_REDIRECT] 1 : Invalid condition id : UX_CORESTACK_Condition cause : null
2023-11-23 09:01:16,098 [INFO] LogOutputStream:77 - [STDOUT_REDIRECT] 1 : Invalid condition id : UX_CORESTACK_Condition cause : null
2023-11-23 09:01:16,099 [INFO] LogOutputStream:77 - [STDOUT_REDIRECT] 1 : Invalid condition id : UX_CORESTACK_Condition cause : null
2023-11-23 09:01:16,105 [WARN] PackLoader:240 - Cannot read IP mode file for STMicroelectronics.X-CUBE-AZRTOS-WL.2.0.0
2023-11-23 09:01:16,133 [WARN] PackLoader:240 - Cannot read IP mode file for WES.I-CUBE-Cesium.1.3.0
2023-11-23 09:01:16,151 [WARN] PackLoader:240 - Cannot read IP mode file for STMicroelectronics.X-CUBE-BLE2.3.3.0
2023-11-23 09:01:16,171 [WARN] PackLoader:240 - Cannot read IP mode file for STMicroelectronics.X-CUBE-ALGOBUILD.1.3.0
2023-11-23 09:01:16,211 [WARN] PackLoader:240 - Cannot read IP mode file for STMicroelectronics.X-CUBE-AZRTOS-G0.1.1.0
2023-11-23 09:01:16,236 [WARN] PackLoader:240 - Cannot read IP mode file for STMicroelectronics.X-CUBE-NFC4.3.0.0
2023-11-23 09:01:16,253 [WARN] PackLoader:240 - Cannot read IP mode file for STMicroelectronics.FP-ATR-SIGFOX1.3.2.0
2023-11-23 09:01:16,306 [WARN] PackLoader:240 - Cannot read IP mode file for SEGGER.I-CUBE-embOS.1.3.1
2023-11-23 09:01:16,381 [WARN] PackLoader:240 - Cannot read IP mode file for STMicroelectronics.X-CUBE-GNSS1.6.0.0
2023-11-23 09:01:16,421 [WARN] PackLoader:240 - Cannot read IP mode file for STMicroelectronics.X-CUBE-AZRTOS-F4.1.1.0
2023-11-23 09:01:16,439 [WARN] PackLoader:240 - Cannot read IP mode file for wolfSSL.I-CUBE-wolfSSL.5.6.3
2023-11-23 09:01:16,475 [WARN] PackLoader:240 - Cannot read IP mode file for STMicroelectronics.X-CUBE-AZRTOS-L5.2.0.0
2023-11-23 09:01:16,551 [WARN] PackLoader:240 - Cannot read IP mode file for STMicroelectronics.X-CUBE-MEMS1.9.6.0
2023-11-23 09:01:16,731 [WARN] PackLoader:240 - Cannot read IP mode file for ITTIA_DB.I-CUBE-ITTIADB.8.8.0
2023-11-23 09:01:16,757 [WARN] PackLoader:240 - Cannot read IP mode file for STMicroelectronics.X-CUBE-BLEMGR.2.0.0
2023-11-23 09:01:16,808 [WARN] ConditionMgr:438 - getConditionDescription Invalid condition id : UX DEVICE CLASS RTOS Condition cause : null
2023-11-23 09:01:16,809 [WARN] ConditionMgr:438 - getConditionDescription Invalid condition id : UX DEVICE CLASS RTOS Condition cause : null
2023-11-23 09:01:16,814 [WARN] PackLoader:240 - Cannot read IP mode file for STMicroelectronics.X-CUBE-AZRTOS-H7.3.1.0
2023-11-23 09:01:16,816 [WARN] ConditionMgr:1039 - genDependencies : Invalid condition id : UX DEVICE CLASS RTOS Condition cause : null
2023-11-23 09:01:16,816 [WARN] ConditionMgr:1039 - genDependencies : Invalid condition id : UX DEVICE CLASS RTOS Condition cause : null
2023-11-23 09:01:16,817 [WARN] ConditionMgr:1039 - genDependencies : Invalid condition id : UX DEVICE CLASS RTOS Condition cause : null
2023-11-23 09:01:16,818 [WARN] ConditionMgr:1039 - genDependencies : Invalid condition id : UX DEVICE CLASS RTOS Condition cause : null
2023-11-23 09:01:16,818 [WARN] ConditionMgr:1039 - genDependencies : Invalid condition id : UX DEVICE CLASS RTOS Condition cause : null
2023-11-23 09:01:16,840 [WARN] PackLoader:240 - Cannot read IP mode file for STMicroelectronics.X-CUBE-NFC7.1.0.1
2023-11-23 09:01:16,860 [WARN] PackLoader:240 - Cannot read IP mode file for STMicroelectronics.X-CUBE-NFC6.3.0.0
2023-11-23 09:01:16,876 [WARN] PackLoader:240 - Cannot read IP mode file for STMicroelectronics.X-CUBE-EEPRMA1.4.1.0
2023-11-23 09:01:16,897 [WARN] PackLoader:240 - Cannot read IP mode file for STMicroelectronics.X-CUBE-AI.8.1.0
2023-11-23 09:01:16,941 [WARN] ConditionMgr:438 - getConditionDescription Invalid condition id : LAN8742 Phy interface Condition cause : null
2023-11-23 09:01:16,942 [WARN] PackLoader:240 - Cannot read IP mode file for STMicroelectronics.X-CUBE-AZRTOS-L4.2.0.0
2023-11-23 09:01:16,943 [WARN] ConditionMgr:1039 - genDependencies : Invalid condition id : LAN8742 Phy interface Condition cause : null
2023-11-23 09:01:16,943 [WARN] ConditionMgr:1039 - genDependencies : Invalid condition id : LAN8742 Phy interface Condition cause : null
2023-11-23 09:01:16,944 [WARN] ConditionMgr:1039 - genDependencies : Invalid condition id : LAN8742 Phy interface Condition cause : null
2023-11-23 09:01:16,961 [WARN] PackLoader:240 - Cannot read IP mode file for STMicroelectronics.X-CUBE-SFXS2LP1.4.0.0
2023-11-23 09:01:16,982 [WARN] PackLoader:240 - Cannot read IP mode file for STMicroelectronics.X-CUBE-ISPU.1.1.0
2023-11-23 09:01:17,022 [WARN] ConditionMgr:438 - getConditionDescription Invalid condition id : UX DEVICE CLASS RTOS Condition cause : null
2023-11-23 09:01:17,023 [WARN] ConditionMgr:438 - getConditionDescription Invalid condition id : UX DEVICE CLASS RTOS Condition cause : null
2023-11-23 09:01:17,025 [WARN] PackLoader:240 - Cannot read IP mode file for STMicroelectronics.X-CUBE-AZRTOS-WB.2.0.0
2023-11-23 09:01:17,026 [WARN] ConditionMgr:1039 - genDependencies : Invalid condition id : UX DEVICE CLASS RTOS Condition cause : null
2023-11-23 09:01:17,026 [WARN] ConditionMgr:1039 - genDependencies : Invalid condition id : UX DEVICE CLASS RTOS Condition cause : null
2023-11-23 09:01:17,027 [WARN] ConditionMgr:1039 - genDependencies : Invalid condition id : UX DEVICE CLASS RTOS Condition cause : null
2023-11-23 09:01:17,027 [WARN] ConditionMgr:1039 - genDependencies : Invalid condition id : UX DEVICE CLASS RTOS Condition cause : null
2023-11-23 09:01:17,027 [WARN] ConditionMgr:1039 - genDependencies : Invalid condition id : UX DEVICE CLASS RTOS Condition cause : null
2023-11-23 09:01:17,058 [WARN] PackLoader:240 - Cannot read IP mode file for STMicroelectronics.X-CUBE-SUBG2.5.0.0
2023-11-23 09:01:17,093 [WARN] PackLoader:240 - Cannot read IP mode file for STMicroelectronics.X-CUBE-TOF1.3.3.1
2023-11-23 09:01:17,146 [WARN] PackLoader:240 - Cannot read IP mode file for STMicroelectronics.X-CUBE-AZRTOS-G4.2.0.0
2023-11-23 09:01:17,179 [WARN] PackLoader:240 - Cannot read IP mode file for Infineon.AIROC-Wi-Fi-Bluetooth-STM32.1.5.1
2023-11-23 09:01:17,200 [WARN] PackLoader:240 - Cannot read IP mode file for STMicroelectronics.FP-SNS-MOTENVWB1.1.3.0
2023-11-23 09:01:17,263 [WARN] PackLoader:240 - Cannot read IP mode file for STMicroelectronics.X-CUBE-MEMS1.10.0.0
2023-11-23 09:01:17,401 [WARN] PackLoader:240 - Cannot read IP mode file for STMicroelectronics.X-CUBE-FREERTOS.1.1.0
2023-11-23 09:01:17,420 [WARN] PackLoader:240 - Cannot read IP mode file for portGmbH.I-Cube-SoM-uGOAL.1.1.0
2023-11-23 09:01:17,437 [WARN] PackLoader:240 - Cannot read IP mode file for STMicroelectronics.X-CUBE-ALS.1.0.1
2023-11-23 09:01:17,456 [WARN] PackLoader:240 - Cannot read IP mode file for STMicroelectronics.FP-ATR-ASTRA1.2.0.0
2023-11-23 09:01:17,485 [WARN] PackLoader:240 - Cannot read IP mode file for STMicroelectronics.X-CUBE-TOF1.3.4.0
2023-11-23 09:01:17,503 [INFO] ThirdParty:978 - Integrity check success = true
2023-11-23 09:01:17,503 [INFO] IntegrityCheckThread:100 - exiting critical section [integrity check]
2023-11-23 09:01:17,503 [INFO] IntegrityCheckThread:103 - End integrity checks thread
2023-11-23 09:01:18,761 [INFO] WebApp:157 - Instantiating new browser for Auth
2023-11-23 09:01:19,787 [INFO] WebApp:753 - Register for checkConnection events
2023-11-23 09:01:19,788 [INFO] WebApp:390 - Apply proxy settings
2023-11-23 09:01:19,788 [INFO] WebApp:475 - Chromium requires no authentication
2023-11-23 09:01:19,803 [INFO] WebApp:418 - Direct internet connection detected
2023-11-23 09:01:20,019 [INFO] WebApp:188 - Starting web application
2023-11-23 09:01:20,020 [INFO] WebApp:520 - Web application path used C:\ST\STM32CubeIDE_1.13.0\STM32CubeIDE\plugins\com.st.stm32cube.common.mx_6.9.2.202309101412\db\plugins\mcufinder\reactClient1\index.html
2023-11-23 09:01:27,226 [ERROR] LogOutputStream:75 - [STDERR_REDIRECT] SLF4J: Failed to load class "org.slf4j.impl.StaticLoggerBinder".
2023-11-23 09:01:27,226 [ERROR] LogOutputStream:75 - [STDERR_REDIRECT] SLF4J: Defaulting to no-operation (NOP) logger implementation
2023-11-23 09:01:27,228 [ERROR] LogOutputStream:75 - [STDERR_REDIRECT] SLF4J: See http://www.slf4j.org/codes.html#StaticLoggerBinder for further details.
2023-11-23 20:29:31,630 [INFO] WebApp:330 - JxBrowser engine has been closed 
