2023-11-27 09:32:02,535 [INFO] Activator:176 - 


2023-11-27 09:32:02,546 [INFO] Activator:177 - !SESSION log4j initialized
2023-11-27 09:32:10,194 [INFO] LogOutputStream:77 - [STDOUT_REDIRECT] 
2023-11-27 09:32:12,417 [INFO] ApplicationProperties:184 - Using Application install path: C:\ST\STM32CubeIDE_1.13.0\STM32CubeIDE\plugins\com.st.stm32cube.common.mx_6.9.2.202309101412
2023-11-27 09:32:12,441 [INFO] DbMcusXml:78 - Set database path to: C:\ST\STM32CubeIDE_1.13.0\STM32CubeIDE\plugins\com.st.stm32cube.common.mx_6.9.2.202309101412\\db\/mcu/
2023-11-27 09:32:12,442 [INFO] ApiDb:274 - Set plugin database path to: C:\ST\STM32CubeIDE_1.13.0\STM32CubeIDE\plugins\com.st.stm32cube.common.mx_6.9.2.202309101412\\db\/plugins/boardmanager/
2023-11-27 09:32:12,442 [WARN] ApiDb:259 - Overriding images path with different value:  => C:\ST\STM32CubeIDE_1.13.0\STM32CubeIDE\plugins\com.st.stm32cube.common.mx_6.9.2.202309101412\\db\/plugins/mcufinder/images/
2023-11-27 09:32:12,456 [INFO] ApiDb:250 - Set database path to: C:\Users\98919\.stmcufinder\plugins\mcufinder//mcu/
2023-11-27 09:32:12,458 [INFO] DbMcusAds:125 - Set database path to: C:\Users\98919\.stmcufinder\plugins\mcufinder//mcu/
2023-11-27 09:32:12,461 [INFO] CrossReferenceDbSqlite:203 - Set database path to: C:\Users\98919\.stmcufinder\plugins\mcufinder//mcu/cs/
2023-11-27 09:32:12,604 [INFO] RulesReader:64 - Compatibility file has been processed (293 Rules)
2023-11-27 09:32:12,737 [INFO] DbMcusXml:78 - Set database path to: C:\ST\STM32CubeIDE_1.13.0\STM32CubeIDE\plugins\com.st.stm32cube.common.mx_6.9.2.202309101412\\db\/mcu/
2023-11-27 09:32:12,737 [INFO] ApiDb:274 - Set plugin database path to: C:\ST\STM32CubeIDE_1.13.0\STM32CubeIDE\plugins\com.st.stm32cube.common.mx_6.9.2.202309101412\\db\/plugins/boardmanager/
2023-11-27 09:32:12,737 [INFO] ApiDb:261 - Set plugin images path to: C:\ST\STM32CubeIDE_1.13.0\STM32CubeIDE\plugins\com.st.stm32cube.common.mx_6.9.2.202309101412\\db\/plugins/mcufinder/images/
2023-11-27 09:32:12,737 [WARN] DbFile:41 - Overriding database path with different value: C:\Users\98919\.stmcufinder\plugins\mcufinder/ => C:\Users\98919\.stmcufinder\plugins\mcufinder
2023-11-27 09:32:12,737 [INFO] ApiDb:250 - Set database path to: C:\Users\98919\.stmcufinder\plugins\mcufinder//mcu/
2023-11-27 09:32:12,737 [WARN] DbFile:41 - Overriding database path with different value: C:\Users\98919\.stmcufinder\plugins\mcufinder/ => C:\Users\98919\.stmcufinder\plugins\mcufinder
2023-11-27 09:32:12,738 [INFO] DbMcusAds:125 - Set database path to: C:\Users\98919\.stmcufinder\plugins\mcufinder//mcu/
2023-11-27 09:32:12,738 [WARN] DbFile:41 - Overriding database path with different value: C:\Users\98919\.stmcufinder\plugins\mcufinder/ => C:\Users\98919\.stmcufinder\plugins\mcufinder
2023-11-27 09:32:12,738 [WARN] DbFile:41 - Overriding database path with different value: C:\Users\98919\.stmcufinder\plugins\mcufinder/ => C:\Users\98919\.stmcufinder\plugins\mcufinder
2023-11-27 09:32:12,738 [INFO] CrossReferenceDbSqlite:203 - Set database path to: C:\Users\98919\.stmcufinder\plugins\mcufinder//mcu/cs/
2023-11-27 09:32:12,847 [INFO] MainPanel:262 - HeapMemory: 268435456
2023-11-27 09:32:12,979 [INFO] DbMcusXml:78 - Set database path to: C:\ST\STM32CubeIDE_1.13.0\STM32CubeIDE\plugins\com.st.stm32cube.common.mx_6.9.2.202309101412\\db\/mcu/
2023-11-27 09:32:12,979 [INFO] ApiDb:274 - Set plugin database path to: C:\ST\STM32CubeIDE_1.13.0\STM32CubeIDE\plugins\com.st.stm32cube.common.mx_6.9.2.202309101412\\db\/plugins/boardmanager/
2023-11-27 09:32:12,979 [INFO] ApiDb:261 - Set plugin images path to: C:\ST\STM32CubeIDE_1.13.0\STM32CubeIDE\plugins\com.st.stm32cube.common.mx_6.9.2.202309101412\\db\/plugins/mcufinder/images/
2023-11-27 09:32:12,980 [WARN] DbFile:41 - Overriding database path with different value: C:\Users\98919\.stmcufinder\plugins\mcufinder/ => C:\Users\98919\.stmcufinder\plugins\mcufinder
2023-11-27 09:32:12,980 [INFO] ApiDb:250 - Set database path to: C:\Users\98919\.stmcufinder\plugins\mcufinder//mcu/
2023-11-27 09:32:12,980 [WARN] DbFile:41 - Overriding database path with different value: C:\Users\98919\.stmcufinder\plugins\mcufinder/ => C:\Users\98919\.stmcufinder\plugins\mcufinder
2023-11-27 09:32:12,980 [INFO] DbMcusAds:125 - Set database path to: C:\Users\98919\.stmcufinder\plugins\mcufinder//mcu/
2023-11-27 09:32:12,980 [WARN] DbFile:41 - Overriding database path with different value: C:\Users\98919\.stmcufinder\plugins\mcufinder/ => C:\Users\98919\.stmcufinder\plugins\mcufinder
2023-11-27 09:32:12,980 [WARN] DbFile:41 - Overriding database path with different value: C:\Users\98919\.stmcufinder\plugins\mcufinder/ => C:\Users\98919\.stmcufinder\plugins\mcufinder
2023-11-27 09:32:12,980 [INFO] CrossReferenceDbSqlite:203 - Set database path to: C:\Users\98919\.stmcufinder\plugins\mcufinder//mcu/cs/
2023-11-27 09:32:13,010 [INFO] ApplicationProperties:184 - Using Application install path: C:\ST\STM32CubeIDE_1.13.0\STM32CubeIDE\plugins\com.st.stm32cube.common.mx_6.9.2.202309101412
2023-11-27 09:32:13,012 [INFO] PluginManage:196 - Search for loadable plugins [exclusion list=, ]
2023-11-27 09:32:13,014 [INFO] PluginManage:310 - Check plugin analytics
2023-11-27 09:32:13,227 [INFO] AnalyticsPlugin:253 - Accepted Software Licenses: 
2023-11-27 09:32:13,227 [INFO] AnalyticsPlugin:255 - Accepted CMSIS Pack Licenses: 
2023-11-27 09:32:13,227 [INFO] AnalyticsPlugin:257 - Accepted Firmware Licenses: FW.F4.1.27.0
2023-11-27 09:32:13,231 [INFO] PluginManage:359 - Loaded plugin analytics (category:tool,tabindex:-1)
2023-11-27 09:32:13,231 [INFO] PluginManage:310 - Check plugin cadmodel
2023-11-27 09:32:13,252 [INFO] CADModel:105 - Init CAD model plugin
2023-11-27 09:32:13,252 [INFO] PluginManage:359 - Loaded plugin cadmodel (category:power,tabindex:5)
2023-11-27 09:32:13,253 [INFO] PluginManage:310 - Check plugin clock
2023-11-27 09:32:13,280 [INFO] PluginManage:359 - Loaded plugin clock (category:base,tabindex:2)
2023-11-27 09:32:13,281 [INFO] PluginManage:310 - Check plugin ddr
2023-11-27 09:32:13,284 [INFO] PluginManage:359 - Loaded plugin ddr (category:tool,tabindex:6)
2023-11-27 09:32:13,285 [INFO] PluginManage:310 - Check plugin filemanager
2023-11-27 09:32:13,447 [INFO] PluginManage:359 - Loaded plugin filemanager (category:base,tabindex:10)
2023-11-27 09:32:13,447 [INFO] PluginManage:310 - Check plugin ipmanager
2023-11-27 09:32:13,459 [INFO] PluginManage:359 - Loaded plugin ipmanager (category:base,tabindex:5)
2023-11-27 09:32:13,459 [INFO] PluginManage:310 - Check plugin lpbam
2023-11-27 09:32:13,482 [INFO] PluginManage:359 - Loaded plugin lpbam (category:base,tabindex:0)
2023-11-27 09:32:13,483 [INFO] PluginManage:310 - Check plugin memorymap
2023-11-27 09:32:13,513 [INFO] PluginManage:359 - Loaded plugin memorymap (category:base,tabindex:4)
2023-11-27 09:32:13,513 [INFO] PluginManage:310 - Check plugin pinoutandconfiguration
2023-11-27 09:32:13,534 [INFO] PluginManage:359 - Loaded plugin pinoutandconfiguration (category:base,tabindex:1)
2023-11-27 09:32:13,534 [INFO] PluginManage:310 - Check plugin pinoutconfig
2023-11-27 09:32:13,668 [WARN] SupportedApi:132 - Cannot load RTOS API schema: s4s-elt-must-match.1: The content of 'definitions' must match (annotation?, (simpleType | complexType)?, (unique | key | keyref)*)). A problem was found starting at: attribute.
2023-11-27 09:32:13,851 [INFO] PluginManage:359 - Loaded plugin pinoutconfig (category:base,tabindex:0)
2023-11-27 09:32:13,852 [INFO] PluginManage:310 - Check plugin power
2023-11-27 09:32:13,882 [INFO] PluginManage:359 - Loaded plugin power (category:power,tabindex:4)
2023-11-27 09:32:13,882 [INFO] PluginManage:310 - Check plugin projectmanager
2023-11-27 09:32:13,902 [INFO] PluginManage:359 - Loaded plugin projectmanager (category:projectmanager,tabindex:3)
2023-11-27 09:32:13,902 [INFO] PluginManage:310 - Check plugin thirdparty
2023-11-27 09:32:14,232 [INFO] PluginManage:359 - Loaded plugin thirdparty (category:base,tabindex:-1)
2023-11-27 09:32:14,232 [WARN] IntegrityCheckThread:84 - waiting for thirdparty lock release [integrity check]
2023-11-27 09:32:14,232 [INFO] PluginManage:310 - Check plugin tools
2023-11-27 09:32:14,232 [INFO] IntegrityCheckThread:86 - entering critical section [integrity check]
2023-11-27 09:32:14,233 [INFO] ThirdPartyUpdaterWithRetryManager:70 - Updater plugin not ready yet. [1/15]
2023-11-27 09:32:14,268 [INFO] PluginManage:359 - Loaded plugin tools (category:base,tabindex:7)
2023-11-27 09:32:14,269 [INFO] PluginManage:310 - Check plugin tutovideos
2023-11-27 09:32:14,511 [INFO] PluginManage:359 - Loaded plugin tutovideos (category:base,tabindex:-1)
2023-11-27 09:32:14,511 [INFO] PluginManage:310 - Check plugin updater
2023-11-27 09:32:14,527 [INFO] PluginManage:359 - Loaded plugin updater (category:base,tabindex:12)
2023-11-27 09:32:14,528 [INFO] PluginManage:310 - Check plugin userauth
2023-11-27 09:32:14,535 [INFO] UserAuth:113 - Init User Auth plugin
2023-11-27 09:32:14,536 [INFO] PluginManage:359 - Loaded plugin userauth (category:base,tabindex:14)
2023-11-27 09:32:14,537 [INFO] PluginManage:283 - PluginManage : Loaded plugins [17]
2023-11-27 09:32:14,894 [INFO] PinOutPanel:1499 - setPackage(No Configuration,No Configuration)
2023-11-27 09:32:15,034 [INFO] CADModel:165 - CPN selected for project level
2023-11-27 09:32:15,034 [INFO] CADModel:114 - Register for checkConnection events
2023-11-27 09:32:15,065 [INFO] IPUIPlugin:80 - create IPUIPlugin
2023-11-27 09:32:15,065 [INFO] PluginManager:220 - loadIPPluginJar : add adc
2023-11-27 09:32:15,101 [INFO] IPUIPlugin:80 - create IPUIPlugin
2023-11-27 09:32:15,101 [INFO] PluginManager:220 - loadIPPluginJar : add aes
2023-11-27 09:32:15,143 [INFO] IPUIPlugin:80 - create IPUIPlugin
2023-11-27 09:32:15,143 [INFO] PluginManager:220 - loadIPPluginJar : add can
2023-11-27 09:32:15,165 [INFO] IPUIPlugin:80 - create IPUIPlugin
2023-11-27 09:32:15,166 [INFO] PluginManager:220 - loadIPPluginJar : add comp
2023-11-27 09:32:15,199 [INFO] IPUIPlugin:80 - create IPUIPlugin
2023-11-27 09:32:15,199 [INFO] PluginManager:220 - loadIPPluginJar : add cryp
2023-11-27 09:32:15,229 [INFO] IPUIPlugin:80 - create IPUIPlugin
2023-11-27 09:32:15,229 [INFO] PluginManager:220 - loadIPPluginJar : add dfsdm
2023-11-27 09:32:15,244 [INFO] IPUIPlugin:80 - create IPUIPlugin
2023-11-27 09:32:15,245 [INFO] PluginManager:220 - loadIPPluginJar : add dma
2023-11-27 09:32:15,287 [INFO] IPUIPlugin:80 - create IPUIPlugin
2023-11-27 09:32:15,287 [INFO] PluginManager:220 - loadIPPluginJar : add dma3
2023-11-27 09:32:15,308 [INFO] IPUIPlugin:80 - create IPUIPlugin
2023-11-27 09:32:15,308 [INFO] PluginManager:220 - loadIPPluginJar : add fatfs
2023-11-27 09:32:15,354 [INFO] IPUIPlugin:80 - create IPUIPlugin
2023-11-27 09:32:15,354 [INFO] PluginManager:220 - loadIPPluginJar : add fmc
2023-11-27 09:32:15,371 [INFO] IPUIPlugin:80 - create IPUIPlugin
2023-11-27 09:32:15,371 [INFO] PluginManager:220 - loadIPPluginJar : add freertos
2023-11-27 09:32:15,392 [INFO] IPUIPlugin:80 - create IPUIPlugin
2023-11-27 09:32:15,392 [INFO] PluginManager:220 - loadIPPluginJar : add genericplugin
2023-11-27 09:32:15,505 [INFO] IPUIPlugin:80 - create IPUIPlugin
2023-11-27 09:32:15,506 [INFO] PluginManager:220 - loadIPPluginJar : add gfxmmu
2023-11-27 09:32:15,635 [INFO] IPUIPlugin:80 - create IPUIPlugin
2023-11-27 09:32:15,636 [INFO] PluginManager:220 - loadIPPluginJar : add gic
2023-11-27 09:32:15,650 [INFO] IPUIPlugin:80 - create IPUIPlugin
2023-11-27 09:32:15,650 [INFO] PluginManager:220 - loadIPPluginJar : add gpio
2023-11-27 09:32:15,744 [INFO] IPUIPlugin:80 - create IPUIPlugin
2023-11-27 09:32:15,744 [INFO] PluginManager:220 - loadIPPluginJar : add gtzc
2023-11-27 09:32:15,778 [INFO] IPUIPlugin:80 - create IPUIPlugin
2023-11-27 09:32:15,778 [INFO] PluginManager:220 - loadIPPluginJar : add hash
2023-11-27 09:32:15,833 [INFO] IPUIPlugin:80 - create IPUIPlugin
2023-11-27 09:32:15,833 [INFO] PluginManager:220 - loadIPPluginJar : add i2c
2023-11-27 09:32:15,872 [INFO] IPUIPlugin:80 - create IPUIPlugin
2023-11-27 09:32:15,872 [INFO] PluginManager:220 - loadIPPluginJar : add i2s
2023-11-27 09:32:15,916 [INFO] IPUIPlugin:80 - create IPUIPlugin
2023-11-27 09:32:15,916 [INFO] PluginManager:220 - loadIPPluginJar : add i3c
2023-11-27 09:32:16,029 [INFO] IPUIPlugin:80 - create IPUIPlugin
2023-11-27 09:32:16,029 [INFO] PluginManager:220 - loadIPPluginJar : add ipddr
2023-11-27 09:32:16,120 [INFO] IPUIPlugin:80 - create IPUIPlugin
2023-11-27 09:32:16,120 [INFO] PluginManager:220 - loadIPPluginJar : add linkedlist
2023-11-27 09:32:16,156 [INFO] IPUIPlugin:80 - create IPUIPlugin
2023-11-27 09:32:16,156 [INFO] PluginManager:220 - loadIPPluginJar : add lorawan
2023-11-27 09:32:16,194 [INFO] IPUIPlugin:80 - create IPUIPlugin
2023-11-27 09:32:16,194 [INFO] PluginManager:220 - loadIPPluginJar : add ltdc
2023-11-27 09:32:16,211 [INFO] IPUIPlugin:80 - create IPUIPlugin
2023-11-27 09:32:16,211 [INFO] PluginManager:220 - loadIPPluginJar : add mdma
2023-11-27 09:32:16,225 [INFO] IPUIPlugin:80 - create IPUIPlugin
2023-11-27 09:32:16,225 [INFO] PluginManager:220 - loadIPPluginJar : add nvic
2023-11-27 09:32:16,261 [INFO] IPUIPlugin:80 - create IPUIPlugin
2023-11-27 09:32:16,261 [INFO] PluginManager:220 - loadIPPluginJar : add opamp
2023-11-27 09:32:16,321 [INFO] IPUIPlugin:80 - create IPUIPlugin
2023-11-27 09:32:16,321 [INFO] PluginManager:220 - loadIPPluginJar : add openamp
2023-11-27 09:32:16,367 [INFO] IPUIPlugin:80 - create IPUIPlugin
2023-11-27 09:32:16,367 [INFO] PluginManager:220 - loadIPPluginJar : add pdm2pcm
2023-11-27 09:32:16,384 [INFO] IPUIPlugin:80 - create IPUIPlugin
2023-11-27 09:32:16,387 [INFO] PluginManager:220 - loadIPPluginJar : add plateformsettings
2023-11-27 09:32:16,411 [INFO] IPUIPlugin:80 - create IPUIPlugin
2023-11-27 09:32:16,411 [INFO] PluginManager:220 - loadIPPluginJar : add quadspi
2023-11-27 09:32:16,425 [INFO] IPUIPlugin:80 - create IPUIPlugin
2023-11-27 09:32:16,425 [INFO] PluginManager:220 - loadIPPluginJar : add resmgrutility
2023-11-27 09:32:16,485 [INFO] IPUIPlugin:80 - create IPUIPlugin
2023-11-27 09:32:16,485 [INFO] PluginManager:220 - loadIPPluginJar : add sai
2023-11-27 09:32:16,530 [INFO] IPUIPlugin:80 - create IPUIPlugin
2023-11-27 09:32:16,531 [INFO] PluginManager:220 - loadIPPluginJar : add spi
2023-11-27 09:32:16,592 [INFO] IPUIPlugin:80 - create IPUIPlugin
2023-11-27 09:32:16,593 [INFO] PluginManager:220 - loadIPPluginJar : add stm32_wpan
2023-11-27 09:32:16,622 [INFO] IPUIPlugin:80 - create IPUIPlugin
2023-11-27 09:32:16,622 [INFO] PluginManager:220 - loadIPPluginJar : add tim
2023-11-27 09:32:16,681 [INFO] IPUIPlugin:80 - create IPUIPlugin
2023-11-27 09:32:16,681 [INFO] PluginManager:220 - loadIPPluginJar : add touchsensing
2023-11-27 09:32:16,706 [INFO] IPUIPlugin:80 - create IPUIPlugin
2023-11-27 09:32:16,706 [INFO] PluginManager:220 - loadIPPluginJar : add tracer_emb
2023-11-27 09:32:16,734 [INFO] IPUIPlugin:80 - create IPUIPlugin
2023-11-27 09:32:16,734 [INFO] PluginManager:220 - loadIPPluginJar : add ts
2023-11-27 09:32:16,755 [INFO] IPUIPlugin:80 - create IPUIPlugin
2023-11-27 09:32:16,755 [INFO] PluginManager:220 - loadIPPluginJar : add tsc
2023-11-27 09:32:16,777 [INFO] IPUIPlugin:80 - create IPUIPlugin
2023-11-27 09:32:16,778 [INFO] PluginManager:220 - loadIPPluginJar : add ucpd
2023-11-27 09:32:16,821 [INFO] IPUIPlugin:80 - create IPUIPlugin
2023-11-27 09:32:16,821 [INFO] PluginManager:220 - loadIPPluginJar : add usart
2023-11-27 09:32:16,867 [INFO] IPUIPlugin:80 - create IPUIPlugin
2023-11-27 09:32:16,867 [INFO] PluginManager:220 - loadIPPluginJar : add usbx
2023-11-27 09:32:17,009 [INFO] CADModel:165 - CPN selected for project level
2023-11-27 09:32:17,009 [INFO] CADModel:114 - Register for checkConnection events
2023-11-27 09:32:17,009 [FATAL] Updater:308 - Updater called before beeing initialized
2023-11-27 09:32:17,009 [ERROR] CADModel:125 - Updater not yet initialized, retry later 
2023-11-27 09:32:17,196 [INFO] CADModel:165 - CPN selected for project level
2023-11-27 09:32:17,196 [INFO] CADModel:114 - Register for checkConnection events
2023-11-27 09:32:17,196 [FATAL] Updater:308 - Updater called before beeing initialized
2023-11-27 09:32:17,196 [ERROR] CADModel:125 - Updater not yet initialized, retry later 
2023-11-27 09:32:17,202 [FATAL] Updater:308 - Updater called before beeing initialized
2023-11-27 09:32:17,234 [INFO] ThirdPartyUpdaterWithRetryManager:70 - Updater plugin not ready yet. [2/15]
2023-11-27 09:32:17,342 [FATAL] Updater:308 - Updater called before beeing initialized
2023-11-27 09:32:17,354 [INFO] DbMcusAds:53 - JSON generation date=Tue Mar 07 12:20:55 IRST 2023 (1678179055335)
2023-11-27 09:32:17,354 [FATAL] Updater:308 - Updater called before beeing initialized
2023-11-27 09:32:17,444 [WARN] DetailPanel:346 - Failed to get advertising image, set to default
2023-11-27 09:32:17,568 [FATAL] Updater:308 - Updater called before beeing initialized
2023-11-27 09:32:17,570 [FATAL] Updater:308 - Updater called before beeing initialized
2023-11-27 09:32:17,570 [FATAL] Updater:308 - Updater called before beeing initialized
2023-11-27 09:32:17,570 [WARN] DetailPanel:346 - Failed to get advertising image, set to default
2023-11-27 09:32:17,571 [FATAL] Updater:308 - Updater called before beeing initialized
2023-11-27 09:32:17,641 [ERROR] Updater:1120 - MainUpdater not yet initialized. External WinMGr cannot be set.
2023-11-27 09:32:17,653 [INFO] Updater:1056 - Updater Version found : 6.9.2
2023-11-27 09:32:17,679 [INFO] ApplicationProperties:184 - Using Application install path: C:\ST\STM32CubeIDE_1.13.0\STM32CubeIDE\plugins\com.st.stm32cube.common.mx_6.9.2.202309101412
2023-11-27 09:32:19,004 [INFO] MainUpdater:2868 - connection check result : 10
2023-11-27 09:32:19,006 [INFO] MainUpdater:285 - Updater Check For Update Now.
2023-11-27 09:32:19,006 [INFO] MicroXplorer:498 - Change Database Version : DB.6.0.92
2023-11-27 09:32:19,032 [INFO] McuFinderGlobals:63 - Set McuFinder mode to 2 (CubeIDE integrated)
2023-11-27 09:32:19,033 [INFO] UserAuth:179 - activating auth plugin
2023-11-27 09:32:19,036 [INFO] UserAuth:393 - Internet connection configuration mode: 1
2023-11-27 09:32:19,079 [INFO] JxBrowserEngine:151 - Initiate JxBrowser Engine with user profile folder
2023-11-27 09:32:19,244 [INFO] CheckServerUpdateThread:120 - End of CheckServer Thread
2023-11-27 09:32:20,483 [WARN] PackLoader:240 - Cannot read IP mode file for STMicroelectronics.X-CUBE-SMBUS.2.1.0
2023-11-27 09:32:20,548 [WARN] PackLoader:240 - Cannot read IP mode file for STMicroelectronics.X-CUBE-AZRTOS-F7.1.1.0
2023-11-27 09:32:20,579 [WARN] PackLoader:240 - Cannot read IP mode file for STMicroelectronics.FP-SNS-MOTENV1.4.3.2
2023-11-27 09:32:20,601 [WARN] PackLoader:240 - Cannot read IP mode file for STMicroelectronics.FP-SNS-FLIGHT1.5.0.2
2023-11-27 09:32:20,624 [WARN] PackLoader:240 - Cannot read IP mode file for STMicroelectronics.X-CUBE-DISPLAY.3.0.0
2023-11-27 09:32:20,655 [WARN] PackLoader:240 - Cannot read IP mode file for STMicroelectronics.X-CUBE-BLE1.7.0.0
2023-11-27 09:32:20,672 [WARN] PackLoader:240 - Cannot read IP mode file for emotas.I-CUBE-CANOPEN.1.3.0
2023-11-27 09:32:20,693 [WARN] PackLoader:240 - Cannot read IP mode file for STMicroelectronics.X-CUBE-TOUCHGFX.4.22.1
2023-11-27 09:32:20,710 [WARN] PackLoader:240 - Cannot read IP mode file for STMicroelectronics.FP-SNS-SMARTAG2.1.2.0
2023-11-27 09:32:20,746 [INFO] LogOutputStream:77 - [STDOUT_REDIRECT] 1 : Invalid condition id : UX_CORESTACK_Condition cause : null
2023-11-27 09:32:20,747 [INFO] LogOutputStream:77 - [STDOUT_REDIRECT] 1 : Invalid condition id : UX_CORESTACK_Condition cause : null
2023-11-27 09:32:20,749 [INFO] LogOutputStream:77 - [STDOUT_REDIRECT] 1 : Invalid condition id : UX_CORESTACK_Condition cause : null
2023-11-27 09:32:20,751 [INFO] LogOutputStream:77 - [STDOUT_REDIRECT] 1 : Invalid condition id : UX_CORESTACK_Condition cause : null
2023-11-27 09:32:20,753 [INFO] LogOutputStream:77 - [STDOUT_REDIRECT] 1 : Invalid condition id : UX_CORESTACK_Condition cause : null
2023-11-27 09:32:20,760 [WARN] PackLoader:240 - Cannot read IP mode file for STMicroelectronics.X-CUBE-AZRTOS-WL.2.0.0
2023-11-27 09:32:20,783 [WARN] PackLoader:240 - Cannot read IP mode file for WES.I-CUBE-Cesium.1.3.0
2023-11-27 09:32:20,800 [WARN] PackLoader:240 - Cannot read IP mode file for STMicroelectronics.X-CUBE-BLE2.3.3.0
2023-11-27 09:32:20,828 [WARN] PackLoader:240 - Cannot read IP mode file for STMicroelectronics.X-CUBE-ALGOBUILD.1.3.0
2023-11-27 09:32:20,875 [WARN] PackLoader:240 - Cannot read IP mode file for STMicroelectronics.X-CUBE-AZRTOS-G0.1.1.0
2023-11-27 09:32:20,900 [WARN] PackLoader:240 - Cannot read IP mode file for STMicroelectronics.X-CUBE-NFC4.3.0.0
2023-11-27 09:32:20,916 [WARN] PackLoader:240 - Cannot read IP mode file for STMicroelectronics.FP-ATR-SIGFOX1.3.2.0
2023-11-27 09:32:20,981 [WARN] PackLoader:240 - Cannot read IP mode file for SEGGER.I-CUBE-embOS.1.3.1
2023-11-27 09:32:21,085 [WARN] PackLoader:240 - Cannot read IP mode file for STMicroelectronics.X-CUBE-GNSS1.6.0.0
2023-11-27 09:32:21,134 [WARN] PackLoader:240 - Cannot read IP mode file for STMicroelectronics.X-CUBE-AZRTOS-F4.1.1.0
2023-11-27 09:32:21,151 [WARN] PackLoader:240 - Cannot read IP mode file for wolfSSL.I-CUBE-wolfSSL.5.6.3
2023-11-27 09:32:21,195 [WARN] PackLoader:240 - Cannot read IP mode file for STMicroelectronics.X-CUBE-AZRTOS-L5.2.0.0
2023-11-27 09:32:21,269 [WARN] PackLoader:240 - Cannot read IP mode file for STMicroelectronics.X-CUBE-MEMS1.9.6.0
2023-11-27 09:32:21,476 [WARN] PackLoader:240 - Cannot read IP mode file for ITTIA_DB.I-CUBE-ITTIADB.8.8.0
2023-11-27 09:32:21,497 [WARN] PackLoader:240 - Cannot read IP mode file for STMicroelectronics.X-CUBE-BLEMGR.2.0.0
2023-11-27 09:32:21,541 [WARN] ConditionMgr:438 - getConditionDescription Invalid condition id : UX DEVICE CLASS RTOS Condition cause : null
2023-11-27 09:32:21,542 [WARN] ConditionMgr:438 - getConditionDescription Invalid condition id : UX DEVICE CLASS RTOS Condition cause : null
2023-11-27 09:32:21,547 [WARN] PackLoader:240 - Cannot read IP mode file for STMicroelectronics.X-CUBE-AZRTOS-H7.3.1.0
2023-11-27 09:32:21,548 [WARN] ConditionMgr:1039 - genDependencies : Invalid condition id : UX DEVICE CLASS RTOS Condition cause : null
2023-11-27 09:32:21,549 [WARN] ConditionMgr:1039 - genDependencies : Invalid condition id : UX DEVICE CLASS RTOS Condition cause : null
2023-11-27 09:32:21,550 [WARN] ConditionMgr:1039 - genDependencies : Invalid condition id : UX DEVICE CLASS RTOS Condition cause : null
2023-11-27 09:32:21,550 [WARN] ConditionMgr:1039 - genDependencies : Invalid condition id : UX DEVICE CLASS RTOS Condition cause : null
2023-11-27 09:32:21,551 [WARN] ConditionMgr:1039 - genDependencies : Invalid condition id : UX DEVICE CLASS RTOS Condition cause : null
2023-11-27 09:32:22,113 [WARN] PackLoader:240 - Cannot read IP mode file for STMicroelectronics.X-CUBE-NFC7.1.0.1
2023-11-27 09:32:22,136 [WARN] PackLoader:240 - Cannot read IP mode file for STMicroelectronics.X-CUBE-NFC6.3.0.0
2023-11-27 09:32:22,155 [WARN] PackLoader:240 - Cannot read IP mode file for STMicroelectronics.X-CUBE-EEPRMA1.4.1.0
2023-11-27 09:32:22,176 [WARN] PackLoader:240 - Cannot read IP mode file for STMicroelectronics.X-CUBE-AI.8.1.0
2023-11-27 09:32:22,216 [WARN] ConditionMgr:438 - getConditionDescription Invalid condition id : LAN8742 Phy interface Condition cause : null
2023-11-27 09:32:22,217 [WARN] PackLoader:240 - Cannot read IP mode file for STMicroelectronics.X-CUBE-AZRTOS-L4.2.0.0
2023-11-27 09:32:22,219 [WARN] ConditionMgr:1039 - genDependencies : Invalid condition id : LAN8742 Phy interface Condition cause : null
2023-11-27 09:32:22,219 [WARN] ConditionMgr:1039 - genDependencies : Invalid condition id : LAN8742 Phy interface Condition cause : null
2023-11-27 09:32:22,220 [WARN] ConditionMgr:1039 - genDependencies : Invalid condition id : LAN8742 Phy interface Condition cause : null
2023-11-27 09:32:22,239 [WARN] PackLoader:240 - Cannot read IP mode file for STMicroelectronics.X-CUBE-SFXS2LP1.4.0.0
2023-11-27 09:32:22,260 [WARN] PackLoader:240 - Cannot read IP mode file for STMicroelectronics.X-CUBE-ISPU.1.1.0
2023-11-27 09:32:22,314 [WARN] ConditionMgr:438 - getConditionDescription Invalid condition id : UX DEVICE CLASS RTOS Condition cause : null
2023-11-27 09:32:22,314 [WARN] ConditionMgr:438 - getConditionDescription Invalid condition id : UX DEVICE CLASS RTOS Condition cause : null
2023-11-27 09:32:22,318 [WARN] PackLoader:240 - Cannot read IP mode file for STMicroelectronics.X-CUBE-AZRTOS-WB.2.0.0
2023-11-27 09:32:22,319 [WARN] ConditionMgr:1039 - genDependencies : Invalid condition id : UX DEVICE CLASS RTOS Condition cause : null
2023-11-27 09:32:22,319 [WARN] ConditionMgr:1039 - genDependencies : Invalid condition id : UX DEVICE CLASS RTOS Condition cause : null
2023-11-27 09:32:22,320 [WARN] ConditionMgr:1039 - genDependencies : Invalid condition id : UX DEVICE CLASS RTOS Condition cause : null
2023-11-27 09:32:22,321 [WARN] ConditionMgr:1039 - genDependencies : Invalid condition id : UX DEVICE CLASS RTOS Condition cause : null
2023-11-27 09:32:22,321 [WARN] ConditionMgr:1039 - genDependencies : Invalid condition id : UX DEVICE CLASS RTOS Condition cause : null
2023-11-27 09:32:22,373 [WARN] PackLoader:240 - Cannot read IP mode file for STMicroelectronics.X-CUBE-SUBG2.5.0.0
2023-11-27 09:32:22,416 [WARN] PackLoader:240 - Cannot read IP mode file for STMicroelectronics.X-CUBE-TOF1.3.3.1
2023-11-27 09:32:22,492 [WARN] PackLoader:240 - Cannot read IP mode file for STMicroelectronics.X-CUBE-AZRTOS-G4.2.0.0
2023-11-27 09:32:22,553 [WARN] PackLoader:240 - Cannot read IP mode file for Infineon.AIROC-Wi-Fi-Bluetooth-STM32.1.5.1
2023-11-27 09:32:22,597 [WARN] PackLoader:240 - Cannot read IP mode file for STMicroelectronics.FP-SNS-MOTENVWB1.1.3.0
2023-11-27 09:32:22,724 [WARN] PackLoader:240 - Cannot read IP mode file for STMicroelectronics.X-CUBE-MEMS1.10.0.0
2023-11-27 09:32:22,795 [INFO] WebApp:157 - Instantiating new browser for Auth
2023-11-27 09:32:22,947 [WARN] PackLoader:240 - Cannot read IP mode file for STMicroelectronics.X-CUBE-FREERTOS.1.1.0
2023-11-27 09:32:22,972 [WARN] PackLoader:240 - Cannot read IP mode file for portGmbH.I-Cube-SoM-uGOAL.1.1.0
2023-11-27 09:32:23,000 [WARN] PackLoader:240 - Cannot read IP mode file for STMicroelectronics.X-CUBE-ALS.1.0.1
2023-11-27 09:32:23,044 [WARN] PackLoader:240 - Cannot read IP mode file for STMicroelectronics.FP-ATR-ASTRA1.2.0.0
2023-11-27 09:32:23,085 [WARN] PackLoader:240 - Cannot read IP mode file for STMicroelectronics.X-CUBE-TOF1.3.4.0
2023-11-27 09:32:23,106 [INFO] ThirdParty:978 - Integrity check success = true
2023-11-27 09:32:23,107 [INFO] IntegrityCheckThread:100 - exiting critical section [integrity check]
2023-11-27 09:32:23,107 [INFO] IntegrityCheckThread:103 - End integrity checks thread
2023-11-27 09:32:24,168 [INFO] WebApp:753 - Register for checkConnection events
2023-11-27 09:32:24,168 [INFO] WebApp:390 - Apply proxy settings
2023-11-27 09:32:24,168 [INFO] WebApp:475 - Chromium requires no authentication
2023-11-27 09:32:24,182 [INFO] WebApp:418 - Direct internet connection detected
2023-11-27 09:32:24,391 [INFO] WebApp:188 - Starting web application
2023-11-27 09:32:24,392 [INFO] WebApp:520 - Web application path used C:\ST\STM32CubeIDE_1.13.0\STM32CubeIDE\plugins\com.st.stm32cube.common.mx_6.9.2.202309101412\db\plugins\mcufinder\reactClient1\index.html
2023-11-27 09:32:31,949 [ERROR] LogOutputStream:75 - [STDERR_REDIRECT] SLF4J: Failed to load class "org.slf4j.impl.StaticLoggerBinder".
2023-11-27 09:32:31,950 [ERROR] LogOutputStream:75 - [STDERR_REDIRECT] SLF4J: Defaulting to no-operation (NOP) logger implementation
2023-11-27 09:32:31,951 [ERROR] LogOutputStream:75 - [STDERR_REDIRECT] SLF4J: See http://www.slf4j.org/codes.html#StaticLoggerBinder for further details.
2023-11-27 12:56:46,656 [ERROR] LogOutputStream:75 - [STDERR_REDIRECT] 
2023-11-27 12:56:56,587 [INFO] Activator:176 - 


2023-11-27 12:56:56,589 [INFO] Activator:177 - !SESSION log4j initialized
2023-11-27 12:57:03,087 [INFO] LogOutputStream:77 - [STDOUT_REDIRECT] 
2023-11-27 12:57:04,286 [INFO] ApplicationProperties:184 - Using Application install path: C:\ST\STM32CubeIDE_1.13.0\STM32CubeIDE\plugins\com.st.stm32cube.common.mx_6.9.2.202309101412
2023-11-27 12:57:04,315 [INFO] DbMcusXml:78 - Set database path to: C:\ST\STM32CubeIDE_1.13.0\STM32CubeIDE\plugins\com.st.stm32cube.common.mx_6.9.2.202309101412\\db\/mcu/
2023-11-27 12:57:04,315 [INFO] ApiDb:274 - Set plugin database path to: C:\ST\STM32CubeIDE_1.13.0\STM32CubeIDE\plugins\com.st.stm32cube.common.mx_6.9.2.202309101412\\db\/plugins/boardmanager/
2023-11-27 12:57:04,316 [WARN] ApiDb:259 - Overriding images path with different value:  => C:\ST\STM32CubeIDE_1.13.0\STM32CubeIDE\plugins\com.st.stm32cube.common.mx_6.9.2.202309101412\\db\/plugins/mcufinder/images/
2023-11-27 12:57:04,333 [INFO] ApiDb:250 - Set database path to: C:\Users\98919\.stmcufinder\plugins\mcufinder//mcu/
2023-11-27 12:57:04,336 [INFO] DbMcusAds:125 - Set database path to: C:\Users\98919\.stmcufinder\plugins\mcufinder//mcu/
2023-11-27 12:57:04,339 [INFO] CrossReferenceDbSqlite:203 - Set database path to: C:\Users\98919\.stmcufinder\plugins\mcufinder//mcu/cs/
2023-11-27 12:57:04,483 [INFO] RulesReader:64 - Compatibility file has been processed (293 Rules)
2023-11-27 12:57:04,600 [INFO] DbMcusXml:78 - Set database path to: C:\ST\STM32CubeIDE_1.13.0\STM32CubeIDE\plugins\com.st.stm32cube.common.mx_6.9.2.202309101412\\db\/mcu/
2023-11-27 12:57:04,601 [INFO] ApiDb:274 - Set plugin database path to: C:\ST\STM32CubeIDE_1.13.0\STM32CubeIDE\plugins\com.st.stm32cube.common.mx_6.9.2.202309101412\\db\/plugins/boardmanager/
2023-11-27 12:57:04,601 [INFO] ApiDb:261 - Set plugin images path to: C:\ST\STM32CubeIDE_1.13.0\STM32CubeIDE\plugins\com.st.stm32cube.common.mx_6.9.2.202309101412\\db\/plugins/mcufinder/images/
2023-11-27 12:57:04,601 [WARN] DbFile:41 - Overriding database path with different value: C:\Users\98919\.stmcufinder\plugins\mcufinder/ => C:\Users\98919\.stmcufinder\plugins\mcufinder
2023-11-27 12:57:04,602 [INFO] ApiDb:250 - Set database path to: C:\Users\98919\.stmcufinder\plugins\mcufinder//mcu/
2023-11-27 12:57:04,602 [WARN] DbFile:41 - Overriding database path with different value: C:\Users\98919\.stmcufinder\plugins\mcufinder/ => C:\Users\98919\.stmcufinder\plugins\mcufinder
2023-11-27 12:57:04,602 [INFO] DbMcusAds:125 - Set database path to: C:\Users\98919\.stmcufinder\plugins\mcufinder//mcu/
2023-11-27 12:57:04,602 [WARN] DbFile:41 - Overriding database path with different value: C:\Users\98919\.stmcufinder\plugins\mcufinder/ => C:\Users\98919\.stmcufinder\plugins\mcufinder
2023-11-27 12:57:04,602 [WARN] DbFile:41 - Overriding database path with different value: C:\Users\98919\.stmcufinder\plugins\mcufinder/ => C:\Users\98919\.stmcufinder\plugins\mcufinder
2023-11-27 12:57:04,602 [INFO] CrossReferenceDbSqlite:203 - Set database path to: C:\Users\98919\.stmcufinder\plugins\mcufinder//mcu/cs/
2023-11-27 12:57:04,703 [INFO] MainPanel:262 - HeapMemory: 268435456
2023-11-27 12:57:04,791 [INFO] DbMcusXml:78 - Set database path to: C:\ST\STM32CubeIDE_1.13.0\STM32CubeIDE\plugins\com.st.stm32cube.common.mx_6.9.2.202309101412\\db\/mcu/
2023-11-27 12:57:04,791 [INFO] ApiDb:274 - Set plugin database path to: C:\ST\STM32CubeIDE_1.13.0\STM32CubeIDE\plugins\com.st.stm32cube.common.mx_6.9.2.202309101412\\db\/plugins/boardmanager/
2023-11-27 12:57:04,792 [INFO] ApiDb:261 - Set plugin images path to: C:\ST\STM32CubeIDE_1.13.0\STM32CubeIDE\plugins\com.st.stm32cube.common.mx_6.9.2.202309101412\\db\/plugins/mcufinder/images/
2023-11-27 12:57:04,792 [WARN] DbFile:41 - Overriding database path with different value: C:\Users\98919\.stmcufinder\plugins\mcufinder/ => C:\Users\98919\.stmcufinder\plugins\mcufinder
2023-11-27 12:57:04,792 [INFO] ApiDb:250 - Set database path to: C:\Users\98919\.stmcufinder\plugins\mcufinder//mcu/
2023-11-27 12:57:04,792 [WARN] DbFile:41 - Overriding database path with different value: C:\Users\98919\.stmcufinder\plugins\mcufinder/ => C:\Users\98919\.stmcufinder\plugins\mcufinder
2023-11-27 12:57:04,792 [INFO] DbMcusAds:125 - Set database path to: C:\Users\98919\.stmcufinder\plugins\mcufinder//mcu/
2023-11-27 12:57:04,793 [WARN] DbFile:41 - Overriding database path with different value: C:\Users\98919\.stmcufinder\plugins\mcufinder/ => C:\Users\98919\.stmcufinder\plugins\mcufinder
2023-11-27 12:57:04,793 [WARN] DbFile:41 - Overriding database path with different value: C:\Users\98919\.stmcufinder\plugins\mcufinder/ => C:\Users\98919\.stmcufinder\plugins\mcufinder
2023-11-27 12:57:04,793 [INFO] CrossReferenceDbSqlite:203 - Set database path to: C:\Users\98919\.stmcufinder\plugins\mcufinder//mcu/cs/
2023-11-27 12:57:04,813 [INFO] ApplicationProperties:184 - Using Application install path: C:\ST\STM32CubeIDE_1.13.0\STM32CubeIDE\plugins\com.st.stm32cube.common.mx_6.9.2.202309101412
2023-11-27 12:57:04,814 [INFO] PluginManage:196 - Search for loadable plugins [exclusion list=, ]
2023-11-27 12:57:04,816 [INFO] PluginManage:310 - Check plugin analytics
2023-11-27 12:57:05,021 [INFO] AnalyticsPlugin:253 - Accepted Software Licenses: 
2023-11-27 12:57:05,021 [INFO] AnalyticsPlugin:255 - Accepted CMSIS Pack Licenses: 
2023-11-27 12:57:05,022 [INFO] AnalyticsPlugin:257 - Accepted Firmware Licenses: FW.F4.1.27.0
2023-11-27 12:57:05,025 [INFO] PluginManage:359 - Loaded plugin analytics (category:tool,tabindex:-1)
2023-11-27 12:57:05,025 [INFO] PluginManage:310 - Check plugin cadmodel
2023-11-27 12:57:05,032 [INFO] CADModel:105 - Init CAD model plugin
2023-11-27 12:57:05,033 [INFO] PluginManage:359 - Loaded plugin cadmodel (category:power,tabindex:5)
2023-11-27 12:57:05,033 [INFO] PluginManage:310 - Check plugin clock
2023-11-27 12:57:05,044 [INFO] PluginManage:359 - Loaded plugin clock (category:base,tabindex:2)
2023-11-27 12:57:05,045 [INFO] PluginManage:310 - Check plugin ddr
2023-11-27 12:57:05,047 [INFO] PluginManage:359 - Loaded plugin ddr (category:tool,tabindex:6)
2023-11-27 12:57:05,047 [INFO] PluginManage:310 - Check plugin filemanager
2023-11-27 12:57:05,205 [INFO] PluginManage:359 - Loaded plugin filemanager (category:base,tabindex:10)
2023-11-27 12:57:05,205 [INFO] PluginManage:310 - Check plugin ipmanager
2023-11-27 12:57:05,214 [INFO] PluginManage:359 - Loaded plugin ipmanager (category:base,tabindex:5)
2023-11-27 12:57:05,214 [INFO] PluginManage:310 - Check plugin lpbam
2023-11-27 12:57:05,226 [INFO] PluginManage:359 - Loaded plugin lpbam (category:base,tabindex:0)
2023-11-27 12:57:05,226 [INFO] PluginManage:310 - Check plugin memorymap
2023-11-27 12:57:05,243 [INFO] PluginManage:359 - Loaded plugin memorymap (category:base,tabindex:4)
2023-11-27 12:57:05,244 [INFO] PluginManage:310 - Check plugin pinoutandconfiguration
2023-11-27 12:57:05,261 [INFO] PluginManage:359 - Loaded plugin pinoutandconfiguration (category:base,tabindex:1)
2023-11-27 12:57:05,262 [INFO] PluginManage:310 - Check plugin pinoutconfig
2023-11-27 12:57:05,439 [WARN] SupportedApi:132 - Cannot load RTOS API schema: s4s-elt-must-match.1: The content of 'definitions' must match (annotation?, (simpleType | complexType)?, (unique | key | keyref)*)). A problem was found starting at: attribute.
2023-11-27 12:57:05,716 [INFO] PluginManage:359 - Loaded plugin pinoutconfig (category:base,tabindex:0)
2023-11-27 12:57:05,717 [INFO] PluginManage:310 - Check plugin power
2023-11-27 12:57:05,731 [INFO] PluginManage:359 - Loaded plugin power (category:power,tabindex:4)
2023-11-27 12:57:05,731 [INFO] PluginManage:310 - Check plugin projectmanager
2023-11-27 12:57:05,765 [INFO] PluginManage:359 - Loaded plugin projectmanager (category:projectmanager,tabindex:3)
2023-11-27 12:57:05,765 [INFO] PluginManage:310 - Check plugin thirdparty
2023-11-27 12:57:06,017 [INFO] PluginManage:359 - Loaded plugin thirdparty (category:base,tabindex:-1)
2023-11-27 12:57:06,018 [INFO] PluginManage:310 - Check plugin tools
2023-11-27 12:57:06,023 [INFO] PluginManage:359 - Loaded plugin tools (category:base,tabindex:7)
2023-11-27 12:57:06,024 [INFO] PluginManage:310 - Check plugin tutovideos
2023-11-27 12:57:06,037 [WARN] IntegrityCheckThread:84 - waiting for thirdparty lock release [integrity check]
2023-11-27 12:57:06,039 [INFO] IntegrityCheckThread:86 - entering critical section [integrity check]
2023-11-27 12:57:06,041 [INFO] ThirdPartyUpdaterWithRetryManager:70 - Updater plugin not ready yet. [1/15]
2023-11-27 12:57:06,383 [INFO] PluginManage:359 - Loaded plugin tutovideos (category:base,tabindex:-1)
2023-11-27 12:57:06,383 [INFO] PluginManage:310 - Check plugin updater
2023-11-27 12:57:06,400 [INFO] PluginManage:359 - Loaded plugin updater (category:base,tabindex:12)
2023-11-27 12:57:06,400 [INFO] PluginManage:310 - Check plugin userauth
2023-11-27 12:57:06,408 [INFO] UserAuth:113 - Init User Auth plugin
2023-11-27 12:57:06,408 [INFO] PluginManage:359 - Loaded plugin userauth (category:base,tabindex:14)
2023-11-27 12:57:06,409 [INFO] PluginManage:283 - PluginManage : Loaded plugins [17]
2023-11-27 12:57:06,943 [INFO] PinOutPanel:1499 - setPackage(No Configuration,No Configuration)
2023-11-27 12:57:07,142 [INFO] CADModel:165 - CPN selected for project level
2023-11-27 12:57:07,142 [INFO] CADModel:114 - Register for checkConnection events
2023-11-27 12:57:07,165 [INFO] IPUIPlugin:80 - create IPUIPlugin
2023-11-27 12:57:07,165 [INFO] PluginManager:220 - loadIPPluginJar : add adc
2023-11-27 12:57:07,169 [INFO] IPUIPlugin:80 - create IPUIPlugin
2023-11-27 12:57:07,169 [INFO] PluginManager:220 - loadIPPluginJar : add aes
2023-11-27 12:57:07,173 [INFO] IPUIPlugin:80 - create IPUIPlugin
2023-11-27 12:57:07,173 [INFO] PluginManager:220 - loadIPPluginJar : add can
2023-11-27 12:57:07,175 [INFO] IPUIPlugin:80 - create IPUIPlugin
2023-11-27 12:57:07,176 [INFO] PluginManager:220 - loadIPPluginJar : add comp
2023-11-27 12:57:07,180 [INFO] IPUIPlugin:80 - create IPUIPlugin
2023-11-27 12:57:07,180 [INFO] PluginManager:220 - loadIPPluginJar : add cryp
2023-11-27 12:57:07,184 [INFO] IPUIPlugin:80 - create IPUIPlugin
2023-11-27 12:57:07,185 [INFO] PluginManager:220 - loadIPPluginJar : add dfsdm
2023-11-27 12:57:07,192 [INFO] IPUIPlugin:80 - create IPUIPlugin
2023-11-27 12:57:07,193 [INFO] PluginManager:220 - loadIPPluginJar : add dma
2023-11-27 12:57:07,197 [INFO] IPUIPlugin:80 - create IPUIPlugin
2023-11-27 12:57:07,197 [INFO] PluginManager:220 - loadIPPluginJar : add dma3
2023-11-27 12:57:07,200 [INFO] IPUIPlugin:80 - create IPUIPlugin
2023-11-27 12:57:07,201 [INFO] PluginManager:220 - loadIPPluginJar : add fatfs
2023-11-27 12:57:07,207 [INFO] IPUIPlugin:80 - create IPUIPlugin
2023-11-27 12:57:07,207 [INFO] PluginManager:220 - loadIPPluginJar : add fmc
2023-11-27 12:57:07,216 [INFO] IPUIPlugin:80 - create IPUIPlugin
2023-11-27 12:57:07,217 [INFO] PluginManager:220 - loadIPPluginJar : add freertos
2023-11-27 12:57:07,219 [INFO] IPUIPlugin:80 - create IPUIPlugin
2023-11-27 12:57:07,219 [INFO] PluginManager:220 - loadIPPluginJar : add genericplugin
2023-11-27 12:57:07,222 [INFO] IPUIPlugin:80 - create IPUIPlugin
2023-11-27 12:57:07,222 [INFO] PluginManager:220 - loadIPPluginJar : add gfxmmu
2023-11-27 12:57:07,228 [INFO] IPUIPlugin:80 - create IPUIPlugin
2023-11-27 12:57:07,228 [INFO] PluginManager:220 - loadIPPluginJar : add gic
2023-11-27 12:57:07,233 [INFO] IPUIPlugin:80 - create IPUIPlugin
2023-11-27 12:57:07,234 [INFO] PluginManager:220 - loadIPPluginJar : add gpio
2023-11-27 12:57:07,237 [INFO] IPUIPlugin:80 - create IPUIPlugin
2023-11-27 12:57:07,237 [INFO] PluginManager:220 - loadIPPluginJar : add gtzc
2023-11-27 12:57:07,240 [INFO] IPUIPlugin:80 - create IPUIPlugin
2023-11-27 12:57:07,240 [INFO] PluginManager:220 - loadIPPluginJar : add hash
2023-11-27 12:57:07,243 [INFO] IPUIPlugin:80 - create IPUIPlugin
2023-11-27 12:57:07,243 [INFO] PluginManager:220 - loadIPPluginJar : add i2c
2023-11-27 12:57:07,246 [INFO] IPUIPlugin:80 - create IPUIPlugin
2023-11-27 12:57:07,246 [INFO] PluginManager:220 - loadIPPluginJar : add i2s
2023-11-27 12:57:07,249 [INFO] IPUIPlugin:80 - create IPUIPlugin
2023-11-27 12:57:07,250 [INFO] PluginManager:220 - loadIPPluginJar : add i3c
2023-11-27 12:57:07,253 [INFO] IPUIPlugin:80 - create IPUIPlugin
2023-11-27 12:57:07,253 [INFO] PluginManager:220 - loadIPPluginJar : add ipddr
2023-11-27 12:57:07,261 [INFO] IPUIPlugin:80 - create IPUIPlugin
2023-11-27 12:57:07,261 [INFO] PluginManager:220 - loadIPPluginJar : add linkedlist
2023-11-27 12:57:07,264 [INFO] IPUIPlugin:80 - create IPUIPlugin
2023-11-27 12:57:07,264 [INFO] PluginManager:220 - loadIPPluginJar : add lorawan
2023-11-27 12:57:07,266 [INFO] IPUIPlugin:80 - create IPUIPlugin
2023-11-27 12:57:07,267 [INFO] PluginManager:220 - loadIPPluginJar : add ltdc
2023-11-27 12:57:07,273 [INFO] IPUIPlugin:80 - create IPUIPlugin
2023-11-27 12:57:07,273 [INFO] PluginManager:220 - loadIPPluginJar : add mdma
2023-11-27 12:57:07,279 [INFO] IPUIPlugin:80 - create IPUIPlugin
2023-11-27 12:57:07,279 [INFO] PluginManager:220 - loadIPPluginJar : add nvic
2023-11-27 12:57:07,283 [INFO] IPUIPlugin:80 - create IPUIPlugin
2023-11-27 12:57:07,283 [INFO] PluginManager:220 - loadIPPluginJar : add opamp
2023-11-27 12:57:07,286 [INFO] IPUIPlugin:80 - create IPUIPlugin
2023-11-27 12:57:07,286 [INFO] PluginManager:220 - loadIPPluginJar : add openamp
2023-11-27 12:57:07,291 [INFO] IPUIPlugin:80 - create IPUIPlugin
2023-11-27 12:57:07,291 [INFO] PluginManager:220 - loadIPPluginJar : add pdm2pcm
2023-11-27 12:57:07,300 [INFO] IPUIPlugin:80 - create IPUIPlugin
2023-11-27 12:57:07,303 [INFO] PluginManager:220 - loadIPPluginJar : add plateformsettings
2023-11-27 12:57:07,305 [INFO] IPUIPlugin:80 - create IPUIPlugin
2023-11-27 12:57:07,305 [INFO] PluginManager:220 - loadIPPluginJar : add quadspi
2023-11-27 12:57:07,310 [INFO] IPUIPlugin:80 - create IPUIPlugin
2023-11-27 12:57:07,310 [INFO] PluginManager:220 - loadIPPluginJar : add resmgrutility
2023-11-27 12:57:07,314 [INFO] IPUIPlugin:80 - create IPUIPlugin
2023-11-27 12:57:07,314 [INFO] PluginManager:220 - loadIPPluginJar : add sai
2023-11-27 12:57:07,317 [INFO] IPUIPlugin:80 - create IPUIPlugin
2023-11-27 12:57:07,317 [INFO] PluginManager:220 - loadIPPluginJar : add spi
2023-11-27 12:57:07,326 [INFO] IPUIPlugin:80 - create IPUIPlugin
2023-11-27 12:57:07,326 [INFO] PluginManager:220 - loadIPPluginJar : add stm32_wpan
2023-11-27 12:57:07,329 [INFO] IPUIPlugin:80 - create IPUIPlugin
2023-11-27 12:57:07,329 [INFO] PluginManager:220 - loadIPPluginJar : add tim
2023-11-27 12:57:07,335 [INFO] IPUIPlugin:80 - create IPUIPlugin
2023-11-27 12:57:07,335 [INFO] PluginManager:220 - loadIPPluginJar : add touchsensing
2023-11-27 12:57:07,339 [INFO] IPUIPlugin:80 - create IPUIPlugin
2023-11-27 12:57:07,339 [INFO] PluginManager:220 - loadIPPluginJar : add tracer_emb
2023-11-27 12:57:07,343 [INFO] IPUIPlugin:80 - create IPUIPlugin
2023-11-27 12:57:07,343 [INFO] PluginManager:220 - loadIPPluginJar : add ts
2023-11-27 12:57:07,346 [INFO] IPUIPlugin:80 - create IPUIPlugin
2023-11-27 12:57:07,346 [INFO] PluginManager:220 - loadIPPluginJar : add tsc
2023-11-27 12:57:07,350 [INFO] IPUIPlugin:80 - create IPUIPlugin
2023-11-27 12:57:07,350 [INFO] PluginManager:220 - loadIPPluginJar : add ucpd
2023-11-27 12:57:07,354 [INFO] IPUIPlugin:80 - create IPUIPlugin
2023-11-27 12:57:07,355 [INFO] PluginManager:220 - loadIPPluginJar : add usart
2023-11-27 12:57:07,360 [INFO] IPUIPlugin:80 - create IPUIPlugin
2023-11-27 12:57:07,361 [INFO] PluginManager:220 - loadIPPluginJar : add usbx
2023-11-27 12:57:07,517 [INFO] CADModel:165 - CPN selected for project level
2023-11-27 12:57:07,517 [INFO] CADModel:114 - Register for checkConnection events
2023-11-27 12:57:07,518 [FATAL] Updater:308 - Updater called before beeing initialized
2023-11-27 12:57:07,518 [ERROR] CADModel:125 - Updater not yet initialized, retry later 
2023-11-27 12:57:07,800 [INFO] CADModel:165 - CPN selected for project level
2023-11-27 12:57:07,800 [INFO] CADModel:114 - Register for checkConnection events
2023-11-27 12:57:07,800 [FATAL] Updater:308 - Updater called before beeing initialized
2023-11-27 12:57:07,801 [ERROR] CADModel:125 - Updater not yet initialized, retry later 
2023-11-27 12:57:07,807 [FATAL] Updater:308 - Updater called before beeing initialized
2023-11-27 12:57:07,998 [FATAL] Updater:308 - Updater called before beeing initialized
2023-11-27 12:57:08,007 [INFO] DbMcusAds:53 - JSON generation date=Tue Mar 07 12:20:55 IRST 2023 (1678179055335)
2023-11-27 12:57:08,007 [FATAL] Updater:308 - Updater called before beeing initialized
2023-11-27 12:57:08,069 [WARN] DetailPanel:346 - Failed to get advertising image, set to default
2023-11-27 12:57:08,200 [FATAL] Updater:308 - Updater called before beeing initialized
2023-11-27 12:57:08,202 [FATAL] Updater:308 - Updater called before beeing initialized
2023-11-27 12:57:08,202 [FATAL] Updater:308 - Updater called before beeing initialized
2023-11-27 12:57:08,202 [WARN] DetailPanel:346 - Failed to get advertising image, set to default
2023-11-27 12:57:08,203 [FATAL] Updater:308 - Updater called before beeing initialized
2023-11-27 12:57:08,257 [ERROR] Updater:1120 - MainUpdater not yet initialized. External WinMGr cannot be set.
2023-11-27 12:57:08,259 [INFO] Updater:1056 - Updater Version found : 6.9.2
2023-11-27 12:57:08,281 [INFO] ApplicationProperties:184 - Using Application install path: C:\ST\STM32CubeIDE_1.13.0\STM32CubeIDE\plugins\com.st.stm32cube.common.mx_6.9.2.202309101412
2023-11-27 12:57:09,043 [INFO] ThirdPartyUpdaterWithRetryManager:70 - Updater plugin not ready yet. [2/15]
2023-11-27 12:57:09,797 [INFO] MainUpdater:2868 - connection check result : 10
2023-11-27 12:57:09,798 [INFO] MainUpdater:285 - Updater Check For Update Now.
2023-11-27 12:57:09,799 [INFO] MicroXplorer:498 - Change Database Version : DB.6.0.92
2023-11-27 12:57:09,813 [INFO] McuFinderGlobals:63 - Set McuFinder mode to 2 (CubeIDE integrated)
2023-11-27 12:57:09,814 [INFO] UserAuth:179 - activating auth plugin
2023-11-27 12:57:09,819 [INFO] UserAuth:393 - Internet connection configuration mode: 1
2023-11-27 12:57:09,850 [INFO] JxBrowserEngine:151 - Initiate JxBrowser Engine with user profile folder
2023-11-27 12:57:10,025 [INFO] CheckServerUpdateThread:120 - End of CheckServer Thread
2023-11-27 12:57:10,676 [INFO] WebApp:157 - Instantiating new browser for Auth
2023-11-27 12:57:11,699 [INFO] WebApp:753 - Register for checkConnection events
2023-11-27 12:57:11,699 [INFO] WebApp:390 - Apply proxy settings
2023-11-27 12:57:11,700 [INFO] WebApp:475 - Chromium requires no authentication
2023-11-27 12:57:11,712 [INFO] WebApp:418 - Direct internet connection detected
2023-11-27 12:57:12,030 [INFO] WebApp:188 - Starting web application
2023-11-27 12:57:12,031 [INFO] WebApp:520 - Web application path used C:\ST\STM32CubeIDE_1.13.0\STM32CubeIDE\plugins\com.st.stm32cube.common.mx_6.9.2.202309101412\db\plugins\mcufinder\reactClient1\index.html
2023-11-27 12:57:12,359 [WARN] PackLoader:240 - Cannot read IP mode file for STMicroelectronics.X-CUBE-SMBUS.2.1.0
2023-11-27 12:57:12,428 [WARN] PackLoader:240 - Cannot read IP mode file for STMicroelectronics.X-CUBE-AZRTOS-F7.1.1.0
2023-11-27 12:57:12,454 [WARN] PackLoader:240 - Cannot read IP mode file for STMicroelectronics.FP-SNS-MOTENV1.4.3.2
2023-11-27 12:57:12,467 [WARN] PackLoader:240 - Cannot read IP mode file for STMicroelectronics.FP-SNS-FLIGHT1.5.0.2
2023-11-27 12:57:12,480 [WARN] PackLoader:240 - Cannot read IP mode file for STMicroelectronics.X-CUBE-DISPLAY.3.0.0
2023-11-27 12:57:12,501 [WARN] PackLoader:240 - Cannot read IP mode file for STMicroelectronics.X-CUBE-BLE1.7.0.0
2023-11-27 12:57:12,517 [WARN] PackLoader:240 - Cannot read IP mode file for emotas.I-CUBE-CANOPEN.1.3.0
2023-11-27 12:57:12,528 [WARN] PackLoader:240 - Cannot read IP mode file for STMicroelectronics.X-CUBE-TOUCHGFX.4.22.1
2023-11-27 12:57:12,535 [WARN] PackLoader:240 - Cannot read IP mode file for STMicroelectronics.FP-SNS-SMARTAG2.1.2.0
2023-11-27 12:57:12,558 [INFO] LogOutputStream:77 - [STDOUT_REDIRECT] 1 : Invalid condition id : UX_CORESTACK_Condition cause : null
2023-11-27 12:57:12,559 [INFO] LogOutputStream:77 - [STDOUT_REDIRECT] 1 : Invalid condition id : UX_CORESTACK_Condition cause : null
2023-11-27 12:57:12,562 [INFO] LogOutputStream:77 - [STDOUT_REDIRECT] 1 : Invalid condition id : UX_CORESTACK_Condition cause : null
2023-11-27 12:57:12,564 [INFO] LogOutputStream:77 - [STDOUT_REDIRECT] 1 : Invalid condition id : UX_CORESTACK_Condition cause : null
2023-11-27 12:57:12,567 [INFO] LogOutputStream:77 - [STDOUT_REDIRECT] 1 : Invalid condition id : UX_CORESTACK_Condition cause : null
2023-11-27 12:57:12,577 [WARN] PackLoader:240 - Cannot read IP mode file for STMicroelectronics.X-CUBE-AZRTOS-WL.2.0.0
2023-11-27 12:57:12,594 [WARN] PackLoader:240 - Cannot read IP mode file for WES.I-CUBE-Cesium.1.3.0
2023-11-27 12:57:12,603 [WARN] PackLoader:240 - Cannot read IP mode file for STMicroelectronics.X-CUBE-BLE2.3.3.0
2023-11-27 12:57:12,616 [WARN] PackLoader:240 - Cannot read IP mode file for STMicroelectronics.X-CUBE-ALGOBUILD.1.3.0
2023-11-27 12:57:12,656 [WARN] PackLoader:240 - Cannot read IP mode file for STMicroelectronics.X-CUBE-AZRTOS-G0.1.1.0
2023-11-27 12:57:12,669 [WARN] PackLoader:240 - Cannot read IP mode file for STMicroelectronics.X-CUBE-NFC4.3.0.0
2023-11-27 12:57:12,680 [WARN] PackLoader:240 - Cannot read IP mode file for STMicroelectronics.FP-ATR-SIGFOX1.3.2.0
2023-11-27 12:57:12,738 [WARN] PackLoader:240 - Cannot read IP mode file for SEGGER.I-CUBE-embOS.1.3.1
2023-11-27 12:57:12,800 [WARN] PackLoader:240 - Cannot read IP mode file for STMicroelectronics.X-CUBE-GNSS1.6.0.0
2023-11-27 12:57:12,818 [WARN] PackLoader:240 - Cannot read IP mode file for STMicroelectronics.X-CUBE-AZRTOS-F4.1.1.0
2023-11-27 12:57:12,828 [WARN] PackLoader:240 - Cannot read IP mode file for wolfSSL.I-CUBE-wolfSSL.5.6.3
2023-11-27 12:57:12,849 [WARN] PackLoader:240 - Cannot read IP mode file for STMicroelectronics.X-CUBE-AZRTOS-L5.2.0.0
2023-11-27 12:57:12,935 [WARN] PackLoader:240 - Cannot read IP mode file for STMicroelectronics.X-CUBE-MEMS1.9.6.0
2023-11-27 12:57:13,259 [WARN] PackLoader:240 - Cannot read IP mode file for ITTIA_DB.I-CUBE-ITTIADB.8.8.0
2023-11-27 12:57:13,271 [WARN] PackLoader:240 - Cannot read IP mode file for STMicroelectronics.X-CUBE-BLEMGR.2.0.0
2023-11-27 12:57:13,296 [WARN] ConditionMgr:438 - getConditionDescription Invalid condition id : UX DEVICE CLASS RTOS Condition cause : null
2023-11-27 12:57:13,297 [WARN] ConditionMgr:438 - getConditionDescription Invalid condition id : UX DEVICE CLASS RTOS Condition cause : null
2023-11-27 12:57:13,302 [WARN] PackLoader:240 - Cannot read IP mode file for STMicroelectronics.X-CUBE-AZRTOS-H7.3.1.0
2023-11-27 12:57:13,304 [WARN] ConditionMgr:1039 - genDependencies : Invalid condition id : UX DEVICE CLASS RTOS Condition cause : null
2023-11-27 12:57:13,304 [WARN] ConditionMgr:1039 - genDependencies : Invalid condition id : UX DEVICE CLASS RTOS Condition cause : null
2023-11-27 12:57:13,305 [WARN] ConditionMgr:1039 - genDependencies : Invalid condition id : UX DEVICE CLASS RTOS Condition cause : null
2023-11-27 12:57:13,306 [WARN] ConditionMgr:1039 - genDependencies : Invalid condition id : UX DEVICE CLASS RTOS Condition cause : null
2023-11-27 12:57:13,306 [WARN] ConditionMgr:1039 - genDependencies : Invalid condition id : UX DEVICE CLASS RTOS Condition cause : null
2023-11-27 12:57:13,317 [WARN] PackLoader:240 - Cannot read IP mode file for STMicroelectronics.X-CUBE-NFC7.1.0.1
2023-11-27 12:57:13,328 [WARN] PackLoader:240 - Cannot read IP mode file for STMicroelectronics.X-CUBE-NFC6.3.0.0
2023-11-27 12:57:13,335 [WARN] PackLoader:240 - Cannot read IP mode file for STMicroelectronics.X-CUBE-EEPRMA1.4.1.0
2023-11-27 12:57:13,341 [WARN] PackLoader:240 - Cannot read IP mode file for STMicroelectronics.X-CUBE-AI.8.1.0
2023-11-27 12:57:13,369 [WARN] ConditionMgr:438 - getConditionDescription Invalid condition id : LAN8742 Phy interface Condition cause : null
2023-11-27 12:57:13,370 [WARN] PackLoader:240 - Cannot read IP mode file for STMicroelectronics.X-CUBE-AZRTOS-L4.2.0.0
2023-11-27 12:57:13,372 [WARN] ConditionMgr:1039 - genDependencies : Invalid condition id : LAN8742 Phy interface Condition cause : null
2023-11-27 12:57:13,372 [WARN] ConditionMgr:1039 - genDependencies : Invalid condition id : LAN8742 Phy interface Condition cause : null
2023-11-27 12:57:13,374 [WARN] ConditionMgr:1039 - genDependencies : Invalid condition id : LAN8742 Phy interface Condition cause : null
2023-11-27 12:57:13,385 [WARN] PackLoader:240 - Cannot read IP mode file for STMicroelectronics.X-CUBE-SFXS2LP1.4.0.0
2023-11-27 12:57:13,393 [WARN] PackLoader:240 - Cannot read IP mode file for STMicroelectronics.X-CUBE-ISPU.1.1.0
2023-11-27 12:57:13,405 [WARN] ConditionMgr:438 - getConditionDescription Invalid condition id : UX DEVICE CLASS RTOS Condition cause : null
2023-11-27 12:57:13,406 [WARN] ConditionMgr:438 - getConditionDescription Invalid condition id : UX DEVICE CLASS RTOS Condition cause : null
2023-11-27 12:57:13,409 [WARN] PackLoader:240 - Cannot read IP mode file for STMicroelectronics.X-CUBE-AZRTOS-WB.2.0.0
2023-11-27 12:57:13,410 [WARN] ConditionMgr:1039 - genDependencies : Invalid condition id : UX DEVICE CLASS RTOS Condition cause : null
2023-11-27 12:57:13,410 [WARN] ConditionMgr:1039 - genDependencies : Invalid condition id : UX DEVICE CLASS RTOS Condition cause : null
2023-11-27 12:57:13,411 [WARN] ConditionMgr:1039 - genDependencies : Invalid condition id : UX DEVICE CLASS RTOS Condition cause : null
2023-11-27 12:57:13,412 [WARN] ConditionMgr:1039 - genDependencies : Invalid condition id : UX DEVICE CLASS RTOS Condition cause : null
2023-11-27 12:57:13,412 [WARN] ConditionMgr:1039 - genDependencies : Invalid condition id : UX DEVICE CLASS RTOS Condition cause : null
2023-11-27 12:57:13,426 [WARN] PackLoader:240 - Cannot read IP mode file for STMicroelectronics.X-CUBE-SUBG2.5.0.0
2023-11-27 12:57:13,446 [WARN] PackLoader:240 - Cannot read IP mode file for STMicroelectronics.X-CUBE-TOF1.3.3.1
2023-11-27 12:57:13,471 [WARN] PackLoader:240 - Cannot read IP mode file for STMicroelectronics.X-CUBE-AZRTOS-G4.2.0.0
2023-11-27 12:57:13,491 [WARN] PackLoader:240 - Cannot read IP mode file for Infineon.AIROC-Wi-Fi-Bluetooth-STM32.1.5.1
2023-11-27 12:57:13,500 [WARN] PackLoader:240 - Cannot read IP mode file for STMicroelectronics.FP-SNS-MOTENVWB1.1.3.0
2023-11-27 12:57:13,552 [WARN] PackLoader:240 - Cannot read IP mode file for STMicroelectronics.X-CUBE-MEMS1.10.0.0
2023-11-27 12:57:13,728 [WARN] PackLoader:240 - Cannot read IP mode file for STMicroelectronics.X-CUBE-FREERTOS.1.1.0
2023-11-27 12:57:13,737 [WARN] PackLoader:240 - Cannot read IP mode file for portGmbH.I-Cube-SoM-uGOAL.1.1.0
2023-11-27 12:57:13,743 [WARN] PackLoader:240 - Cannot read IP mode file for STMicroelectronics.X-CUBE-ALS.1.0.1
2023-11-27 12:57:13,749 [WARN] PackLoader:240 - Cannot read IP mode file for STMicroelectronics.FP-ATR-ASTRA1.2.0.0
2023-11-27 12:57:13,763 [WARN] PackLoader:240 - Cannot read IP mode file for STMicroelectronics.X-CUBE-TOF1.3.4.0
2023-11-27 12:57:13,773 [INFO] ThirdParty:978 - Integrity check success = true
2023-11-27 12:57:13,773 [INFO] IntegrityCheckThread:100 - exiting critical section [integrity check]
2023-11-27 12:57:13,773 [INFO] IntegrityCheckThread:103 - End integrity checks thread
2023-11-27 12:57:24,563 [ERROR] LogOutputStream:75 - [STDERR_REDIRECT] SLF4J: Failed to load class "org.slf4j.impl.StaticLoggerBinder".
2023-11-27 12:57:24,564 [ERROR] LogOutputStream:75 - [STDERR_REDIRECT] SLF4J: Defaulting to no-operation (NOP) logger implementation
2023-11-27 12:57:24,567 [ERROR] LogOutputStream:75 - [STDERR_REDIRECT] SLF4J: See http://www.slf4j.org/codes.html#StaticLoggerBinder for further details.
2023-11-27 19:42:16,702 [ERROR] LogOutputStream:75 - [STDERR_REDIRECT] 
